[0.000000] (-) TimerEvent: {}
[0.000632] (challenge) JobQueued: {'identifier': 'challenge', 'dependencies': OrderedDict()}
[0.001534] (challenge) JobStarted: {'identifier': 'challenge'}
[0.014797] (challenge) JobProgress: {'identifier': 'challenge', 'progress': 'cmake'}
[0.015996] (challenge) JobProgress: {'identifier': 'challenge', 'progress': 'build'}
[0.017235] (challenge) Command: {'cmd': ['/usr/bin/cmake', '--build', '/home/jared/subbot/software-start-here/build/challenge', '--', '-j8', '-l8'], 'cwd': '/home/jared/subbot/software-start-here/build/challenge', 'env': OrderedDict([('LANGUAGE', 'en_CA:en'), ('USER', 'jared'), ('SSH_AGENT_PID', '1696'), ('XDG_SESSION_TYPE', 'x11'), ('SHLVL', '1'), ('LD_LIBRARY_PATH', '/usr/lib/x86_64-linux-gnu/gazebo-11/plugins:/opt/ros/foxy/opt/yaml_cpp_vendor/lib:/opt/ros/foxy/opt/rviz_ogre_vendor/lib:/opt/ros/foxy/lib/x86_64-linux-gnu:/opt/ros/foxy/lib'), ('HOME', '/home/jared'), ('OLDPWD', '/home/jared/subbot/software-start-here/src'), ('DESKTOP_SESSION', 'ubuntu'), ('ROS_PYTHON_VERSION', '3'), ('GNOME_SHELL_SESSION_MODE', 'ubuntu'), ('GTK_MODULES', 'gail:atk-bridge'), ('MANAGERPID', '1506'), ('DBUS_SESSION_BUS_ADDRESS', 'unix:path=/run/user/1000/bus'), ('COLORTERM', 'truecolor'), ('_colcon_cd_root', '/home/jared/ros2_install'), ('IM_CONFIG_PHASE', '1'), ('ROS_DISTRO', 'foxy'), ('LOGNAME', 'jared'), ('JOURNAL_STREAM', '9:45149'), ('_', '/usr/bin/colcon'), ('ROS_VERSION', '2'), ('XDG_SESSION_CLASS', 'user'), ('USERNAME', 'jared'), ('TERM', 'xterm-256color'), ('GNOME_DESKTOP_SESSION_ID', 'this-is-deprecated'), ('ROS_LOCALHOST_ONLY', '0'), ('WINDOWPATH', '2'), ('PATH', '/opt/ros/foxy/bin:/home/jared/.local/bin:/usr/local/sbin:/usr/local/bin:/usr/sbin:/usr/bin:/sbin:/bin:/usr/games:/usr/local/games:/snap/bin:/root/.gem/ruby/2.7.0/bin:/home/jared/.gem/ruby/2.7.0/bin:/home/jared/scripts'), ('SESSION_MANAGER', 'local/jubuntu:@/tmp/.ICE-unix/1739,unix/jubuntu:/tmp/.ICE-unix/1739'), ('INVOCATION_ID', 'e41a210809414c5c8b9a68304b16fc69'), ('XDG_MENU_PREFIX', 'gnome-'), ('GNOME_TERMINAL_SCREEN', '/org/gnome/Terminal/screen/903603fd_18ce_4b9a_81f1_2cf64c9671c6'), ('XDG_RUNTIME_DIR', '/run/user/1000'), ('DISPLAY', ':0'), ('LANG', 'en_US.UTF-8'), ('XDG_CURRENT_DESKTOP', 'ubuntu:GNOME'), ('XMODIFIERS', '@im=ibus'), ('XDG_SESSION_DESKTOP', 'ubuntu'), ('XAUTHORITY', '/run/user/1000/gdm/Xauthority'), ('GNOME_TERMINAL_SERVICE', ':1.124'), ('SSH_AUTH_SOCK', '/run/user/1000/keyring/ssh'), ('AMENT_PREFIX_PATH', '/opt/ros/foxy'), ('SHELL', '/bin/bash'), ('QT_ACCESSIBILITY', '1'), ('GDMSESSION', 'ubuntu'), ('GPG_AGENT_INFO', '/run/user/1000/gnupg/S.gpg-agent:0:1'), ('QT_IM_MODULE', 'ibus'), ('PWD', '/home/jared/subbot/software-start-here/build/challenge'), ('LC_ALL', 'en_US.UTF-8'), ('XDG_CONFIG_DIRS', '/etc/xdg/xdg-ubuntu:/etc/xdg'), ('XDG_DATA_DIRS', '/usr/share/ubuntu:/usr/local/share/:/usr/share/:/var/lib/snapd/desktop'), ('PYTHONPATH', '/opt/ros/foxy/lib/python3.8/site-packages'), ('COLCON', '1'), ('VTE_VERSION', '6003'), ('EDITOR', '/usr/bin/vim'), ('CMAKE_PREFIX_PATH', '/opt/ros/foxy')]), 'shell': False}
[0.065930] (challenge) StdoutLine: {'line': b'\x1b[35m\x1b[1mScanning dependencies of target solution\x1b[0m\n'}
[0.094724] (challenge) StdoutLine: {'line': b'[ 50%] \x1b[32mBuilding CXX object CMakeFiles/solution.dir/src/solution.cpp.o\x1b[0m\n'}
[0.099984] (-) TimerEvent: {}
[0.200418] (-) TimerEvent: {}
[0.300819] (-) TimerEvent: {}
[0.401215] (-) TimerEvent: {}
[0.501596] (-) TimerEvent: {}
[0.601981] (-) TimerEvent: {}
[0.702356] (-) TimerEvent: {}
[0.802700] (-) TimerEvent: {}
[0.903083] (-) TimerEvent: {}
[1.003545] (-) TimerEvent: {}
[1.103941] (-) TimerEvent: {}
[1.204386] (-) TimerEvent: {}
[1.304834] (-) TimerEvent: {}
[1.405136] (-) TimerEvent: {}
[1.420669] (challenge) StderrLine: {'line': b'\x1b[01m\x1b[K/home/jared/subbot/software-start-here/src/challenge/src/solution.cpp:\x1b[m\x1b[K In constructor \xe2\x80\x98\x1b[01m\x1b[Ksolution::solution()\x1b[m\x1b[K\xe2\x80\x99:\n'}
[1.420901] (challenge) StderrLine: {'line': b'\x1b[01m\x1b[K/home/jared/subbot/software-start-here/src/challenge/src/solution.cpp:17:32:\x1b[m\x1b[K \x1b[01;31m\x1b[Kerror: \x1b[m\x1b[Kno matching function for call to \xe2\x80\x98\x1b[01m\x1b[Krclcpp::Publisher<geometry_msgs::msg::Twist_<std::allocator<void> > >::Publisher()\x1b[m\x1b[K\xe2\x80\x99\n'}
[1.421077] (challenge) StderrLine: {'line': b'   17 |     : Node("solution"), time_(0\x1b[01;31m\x1b[K)\x1b[m\x1b[K\n'}
[1.421207] (challenge) StderrLine: {'line': b'      |                                \x1b[01;31m\x1b[K^\x1b[m\x1b[K\n'}
[1.421324] (challenge) StderrLine: {'line': b'In file included from \x1b[01m\x1b[K/opt/ros/foxy/include/rclcpp/topic_statistics/subscription_topic_statistics.hpp:31\x1b[m\x1b[K,\n'}
[1.421438] (challenge) StderrLine: {'line': b'                 from \x1b[01m\x1b[K/opt/ros/foxy/include/rclcpp/subscription.hpp:50\x1b[m\x1b[K,\n'}
[1.421550] (challenge) StderrLine: {'line': b'                 from \x1b[01m\x1b[K/opt/ros/foxy/include/rclcpp/any_executable.hpp:25\x1b[m\x1b[K,\n'}
[1.421661] (challenge) StderrLine: {'line': b'                 from \x1b[01m\x1b[K/opt/ros/foxy/include/rclcpp/memory_strategy.hpp:24\x1b[m\x1b[K,\n'}
[1.421771] (challenge) StderrLine: {'line': b'                 from \x1b[01m\x1b[K/opt/ros/foxy/include/rclcpp/memory_strategies.hpp:18\x1b[m\x1b[K,\n'}
[1.421881] (challenge) StderrLine: {'line': b'                 from \x1b[01m\x1b[K/opt/ros/foxy/include/rclcpp/executor_options.hpp:20\x1b[m\x1b[K,\n'}
[1.421990] (challenge) StderrLine: {'line': b'                 from \x1b[01m\x1b[K/opt/ros/foxy/include/rclcpp/executor.hpp:33\x1b[m\x1b[K,\n'}
[1.422100] (challenge) StderrLine: {'line': b'                 from \x1b[01m\x1b[K/opt/ros/foxy/include/rclcpp/executors/multi_threaded_executor.hpp:25\x1b[m\x1b[K,\n'}
[1.422211] (challenge) StderrLine: {'line': b'                 from \x1b[01m\x1b[K/opt/ros/foxy/include/rclcpp/executors.hpp:21\x1b[m\x1b[K,\n'}
[1.422321] (challenge) StderrLine: {'line': b'                 from \x1b[01m\x1b[K/opt/ros/foxy/include/rclcpp/rclcpp.hpp:146\x1b[m\x1b[K,\n'}
[1.422431] (challenge) StderrLine: {'line': b'                 from \x1b[01m\x1b[K/home/jared/subbot/software-start-here/src/challenge/src/solution.cpp:8\x1b[m\x1b[K:\n'}
[1.422541] (challenge) StderrLine: {'line': b'\x1b[01m\x1b[K/opt/ros/foxy/include/rclcpp/publisher.hpp:73:3:\x1b[m\x1b[K \x1b[01;36m\x1b[Knote: \x1b[m\x1b[Kcandidate: \xe2\x80\x98\x1b[01m\x1b[Krclcpp::Publisher<MessageT, AllocatorT>::Publisher(rclcpp::node_interfaces::NodeBaseInterface*, const string&, const rclcpp::QoS&, const rclcpp::PublisherOptionsWithAllocator<AllocatorT>&) [with MessageT = geometry_msgs::msg::Twist_<std::allocator<void> >; AllocatorT = std::allocator<void>; std::string = std::__cxx11::basic_string<char>]\x1b[m\x1b[K\xe2\x80\x99\n'}
[1.422658] (challenge) StderrLine: {'line': b'   73 |   \x1b[01;36m\x1b[KPublisher\x1b[m\x1b[K(\n'}
[1.422769] (challenge) StderrLine: {'line': b'      |   \x1b[01;36m\x1b[K^~~~~~~~~\x1b[m\x1b[K\n'}
[1.422878] (challenge) StderrLine: {'line': b'\x1b[01m\x1b[K/opt/ros/foxy/include/rclcpp/publisher.hpp:73:3:\x1b[m\x1b[K \x1b[01;36m\x1b[Knote: \x1b[m\x1b[K  candidate expects 4 arguments, 0 provided\n'}
[1.422988] (challenge) StderrLine: {'line': b'\x1b[01m\x1b[K/opt/ros/foxy/include/rclcpp/publisher.hpp:51:7:\x1b[m\x1b[K \x1b[01;36m\x1b[Knote: \x1b[m\x1b[Kcandidate: \xe2\x80\x98\x1b[01m\x1b[Krclcpp::Publisher<geometry_msgs::msg::Twist_<std::allocator<void> > >::Publisher(const rclcpp::Publisher<geometry_msgs::msg::Twist_<std::allocator<void> > >&)\x1b[m\x1b[K\xe2\x80\x99\n'}
[1.423105] (challenge) StderrLine: {'line': b'   51 | class \x1b[01;36m\x1b[KPublisher\x1b[m\x1b[K : public PublisherBase\n'}
[1.423216] (challenge) StderrLine: {'line': b'      |       \x1b[01;36m\x1b[K^~~~~~~~~\x1b[m\x1b[K\n'}
[1.423326] (challenge) StderrLine: {'line': b'\x1b[01m\x1b[K/opt/ros/foxy/include/rclcpp/publisher.hpp:51:7:\x1b[m\x1b[K \x1b[01;36m\x1b[Knote: \x1b[m\x1b[K  candidate expects 1 argument, 0 provided\n'}
[1.425741] (challenge) StderrLine: {'line': b'\x1b[01m\x1b[K/home/jared/subbot/software-start-here/src/challenge/src/solution.cpp:19:92:\x1b[m\x1b[K \x1b[01;31m\x1b[Kerror: \x1b[m\x1b[Kno match for \xe2\x80\x98\x1b[01m\x1b[Koperator=\x1b[m\x1b[K\xe2\x80\x99 (operand types are \xe2\x80\x98\x1b[01m\x1b[Krclcpp::Publisher<geometry_msgs::msg::Twist_<std::allocator<void> > >\x1b[m\x1b[K\xe2\x80\x99 and \xe2\x80\x98\x1b[01m\x1b[Kstd::shared_ptr<rclcpp::Publisher<geometry_msgs::msg::Twist_<std::allocator<void> > > >\x1b[m\x1b[K\xe2\x80\x99)\n'}
[1.426090] (challenge) StderrLine: {'line': b'   19 |       publisher_ = this->create_publisher<geometry_msgs::msg::Twist>("/turtle1/cmd_vel", 10\x1b[01;31m\x1b[K)\x1b[m\x1b[K;\n'}
[1.426261] (challenge) StderrLine: {'line': b'      |                                                                                            \x1b[01;31m\x1b[K^\x1b[m\x1b[K\n'}
[1.426398] (challenge) StderrLine: {'line': b'In file included from \x1b[01m\x1b[K/opt/ros/foxy/include/rclcpp/topic_statistics/subscription_topic_statistics.hpp:31\x1b[m\x1b[K,\n'}
[1.426543] (challenge) StderrLine: {'line': b'                 from \x1b[01m\x1b[K/opt/ros/foxy/include/rclcpp/subscription.hpp:50\x1b[m\x1b[K,\n'}
[1.426678] (challenge) StderrLine: {'line': b'                 from \x1b[01m\x1b[K/opt/ros/foxy/include/rclcpp/any_executable.hpp:25\x1b[m\x1b[K,\n'}
[1.426803] (challenge) StderrLine: {'line': b'                 from \x1b[01m\x1b[K/opt/ros/foxy/include/rclcpp/memory_strategy.hpp:24\x1b[m\x1b[K,\n'}
[1.426924] (challenge) StderrLine: {'line': b'                 from \x1b[01m\x1b[K/opt/ros/foxy/include/rclcpp/memory_strategies.hpp:18\x1b[m\x1b[K,\n'}
[1.427063] (challenge) StderrLine: {'line': b'                 from \x1b[01m\x1b[K/opt/ros/foxy/include/rclcpp/executor_options.hpp:20\x1b[m\x1b[K,\n'}
[1.427190] (challenge) StderrLine: {'line': b'                 from \x1b[01m\x1b[K/opt/ros/foxy/include/rclcpp/executor.hpp:33\x1b[m\x1b[K,\n'}
[1.427324] (challenge) StderrLine: {'line': b'                 from \x1b[01m\x1b[K/opt/ros/foxy/include/rclcpp/executors/multi_threaded_executor.hpp:25\x1b[m\x1b[K,\n'}
[1.427450] (challenge) StderrLine: {'line': b'                 from \x1b[01m\x1b[K/opt/ros/foxy/include/rclcpp/executors.hpp:21\x1b[m\x1b[K,\n'}
[1.427582] (challenge) StderrLine: {'line': b'                 from \x1b[01m\x1b[K/opt/ros/foxy/include/rclcpp/rclcpp.hpp:146\x1b[m\x1b[K,\n'}
[1.427711] (challenge) StderrLine: {'line': b'                 from \x1b[01m\x1b[K/home/jared/subbot/software-start-here/src/challenge/src/solution.cpp:8\x1b[m\x1b[K:\n'}
[1.427836] (challenge) StderrLine: {'line': b'\x1b[01m\x1b[K/opt/ros/foxy/include/rclcpp/publisher.hpp:51:7:\x1b[m\x1b[K \x1b[01;36m\x1b[Knote: \x1b[m\x1b[Kcandidate: \xe2\x80\x98\x1b[01m\x1b[Krclcpp::Publisher<geometry_msgs::msg::Twist_<std::allocator<void> > >& rclcpp::Publisher<geometry_msgs::msg::Twist_<std::allocator<void> > >::operator=(const rclcpp::Publisher<geometry_msgs::msg::Twist_<std::allocator<void> > >&)\x1b[m\x1b[K\xe2\x80\x99 <deleted>\n'}
[1.427968] (challenge) StderrLine: {'line': b'   51 | class \x1b[01;36m\x1b[KPublisher\x1b[m\x1b[K : public PublisherBase\n'}
[1.428107] (challenge) StderrLine: {'line': b'      |       \x1b[01;36m\x1b[K^~~~~~~~~\x1b[m\x1b[K\n'}
[1.428230] (challenge) StderrLine: {'line': b'\x1b[01m\x1b[K/opt/ros/foxy/include/rclcpp/publisher.hpp:51:7:\x1b[m\x1b[K \x1b[01;36m\x1b[Knote: \x1b[m\x1b[K  no known conversion for argument 1 from \xe2\x80\x98\x1b[01m\x1b[Kstd::shared_ptr<rclcpp::Publisher<geometry_msgs::msg::Twist_<std::allocator<void> > > >\x1b[m\x1b[K\xe2\x80\x99 to \xe2\x80\x98\x1b[01m\x1b[Kconst rclcpp::Publisher<geometry_msgs::msg::Twist_<std::allocator<void> > >&\x1b[m\x1b[K\xe2\x80\x99\n'}
[1.428378] (challenge) StderrLine: {'line': b'\x1b[01m\x1b[K/home/jared/subbot/software-start-here/src/challenge/src/solution.cpp:21:9:\x1b[m\x1b[K \x1b[01;31m\x1b[Kerror: \x1b[m\x1b[Kunable to find numeric literal operator \xe2\x80\x98\x1b[01m\x1b[Koperator""ms\x1b[m\x1b[K\xe2\x80\x99\n'}
[1.428514] (challenge) StderrLine: {'line': b'   21 |         \x1b[01;31m\x1b[K10ms\x1b[m\x1b[K, std::bind(&solution::sine_motion, this);\n'}
[1.428637] (challenge) StderrLine: {'line': b'      |         \x1b[01;31m\x1b[K^~~~\x1b[m\x1b[K\n'}
[1.433340] (challenge) StderrLine: {'line': b'\x1b[01m\x1b[K/home/jared/subbot/software-start-here/src/challenge/src/solution.cpp:21:54:\x1b[m\x1b[K \x1b[01;31m\x1b[Kerror: \x1b[m\x1b[Kexpected \xe2\x80\x98\x1b[01m\x1b[K)\x1b[m\x1b[K\xe2\x80\x99 before \xe2\x80\x98\x1b[01m\x1b[K;\x1b[m\x1b[K\xe2\x80\x99 token\n'}
[1.433538] (challenge) StderrLine: {'line': b'   21 |         10ms, std::bind(&solution::sine_motion, this)\x1b[01;31m\x1b[K;\x1b[m\x1b[K\n'}
[1.433656] (challenge) StderrLine: {'line': b'      |                                                      \x1b[01;31m\x1b[K^\x1b[m\x1b[K\n'}
[1.433776] (challenge) StderrLine: {'line': b'      |                                                      \x1b[32m\x1b[K)\x1b[m\x1b[K\n'}
[1.434171] (challenge) StderrLine: {'line': b'\x1b[01m\x1b[K/home/jared/subbot/software-start-here/src/challenge/src/solution.cpp:20:39:\x1b[m\x1b[K \x1b[01;36m\x1b[Knote: \x1b[m\x1b[Kto match this \xe2\x80\x98\x1b[01m\x1b[K(\x1b[m\x1b[K\xe2\x80\x99\n'}
[1.434253] (challenge) StderrLine: {'line': b'   20 |       timer_ = this->create_wall_timer\x1b[01;36m\x1b[K(\x1b[m\x1b[K\n'}
[1.434322] (challenge) StderrLine: {'line': b'      |                                       \x1b[01;36m\x1b[K^\x1b[m\x1b[K\n'}
[1.434386] (challenge) StderrLine: {'line': b'\x1b[01m\x1b[K/home/jared/subbot/software-start-here/src/challenge/src/solution.cpp:22:7:\x1b[m\x1b[K \x1b[01;31m\x1b[Kerror: \x1b[m\x1b[Kexpected primary-expression before \xe2\x80\x98\x1b[01m\x1b[K)\x1b[m\x1b[K\xe2\x80\x99 token\n'}
[1.434451] (challenge) StderrLine: {'line': b'   22 |       \x1b[01;31m\x1b[K)\x1b[m\x1b[K\n'}
[1.434513] (challenge) StderrLine: {'line': b'      |       \x1b[01;31m\x1b[K^\x1b[m\x1b[K\n'}
[1.434575] (challenge) StderrLine: {'line': b'\x1b[01m\x1b[K/home/jared/subbot/software-start-here/src/challenge/src/solution.cpp:\x1b[m\x1b[K In member function \xe2\x80\x98\x1b[01m\x1b[Kvoid solution::sine_motion()\x1b[m\x1b[K\xe2\x80\x99:\n'}
[1.434758] (challenge) StderrLine: {'line': b'\x1b[01m\x1b[K/home/jared/subbot/software-start-here/src/challenge/src/solution.cpp:29:102:\x1b[m\x1b[K \x1b[01;31m\x1b[Kerror: \x1b[m\x1b[Kno match for \xe2\x80\x98\x1b[01m\x1b[Koperator=\x1b[m\x1b[K\xe2\x80\x99 (operand types are \xe2\x80\x98\x1b[01m\x1b[Kgeometry_msgs::msg::Twist_<std::allocator<void> >\x1b[m\x1b[K\xe2\x80\x99 and \xe2\x80\x98\x1b[01m\x1b[Kstd::__cxx11::basic_string<char>\x1b[m\x1b[K\xe2\x80\x99)\n'}
[1.434938] (challenge) StderrLine: {'line': b'   29 |       signal = "{linear: {x: " + std::to_string(cos(time_)) + ", y: " + std::to_string(sin(time_)) + \x1b[01;31m\x1b[K", z: 0.0}, angular: {x: 0.0, y: 0.0, z: 1.8}}"\x1b[m\x1b[K;\n'}
[1.435008] (challenge) StderrLine: {'line': b'      |                                                                                                      \x1b[01;31m\x1b[K^~~~~~~~~~~~~~~~~~~~~~~~~~~~~~~~~~~~~~~~~~~~~~~\x1b[m\x1b[K\n'}
[1.435073] (challenge) StderrLine: {'line': b'In file included from \x1b[01m\x1b[K/opt/ros/foxy/include/geometry_msgs/msg/twist.hpp:7\x1b[m\x1b[K,\n'}
[1.435137] (challenge) StderrLine: {'line': b'                 from \x1b[01m\x1b[K/home/jared/subbot/software-start-here/src/challenge/src/solution.cpp:9\x1b[m\x1b[K:\n'}
[1.435209] (challenge) StderrLine: {'line': b'\x1b[01m\x1b[K/opt/ros/foxy/include/geometry_msgs/msg/detail/twist__struct.hpp:36:8:\x1b[m\x1b[K \x1b[01;36m\x1b[Knote: \x1b[m\x1b[Kcandidate: \xe2\x80\x98\x1b[01m\x1b[Kconstexpr geometry_msgs::msg::Twist_<std::allocator<void> >& geometry_msgs::msg::Twist_<std::allocator<void> >::operator=(const geometry_msgs::msg::Twist_<std::allocator<void> >&)\x1b[m\x1b[K\xe2\x80\x99\n'}
[1.435276] (challenge) StderrLine: {'line': b'   36 | struct \x1b[01;36m\x1b[KTwist_\x1b[m\x1b[K\n'}
[1.435338] (challenge) StderrLine: {'line': b'      |        \x1b[01;36m\x1b[K^~~~~~\x1b[m\x1b[K\n'}
[1.435401] (challenge) StderrLine: {'line': b'\x1b[01m\x1b[K/opt/ros/foxy/include/geometry_msgs/msg/detail/twist__struct.hpp:36:8:\x1b[m\x1b[K \x1b[01;36m\x1b[Knote: \x1b[m\x1b[K  no known conversion for argument 1 from \xe2\x80\x98\x1b[01m\x1b[Kstd::__cxx11::basic_string<char>\x1b[m\x1b[K\xe2\x80\x99 to \xe2\x80\x98\x1b[01m\x1b[Kconst geometry_msgs::msg::Twist_<std::allocator<void> >&\x1b[m\x1b[K\xe2\x80\x99\n'}
[1.435476] (challenge) StderrLine: {'line': b'\x1b[01m\x1b[K/opt/ros/foxy/include/geometry_msgs/msg/detail/twist__struct.hpp:36:8:\x1b[m\x1b[K \x1b[01;36m\x1b[Knote: \x1b[m\x1b[Kcandidate: \xe2\x80\x98\x1b[01m\x1b[Kconstexpr geometry_msgs::msg::Twist_<std::allocator<void> >& geometry_msgs::msg::Twist_<std::allocator<void> >::operator=(geometry_msgs::msg::Twist_<std::allocator<void> >&&)\x1b[m\x1b[K\xe2\x80\x99\n'}
[1.435545] (challenge) StderrLine: {'line': b'\x1b[01m\x1b[K/opt/ros/foxy/include/geometry_msgs/msg/detail/twist__struct.hpp:36:8:\x1b[m\x1b[K \x1b[01;36m\x1b[Knote: \x1b[m\x1b[K  no known conversion for argument 1 from \xe2\x80\x98\x1b[01m\x1b[Kstd::__cxx11::basic_string<char>\x1b[m\x1b[K\xe2\x80\x99 to \xe2\x80\x98\x1b[01m\x1b[Kgeometry_msgs::msg::Twist_<std::allocator<void> >&&\x1b[m\x1b[K\xe2\x80\x99\n'}
[1.435611] (challenge) StderrLine: {'line': b'In file included from \x1b[01m\x1b[K/opt/ros/foxy/include/rclcpp/client.hpp:40\x1b[m\x1b[K,\n'}
[1.435674] (challenge) StderrLine: {'line': b'                 from \x1b[01m\x1b[K/opt/ros/foxy/include/rclcpp/callback_group.hpp:23\x1b[m\x1b[K,\n'}
[1.435737] (challenge) StderrLine: {'line': b'                 from \x1b[01m\x1b[K/opt/ros/foxy/include/rclcpp/any_executable.hpp:20\x1b[m\x1b[K,\n'}
[1.435799] (challenge) StderrLine: {'line': b'                 from \x1b[01m\x1b[K/opt/ros/foxy/include/rclcpp/memory_strategy.hpp:24\x1b[m\x1b[K,\n'}
[1.435862] (challenge) StderrLine: {'line': b'                 from \x1b[01m\x1b[K/opt/ros/foxy/include/rclcpp/memory_strategies.hpp:18\x1b[m\x1b[K,\n'}
[1.435924] (challenge) StderrLine: {'line': b'                 from \x1b[01m\x1b[K/opt/ros/foxy/include/rclcpp/executor_options.hpp:20\x1b[m\x1b[K,\n'}
[1.435986] (challenge) StderrLine: {'line': b'                 from \x1b[01m\x1b[K/opt/ros/foxy/include/rclcpp/executor.hpp:33\x1b[m\x1b[K,\n'}
[1.436049] (challenge) StderrLine: {'line': b'                 from \x1b[01m\x1b[K/opt/ros/foxy/include/rclcpp/executors/multi_threaded_executor.hpp:25\x1b[m\x1b[K,\n'}
[1.436110] (challenge) StderrLine: {'line': b'                 from \x1b[01m\x1b[K/opt/ros/foxy/include/rclcpp/executors.hpp:21\x1b[m\x1b[K,\n'}
[1.436172] (challenge) StderrLine: {'line': b'                 from \x1b[01m\x1b[K/opt/ros/foxy/include/rclcpp/rclcpp.hpp:146\x1b[m\x1b[K,\n'}
[1.436233] (challenge) StderrLine: {'line': b'                 from \x1b[01m\x1b[K/home/jared/subbot/software-start-here/src/challenge/src/solution.cpp:8\x1b[m\x1b[K:\n'}
[1.436296] (challenge) StderrLine: {'line': b'\x1b[01m\x1b[K/home/jared/subbot/software-start-here/src/challenge/src/solution.cpp:31:82:\x1b[m\x1b[K \x1b[01;31m\x1b[Kerror: \x1b[m\x1b[K\xe2\x80\x98\x1b[01m\x1b[Kstruct geometry_msgs::msg::Twist_<std::allocator<void> >\x1b[m\x1b[K\xe2\x80\x99 has no member named \xe2\x80\x98\x1b[01m\x1b[Kc_str\x1b[m\x1b[K\xe2\x80\x99\n'}
[1.436377] (challenge) StderrLine: {'line': b'   31 |       RCLCPP_INFO(this->get_logger(), "Moving turtle with command: \'%s\'", signal.\x1b[01;31m\x1b[Kc_str\x1b[m\x1b[K());\n'}
[1.436442] (challenge) StderrLine: {'line': b'      |                                                                                  \x1b[01;31m\x1b[K^~~~~\x1b[m\x1b[K\n'}
[1.436504] (challenge) StderrLine: {'line': b'\x1b[01m\x1b[K/home/jared/subbot/software-start-here/src/challenge/src/solution.cpp:32:17:\x1b[m\x1b[K \x1b[01;31m\x1b[Kerror: \x1b[m\x1b[Kbase operand of \xe2\x80\x98\x1b[01m\x1b[K->\x1b[m\x1b[K\xe2\x80\x99 has non-pointer type \xe2\x80\x98\x1b[01m\x1b[Krclcpp::Publisher<geometry_msgs::msg::Twist_<std::allocator<void> > >\x1b[m\x1b[K\xe2\x80\x99\n'}
[1.436569] (challenge) StderrLine: {'line': b'   32 |       publisher_\x1b[01;31m\x1b[K->\x1b[m\x1b[Kpublish(signal);\n'}
[1.436632] (challenge) StderrLine: {'line': b'      |                 \x1b[01;31m\x1b[K^~\x1b[m\x1b[K\n'}
[1.505266] (-) TimerEvent: {}
[1.605599] (-) TimerEvent: {}
[1.705927] (-) TimerEvent: {}
[1.806281] (-) TimerEvent: {}
[1.906667] (-) TimerEvent: {}
[2.007027] (-) TimerEvent: {}
[2.068318] (challenge) StderrLine: {'line': b'make[2]: *** [CMakeFiles/solution.dir/build.make:63: CMakeFiles/solution.dir/src/solution.cpp.o] Error 1\n'}
[2.068686] (challenge) StderrLine: {'line': b'make[1]: *** [CMakeFiles/Makefile2:78: CMakeFiles/solution.dir/all] Error 2\n'}
[2.068932] (challenge) StderrLine: {'line': b'make: *** [Makefile:141: all] Error 2\n'}
[2.071743] (challenge) CommandEnded: {'returncode': 2}
[2.072240] (challenge) JobEnded: {'identifier': 'challenge', 'rc': 2}
[2.082574] (-) EventReactorShutdown: {}
