[0.014s] Invoking command in '/home/jared/subbot/software-start-here/build/challenge': CMAKE_PREFIX_PATH=${CMAKE_PREFIX_PATH}:/opt/ros/foxy /usr/bin/cmake --build /home/jared/subbot/software-start-here/build/challenge -- -j8 -l8
[0.060s] [35m[1mScanning dependencies of target solution[0m
[0.092s] [ 50%] [32mBuilding CXX object CMakeFiles/solution.dir/src/solution.cpp.o[0m
[1.356s] [01m[K/home/jared/subbot/software-start-here/src/challenge/src/solution.cpp:[m[K In member function ‘[01m[Kvoid solution::sine_motion()[m[K’:
[1.356s] [01m[K/home/jared/subbot/software-start-here/src/challenge/src/solution.cpp:30:69:[m[K [01;35m[Kwarning: [m[Koperation on ‘[01m[K((solution*)this)->solution::time_[m[K’ may be undefined [[01;35m[K-Wsequence-point[m[K]
[1.356s]    30 |       signal.angular.z = cos(time_)/sqrt(pow(sin(time_),2)+pow([01;35m[Ktime_++[m[K,2));
[1.356s]       |                                                                [01;35m[K~~~~~^~[m[K
[3.053s] [100%] [32m[1mLinking CXX executable solution[0m
[3.247s] [100%] Built target solution
[3.260s] Invoked command in '/home/jared/subbot/software-start-here/build/challenge' returned '0': CMAKE_PREFIX_PATH=${CMAKE_PREFIX_PATH}:/opt/ros/foxy /usr/bin/cmake --build /home/jared/subbot/software-start-here/build/challenge -- -j8 -l8
[3.297s] Invoking command in '/home/jared/subbot/software-start-here/build/challenge': CMAKE_PREFIX_PATH=${CMAKE_PREFIX_PATH}:/opt/ros/foxy /usr/bin/cmake --install /home/jared/subbot/software-start-here/build/challenge
[3.306s] -- Install configuration: ""
[3.306s] -- Installing: /home/jared/subbot/software-start-here/install/challenge/lib/challenge/solution
[3.307s] -- Set runtime path of "/home/jared/subbot/software-start-here/install/challenge/lib/challenge/solution" to ""
[3.308s] -- Up-to-date: /home/jared/subbot/software-start-here/install/challenge/share/ament_index/resource_index/package_run_dependencies/challenge
[3.308s] -- Up-to-date: /home/jared/subbot/software-start-here/install/challenge/share/ament_index/resource_index/parent_prefix_path/challenge
[3.308s] -- Up-to-date: /home/jared/subbot/software-start-here/install/challenge/share/challenge/environment/ament_prefix_path.sh
[3.308s] -- Up-to-date: /home/jared/subbot/software-start-here/install/challenge/share/challenge/environment/ament_prefix_path.dsv
[3.308s] -- Up-to-date: /home/jared/subbot/software-start-here/install/challenge/share/challenge/environment/path.sh
[3.308s] -- Up-to-date: /home/jared/subbot/software-start-here/install/challenge/share/challenge/environment/path.dsv
[3.308s] -- Up-to-date: /home/jared/subbot/software-start-here/install/challenge/share/challenge/local_setup.bash
[3.308s] -- Up-to-date: /home/jared/subbot/software-start-here/install/challenge/share/challenge/local_setup.sh
[3.309s] -- Up-to-date: /home/jared/subbot/software-start-here/install/challenge/share/challenge/local_setup.zsh
[3.309s] -- Up-to-date: /home/jared/subbot/software-start-here/install/challenge/share/challenge/local_setup.dsv
[3.309s] -- Installing: /home/jared/subbot/software-start-here/install/challenge/share/challenge/package.dsv
[3.309s] -- Up-to-date: /home/jared/subbot/software-start-here/install/challenge/share/ament_index/resource_index/packages/challenge
[3.309s] -- Up-to-date: /home/jared/subbot/software-start-here/install/challenge/share/challenge/cmake/challengeConfig.cmake
[3.309s] -- Up-to-date: /home/jared/subbot/software-start-here/install/challenge/share/challenge/cmake/challengeConfig-version.cmake
[3.309s] -- Up-to-date: /home/jared/subbot/software-start-here/install/challenge/share/challenge/package.xml
[3.312s] Invoked command in '/home/jared/subbot/software-start-here/build/challenge' returned '0': CMAKE_PREFIX_PATH=${CMAKE_PREFIX_PATH}:/opt/ros/foxy /usr/bin/cmake --install /home/jared/subbot/software-start-here/build/challenge
