[0.000000] (-) TimerEvent: {}
[0.000849] (challenge) JobQueued: {'identifier': 'challenge', 'dependencies': OrderedDict()}
[0.000897] (challenge) JobStarted: {'identifier': 'challenge'}
[0.011771] (challenge) JobProgress: {'identifier': 'challenge', 'progress': 'cmake'}
[0.012780] (challenge) JobProgress: {'identifier': 'challenge', 'progress': 'build'}
[0.013743] (challenge) Command: {'cmd': ['/usr/bin/cmake', '--build', '/home/jared/subbot/software-start-here/build/challenge', '--', '-j8', '-l8'], 'cwd': '/home/jared/subbot/software-start-here/build/challenge', 'env': OrderedDict([('LANGUAGE', 'en_CA:en'), ('USER', 'jared'), ('SSH_AGENT_PID', '1696'), ('XDG_SESSION_TYPE', 'x11'), ('SHLVL', '1'), ('LD_LIBRARY_PATH', '/usr/lib/x86_64-linux-gnu/gazebo-11/plugins:/opt/ros/foxy/opt/yaml_cpp_vendor/lib:/opt/ros/foxy/opt/rviz_ogre_vendor/lib:/opt/ros/foxy/lib/x86_64-linux-gnu:/opt/ros/foxy/lib'), ('HOME', '/home/jared'), ('OLDPWD', '/home/jared/subbot/software-start-here/src'), ('DESKTOP_SESSION', 'ubuntu'), ('ROS_PYTHON_VERSION', '3'), ('GNOME_SHELL_SESSION_MODE', 'ubuntu'), ('GTK_MODULES', 'gail:atk-bridge'), ('MANAGERPID', '1506'), ('DBUS_SESSION_BUS_ADDRESS', 'unix:path=/run/user/1000/bus'), ('COLORTERM', 'truecolor'), ('_colcon_cd_root', '/home/jared/ros2_install'), ('IM_CONFIG_PHASE', '1'), ('ROS_DISTRO', 'foxy'), ('LOGNAME', 'jared'), ('JOURNAL_STREAM', '9:45149'), ('_', '/usr/bin/colcon'), ('ROS_VERSION', '2'), ('XDG_SESSION_CLASS', 'user'), ('USERNAME', 'jared'), ('TERM', 'xterm-256color'), ('GNOME_DESKTOP_SESSION_ID', 'this-is-deprecated'), ('ROS_LOCALHOST_ONLY', '0'), ('WINDOWPATH', '2'), ('PATH', '/opt/ros/foxy/bin:/home/jared/.local/bin:/usr/local/sbin:/usr/local/bin:/usr/sbin:/usr/bin:/sbin:/bin:/usr/games:/usr/local/games:/snap/bin:/root/.gem/ruby/2.7.0/bin:/home/jared/.gem/ruby/2.7.0/bin:/home/jared/scripts'), ('SESSION_MANAGER', 'local/jubuntu:@/tmp/.ICE-unix/1739,unix/jubuntu:/tmp/.ICE-unix/1739'), ('INVOCATION_ID', 'e41a210809414c5c8b9a68304b16fc69'), ('XDG_MENU_PREFIX', 'gnome-'), ('GNOME_TERMINAL_SCREEN', '/org/gnome/Terminal/screen/903603fd_18ce_4b9a_81f1_2cf64c9671c6'), ('XDG_RUNTIME_DIR', '/run/user/1000'), ('DISPLAY', ':0'), ('LANG', 'en_US.UTF-8'), ('XDG_CURRENT_DESKTOP', 'ubuntu:GNOME'), ('XMODIFIERS', '@im=ibus'), ('XDG_SESSION_DESKTOP', 'ubuntu'), ('XAUTHORITY', '/run/user/1000/gdm/Xauthority'), ('GNOME_TERMINAL_SERVICE', ':1.124'), ('SSH_AUTH_SOCK', '/run/user/1000/keyring/ssh'), ('AMENT_PREFIX_PATH', '/opt/ros/foxy'), ('SHELL', '/bin/bash'), ('QT_ACCESSIBILITY', '1'), ('GDMSESSION', 'ubuntu'), ('GPG_AGENT_INFO', '/run/user/1000/gnupg/S.gpg-agent:0:1'), ('QT_IM_MODULE', 'ibus'), ('PWD', '/home/jared/subbot/software-start-here/build/challenge'), ('LC_ALL', 'en_US.UTF-8'), ('XDG_CONFIG_DIRS', '/etc/xdg/xdg-ubuntu:/etc/xdg'), ('XDG_DATA_DIRS', '/usr/share/ubuntu:/usr/local/share/:/usr/share/:/var/lib/snapd/desktop'), ('PYTHONPATH', '/opt/ros/foxy/lib/python3.8/site-packages'), ('COLCON', '1'), ('VTE_VERSION', '6003'), ('EDITOR', '/usr/bin/vim'), ('CMAKE_PREFIX_PATH', '/opt/ros/foxy')]), 'shell': False}
[0.062090] (challenge) StdoutLine: {'line': b'\x1b[35m\x1b[1mScanning dependencies of target solution\x1b[0m\n'}
[0.090543] (challenge) StdoutLine: {'line': b'[ 50%] \x1b[32mBuilding CXX object CMakeFiles/solution.dir/src/solution.cpp.o\x1b[0m\n'}
[0.100040] (-) TimerEvent: {}
[0.200404] (-) TimerEvent: {}
[0.300784] (-) TimerEvent: {}
[0.401149] (-) TimerEvent: {}
[0.501534] (-) TimerEvent: {}
[0.601904] (-) TimerEvent: {}
[0.702258] (-) TimerEvent: {}
[0.802577] (-) TimerEvent: {}
[0.902954] (-) TimerEvent: {}
[1.003312] (-) TimerEvent: {}
[1.103705] (-) TimerEvent: {}
[1.204063] (-) TimerEvent: {}
[1.304419] (-) TimerEvent: {}
[1.344347] (challenge) StderrLine: {'line': b'\x1b[01m\x1b[K/home/jared/subbot/software-start-here/src/challenge/src/solution.cpp:\x1b[m\x1b[K In constructor \xe2\x80\x98\x1b[01m\x1b[Ksolution::solution()\x1b[m\x1b[K\xe2\x80\x99:\n'}
[1.344577] (challenge) StderrLine: {'line': b'\x1b[01m\x1b[K/home/jared/subbot/software-start-here/src/challenge/src/solution.cpp:18:22:\x1b[m\x1b[K \x1b[01;31m\x1b[Kerror: \x1b[m\x1b[Kno matching function for call to \xe2\x80\x98\x1b[01m\x1b[Krclcpp::Publisher<geometry_msgs::msg::Twist_<std::allocator<void> > >::Publisher()\x1b[m\x1b[K\xe2\x80\x99\n'}
[1.344781] (challenge) StderrLine: {'line': b'   18 |     : Node("solution"\x1b[01;31m\x1b[K)\x1b[m\x1b[K\n'}
[1.344930] (challenge) StderrLine: {'line': b'      |                      \x1b[01;31m\x1b[K^\x1b[m\x1b[K\n'}
[1.345050] (challenge) StderrLine: {'line': b'In file included from \x1b[01m\x1b[K/opt/ros/foxy/include/rclcpp/topic_statistics/subscription_topic_statistics.hpp:31\x1b[m\x1b[K,\n'}
[1.345154] (challenge) StderrLine: {'line': b'                 from \x1b[01m\x1b[K/opt/ros/foxy/include/rclcpp/subscription.hpp:50\x1b[m\x1b[K,\n'}
[1.345218] (challenge) StderrLine: {'line': b'                 from \x1b[01m\x1b[K/opt/ros/foxy/include/rclcpp/any_executable.hpp:25\x1b[m\x1b[K,\n'}
[1.345280] (challenge) StderrLine: {'line': b'                 from \x1b[01m\x1b[K/opt/ros/foxy/include/rclcpp/memory_strategy.hpp:24\x1b[m\x1b[K,\n'}
[1.345341] (challenge) StderrLine: {'line': b'                 from \x1b[01m\x1b[K/opt/ros/foxy/include/rclcpp/memory_strategies.hpp:18\x1b[m\x1b[K,\n'}
[1.345403] (challenge) StderrLine: {'line': b'                 from \x1b[01m\x1b[K/opt/ros/foxy/include/rclcpp/executor_options.hpp:20\x1b[m\x1b[K,\n'}
[1.345465] (challenge) StderrLine: {'line': b'                 from \x1b[01m\x1b[K/opt/ros/foxy/include/rclcpp/executor.hpp:33\x1b[m\x1b[K,\n'}
[1.345525] (challenge) StderrLine: {'line': b'                 from \x1b[01m\x1b[K/opt/ros/foxy/include/rclcpp/executors/multi_threaded_executor.hpp:25\x1b[m\x1b[K,\n'}
[1.345586] (challenge) StderrLine: {'line': b'                 from \x1b[01m\x1b[K/opt/ros/foxy/include/rclcpp/executors.hpp:21\x1b[m\x1b[K,\n'}
[1.345660] (challenge) StderrLine: {'line': b'                 from \x1b[01m\x1b[K/opt/ros/foxy/include/rclcpp/rclcpp.hpp:146\x1b[m\x1b[K,\n'}
[1.345722] (challenge) StderrLine: {'line': b'                 from \x1b[01m\x1b[K/home/jared/subbot/software-start-here/src/challenge/src/solution.cpp:8\x1b[m\x1b[K:\n'}
[1.345784] (challenge) StderrLine: {'line': b'\x1b[01m\x1b[K/opt/ros/foxy/include/rclcpp/publisher.hpp:73:3:\x1b[m\x1b[K \x1b[01;36m\x1b[Knote: \x1b[m\x1b[Kcandidate: \xe2\x80\x98\x1b[01m\x1b[Krclcpp::Publisher<MessageT, AllocatorT>::Publisher(rclcpp::node_interfaces::NodeBaseInterface*, const string&, const rclcpp::QoS&, const rclcpp::PublisherOptionsWithAllocator<AllocatorT>&) [with MessageT = geometry_msgs::msg::Twist_<std::allocator<void> >; AllocatorT = std::allocator<void>; std::string = std::__cxx11::basic_string<char>]\x1b[m\x1b[K\xe2\x80\x99\n'}
[1.345853] (challenge) StderrLine: {'line': b'   73 |   \x1b[01;36m\x1b[KPublisher\x1b[m\x1b[K(\n'}
[1.345917] (challenge) StderrLine: {'line': b'      |   \x1b[01;36m\x1b[K^~~~~~~~~\x1b[m\x1b[K\n'}
[1.345982] (challenge) StderrLine: {'line': b'\x1b[01m\x1b[K/opt/ros/foxy/include/rclcpp/publisher.hpp:73:3:\x1b[m\x1b[K \x1b[01;36m\x1b[Knote: \x1b[m\x1b[K  candidate expects 4 arguments, 0 provided\n'}
[1.346048] (challenge) StderrLine: {'line': b'\x1b[01m\x1b[K/opt/ros/foxy/include/rclcpp/publisher.hpp:51:7:\x1b[m\x1b[K \x1b[01;36m\x1b[Knote: \x1b[m\x1b[Kcandidate: \xe2\x80\x98\x1b[01m\x1b[Krclcpp::Publisher<geometry_msgs::msg::Twist_<std::allocator<void> > >::Publisher(const rclcpp::Publisher<geometry_msgs::msg::Twist_<std::allocator<void> > >&)\x1b[m\x1b[K\xe2\x80\x99\n'}
[1.346119] (challenge) StderrLine: {'line': b'   51 | class \x1b[01;36m\x1b[KPublisher\x1b[m\x1b[K : public PublisherBase\n'}
[1.346184] (challenge) StderrLine: {'line': b'      |       \x1b[01;36m\x1b[K^~~~~~~~~\x1b[m\x1b[K\n'}
[1.346247] (challenge) StderrLine: {'line': b'\x1b[01m\x1b[K/opt/ros/foxy/include/rclcpp/publisher.hpp:51:7:\x1b[m\x1b[K \x1b[01;36m\x1b[Knote: \x1b[m\x1b[K  candidate expects 1 argument, 0 provided\n'}
[1.349505] (challenge) StderrLine: {'line': b'\x1b[01m\x1b[K/home/jared/subbot/software-start-here/src/challenge/src/solution.cpp:21:83:\x1b[m\x1b[K \x1b[01;31m\x1b[Kerror: \x1b[m\x1b[Kno match for \xe2\x80\x98\x1b[01m\x1b[Koperator=\x1b[m\x1b[K\xe2\x80\x99 (operand types are \xe2\x80\x98\x1b[01m\x1b[Krclcpp::Publisher<geometry_msgs::msg::Twist_<std::allocator<void> > >\x1b[m\x1b[K\xe2\x80\x99 and \xe2\x80\x98\x1b[01m\x1b[Kstd::shared_ptr<rclcpp::Publisher<geometry_msgs::msg::Twist_<std::allocator<void> > > >\x1b[m\x1b[K\xe2\x80\x99)\n'}
[1.349743] (challenge) StderrLine: {'line': b'   21 |       publisher_ = this->create_publisher<geometry_msgs::msg::Twist>("cmd_vel", 10\x1b[01;31m\x1b[K)\x1b[m\x1b[K;\n'}
[1.349829] (challenge) StderrLine: {'line': b'      |                                                                                   \x1b[01;31m\x1b[K^\x1b[m\x1b[K\n'}
[1.349905] (challenge) StderrLine: {'line': b'In file included from \x1b[01m\x1b[K/opt/ros/foxy/include/rclcpp/topic_statistics/subscription_topic_statistics.hpp:31\x1b[m\x1b[K,\n'}
[1.349973] (challenge) StderrLine: {'line': b'                 from \x1b[01m\x1b[K/opt/ros/foxy/include/rclcpp/subscription.hpp:50\x1b[m\x1b[K,\n'}
[1.350043] (challenge) StderrLine: {'line': b'                 from \x1b[01m\x1b[K/opt/ros/foxy/include/rclcpp/any_executable.hpp:25\x1b[m\x1b[K,\n'}
[1.350108] (challenge) StderrLine: {'line': b'                 from \x1b[01m\x1b[K/opt/ros/foxy/include/rclcpp/memory_strategy.hpp:24\x1b[m\x1b[K,\n'}
[1.350172] (challenge) StderrLine: {'line': b'                 from \x1b[01m\x1b[K/opt/ros/foxy/include/rclcpp/memory_strategies.hpp:18\x1b[m\x1b[K,\n'}
[1.350236] (challenge) StderrLine: {'line': b'                 from \x1b[01m\x1b[K/opt/ros/foxy/include/rclcpp/executor_options.hpp:20\x1b[m\x1b[K,\n'}
[1.350300] (challenge) StderrLine: {'line': b'                 from \x1b[01m\x1b[K/opt/ros/foxy/include/rclcpp/executor.hpp:33\x1b[m\x1b[K,\n'}
[1.350363] (challenge) StderrLine: {'line': b'                 from \x1b[01m\x1b[K/opt/ros/foxy/include/rclcpp/executors/multi_threaded_executor.hpp:25\x1b[m\x1b[K,\n'}
[1.350436] (challenge) StderrLine: {'line': b'                 from \x1b[01m\x1b[K/opt/ros/foxy/include/rclcpp/executors.hpp:21\x1b[m\x1b[K,\n'}
[1.350503] (challenge) StderrLine: {'line': b'                 from \x1b[01m\x1b[K/opt/ros/foxy/include/rclcpp/rclcpp.hpp:146\x1b[m\x1b[K,\n'}
[1.350564] (challenge) StderrLine: {'line': b'                 from \x1b[01m\x1b[K/home/jared/subbot/software-start-here/src/challenge/src/solution.cpp:8\x1b[m\x1b[K:\n'}
[1.350626] (challenge) StderrLine: {'line': b'\x1b[01m\x1b[K/opt/ros/foxy/include/rclcpp/publisher.hpp:51:7:\x1b[m\x1b[K \x1b[01;36m\x1b[Knote: \x1b[m\x1b[Kcandidate: \xe2\x80\x98\x1b[01m\x1b[Krclcpp::Publisher<geometry_msgs::msg::Twist_<std::allocator<void> > >& rclcpp::Publisher<geometry_msgs::msg::Twist_<std::allocator<void> > >::operator=(const rclcpp::Publisher<geometry_msgs::msg::Twist_<std::allocator<void> > >&)\x1b[m\x1b[K\xe2\x80\x99 <deleted>\n'}
[1.350713] (challenge) StderrLine: {'line': b'   51 | class \x1b[01;36m\x1b[KPublisher\x1b[m\x1b[K : public PublisherBase\n'}
[1.350782] (challenge) StderrLine: {'line': b'      |       \x1b[01;36m\x1b[K^~~~~~~~~\x1b[m\x1b[K\n'}
[1.350845] (challenge) StderrLine: {'line': b'\x1b[01m\x1b[K/opt/ros/foxy/include/rclcpp/publisher.hpp:51:7:\x1b[m\x1b[K \x1b[01;36m\x1b[Knote: \x1b[m\x1b[K  no known conversion for argument 1 from \xe2\x80\x98\x1b[01m\x1b[Kstd::shared_ptr<rclcpp::Publisher<geometry_msgs::msg::Twist_<std::allocator<void> > > >\x1b[m\x1b[K\xe2\x80\x99 to \xe2\x80\x98\x1b[01m\x1b[Kconst rclcpp::Publisher<geometry_msgs::msg::Twist_<std::allocator<void> > >&\x1b[m\x1b[K\xe2\x80\x99\n'}
[1.350910] (challenge) StderrLine: {'line': b'\x1b[01m\x1b[K/home/jared/subbot/software-start-here/src/challenge/src/solution.cpp:23:9:\x1b[m\x1b[K \x1b[01;31m\x1b[Kerror: \x1b[m\x1b[Kunable to find numeric literal operator \xe2\x80\x98\x1b[01m\x1b[Koperator""s\x1b[m\x1b[K\xe2\x80\x99\n'}
[1.350976] (challenge) StderrLine: {'line': b'   23 |         \x1b[01;31m\x1b[K0.01s\x1b[m\x1b[K, std::bind(&solution::sine_motion, this)\n'}
[1.351039] (challenge) StderrLine: {'line': b'      |         \x1b[01;31m\x1b[K^~~~~\x1b[m\x1b[K\n'}
[1.404558] (-) TimerEvent: {}
[1.504930] (-) TimerEvent: {}
[1.605297] (-) TimerEvent: {}
[1.705665] (-) TimerEvent: {}
[1.806026] (-) TimerEvent: {}
[1.906405] (-) TimerEvent: {}
[1.963095] (challenge) StderrLine: {'line': b'make[2]: *** [CMakeFiles/solution.dir/build.make:63: CMakeFiles/solution.dir/src/solution.cpp.o] Error 1\n'}
[1.963426] (challenge) StderrLine: {'line': b'make[1]: *** [CMakeFiles/Makefile2:78: CMakeFiles/solution.dir/all] Error 2\n'}
[1.963610] (challenge) StderrLine: {'line': b'make: *** [Makefile:141: all] Error 2\n'}
[1.965659] (challenge) CommandEnded: {'returncode': 2}
[1.966174] (challenge) JobEnded: {'identifier': 'challenge', 'rc': 2}
[1.976428] (-) EventReactorShutdown: {}
