[0.020s] Invoking command in '/home/jared/subbot/software-start-here/build/challenge': CMAKE_PREFIX_PATH=${CMAKE_PREFIX_PATH}:/opt/ros/foxy /usr/bin/cmake --build /home/jared/subbot/software-start-here/build/challenge -- -j8 -l8
[0.084s] [100%] Built target solution
[0.094s] Invoked command in '/home/jared/subbot/software-start-here/build/challenge' returned '0': CMAKE_PREFIX_PATH=${CMAKE_PREFIX_PATH}:/opt/ros/foxy /usr/bin/cmake --build /home/jared/subbot/software-start-here/build/challenge -- -j8 -l8
[0.130s] Invoking command in '/home/jared/subbot/software-start-here/build/challenge': CMAKE_PREFIX_PATH=${CMAKE_PREFIX_PATH}:/opt/ros/foxy /usr/bin/cmake --install /home/jared/subbot/software-start-here/build/challenge
[0.138s] -- Install configuration: ""
[0.138s] -- Up-to-date: /home/jared/subbot/software-start-here/install/challenge/lib/challenge/solution
[0.139s] -- Up-to-date: /home/jared/subbot/software-start-here/install/challenge/share/ament_index/resource_index/package_run_dependencies/challenge
[0.139s] -- Up-to-date: /home/jared/subbot/software-start-here/install/challenge/share/ament_index/resource_index/parent_prefix_path/challenge
[0.139s] -- Up-to-date: /home/jared/subbot/software-start-here/install/challenge/share/challenge/environment/ament_prefix_path.sh
[0.139s] -- Up-to-date: /home/jared/subbot/software-start-here/install/challenge/share/challenge/environment/ament_prefix_path.dsv
[0.139s] -- Up-to-date: /home/jared/subbot/software-start-here/install/challenge/share/challenge/environment/path.sh
[0.139s] -- Up-to-date: /home/jared/subbot/software-start-here/install/challenge/share/challenge/environment/path.dsv
[0.140s] -- Up-to-date: /home/jared/subbot/software-start-here/install/challenge/share/challenge/local_setup.bash
[0.140s] -- Up-to-date: /home/jared/subbot/software-start-here/install/challenge/share/challenge/local_setup.sh
[0.140s] -- Up-to-date: /home/jared/subbot/software-start-here/install/challenge/share/challenge/local_setup.zsh
[0.140s] -- Up-to-date: /home/jared/subbot/software-start-here/install/challenge/share/challenge/local_setup.dsv
[0.140s] -- Installing: /home/jared/subbot/software-start-here/install/challenge/share/challenge/package.dsv
[0.140s] -- Up-to-date: /home/jared/subbot/software-start-here/install/challenge/share/ament_index/resource_index/packages/challenge
[0.140s] -- Up-to-date: /home/jared/subbot/software-start-here/install/challenge/share/challenge/cmake/challengeConfig.cmake
[0.141s] -- Up-to-date: /home/jared/subbot/software-start-here/install/challenge/share/challenge/cmake/challengeConfig-version.cmake
[0.141s] -- Up-to-date: /home/jared/subbot/software-start-here/install/challenge/share/challenge/package.xml
[0.142s] Invoked command in '/home/jared/subbot/software-start-here/build/challenge' returned '0': CMAKE_PREFIX_PATH=${CMAKE_PREFIX_PATH}:/opt/ros/foxy /usr/bin/cmake --install /home/jared/subbot/software-start-here/build/challenge
