[0.000000] (-) TimerEvent: {}
[0.001026] (challenge) JobQueued: {'identifier': 'challenge', 'dependencies': OrderedDict()}
[0.001123] (challenge) JobStarted: {'identifier': 'challenge'}
[0.013430] (challenge) JobProgress: {'identifier': 'challenge', 'progress': 'cmake'}
[0.014296] (challenge) JobProgress: {'identifier': 'challenge', 'progress': 'build'}
[0.015597] (challenge) Command: {'cmd': ['/usr/bin/cmake', '--build', '/home/jared/subbot/software-start-here/build/challenge', '--', '-j8', '-l8'], 'cwd': '/home/jared/subbot/software-start-here/build/challenge', 'env': OrderedDict([('LANGUAGE', 'en_CA:en'), ('USER', 'jared'), ('SSH_AGENT_PID', '1696'), ('XDG_SESSION_TYPE', 'x11'), ('SHLVL', '1'), ('LD_LIBRARY_PATH', '/usr/lib/x86_64-linux-gnu/gazebo-11/plugins:/opt/ros/foxy/opt/yaml_cpp_vendor/lib:/opt/ros/foxy/opt/rviz_ogre_vendor/lib:/opt/ros/foxy/lib/x86_64-linux-gnu:/opt/ros/foxy/lib'), ('HOME', '/home/jared'), ('OLDPWD', '/home/jared/subbot/software-start-here/src'), ('DESKTOP_SESSION', 'ubuntu'), ('ROS_PYTHON_VERSION', '3'), ('GNOME_SHELL_SESSION_MODE', 'ubuntu'), ('GTK_MODULES', 'gail:atk-bridge'), ('MANAGERPID', '1506'), ('DBUS_SESSION_BUS_ADDRESS', 'unix:path=/run/user/1000/bus'), ('COLORTERM', 'truecolor'), ('_colcon_cd_root', '/home/jared/ros2_install'), ('IM_CONFIG_PHASE', '1'), ('ROS_DISTRO', 'foxy'), ('LOGNAME', 'jared'), ('JOURNAL_STREAM', '9:45149'), ('_', '/usr/bin/colcon'), ('ROS_VERSION', '2'), ('XDG_SESSION_CLASS', 'user'), ('USERNAME', 'jared'), ('TERM', 'xterm-256color'), ('GNOME_DESKTOP_SESSION_ID', 'this-is-deprecated'), ('ROS_LOCALHOST_ONLY', '0'), ('WINDOWPATH', '2'), ('PATH', '/opt/ros/foxy/bin:/home/jared/.local/bin:/usr/local/sbin:/usr/local/bin:/usr/sbin:/usr/bin:/sbin:/bin:/usr/games:/usr/local/games:/snap/bin:/root/.gem/ruby/2.7.0/bin:/home/jared/.gem/ruby/2.7.0/bin:/home/jared/scripts'), ('SESSION_MANAGER', 'local/jubuntu:@/tmp/.ICE-unix/1739,unix/jubuntu:/tmp/.ICE-unix/1739'), ('INVOCATION_ID', 'e41a210809414c5c8b9a68304b16fc69'), ('XDG_MENU_PREFIX', 'gnome-'), ('GNOME_TERMINAL_SCREEN', '/org/gnome/Terminal/screen/903603fd_18ce_4b9a_81f1_2cf64c9671c6'), ('XDG_RUNTIME_DIR', '/run/user/1000'), ('DISPLAY', ':0'), ('LANG', 'en_US.UTF-8'), ('XDG_CURRENT_DESKTOP', 'ubuntu:GNOME'), ('XMODIFIERS', '@im=ibus'), ('XDG_SESSION_DESKTOP', 'ubuntu'), ('XAUTHORITY', '/run/user/1000/gdm/Xauthority'), ('GNOME_TERMINAL_SERVICE', ':1.124'), ('SSH_AUTH_SOCK', '/run/user/1000/keyring/ssh'), ('AMENT_PREFIX_PATH', '/opt/ros/foxy'), ('SHELL', '/bin/bash'), ('QT_ACCESSIBILITY', '1'), ('GDMSESSION', 'ubuntu'), ('GPG_AGENT_INFO', '/run/user/1000/gnupg/S.gpg-agent:0:1'), ('QT_IM_MODULE', 'ibus'), ('PWD', '/home/jared/subbot/software-start-here/build/challenge'), ('LC_ALL', 'en_US.UTF-8'), ('XDG_CONFIG_DIRS', '/etc/xdg/xdg-ubuntu:/etc/xdg'), ('XDG_DATA_DIRS', '/usr/share/ubuntu:/usr/local/share/:/usr/share/:/var/lib/snapd/desktop'), ('PYTHONPATH', '/opt/ros/foxy/lib/python3.8/site-packages'), ('COLCON', '1'), ('VTE_VERSION', '6003'), ('EDITOR', '/usr/bin/vim'), ('CMAKE_PREFIX_PATH', '/opt/ros/foxy')]), 'shell': False}
[0.071507] (challenge) StdoutLine: {'line': b'\x1b[35m\x1b[1mScanning dependencies of target solution\x1b[0m\n'}
[0.098981] (-) TimerEvent: {}
[0.099651] (challenge) StdoutLine: {'line': b'[ 50%] \x1b[32mBuilding CXX object CMakeFiles/solution.dir/src/solution.cpp.o\x1b[0m\n'}
[0.199153] (-) TimerEvent: {}
[0.299681] (-) TimerEvent: {}
[0.400051] (-) TimerEvent: {}
[0.500453] (-) TimerEvent: {}
[0.600841] (-) TimerEvent: {}
[0.701193] (-) TimerEvent: {}
[0.801574] (-) TimerEvent: {}
[0.901999] (-) TimerEvent: {}
[1.002405] (-) TimerEvent: {}
[1.102798] (-) TimerEvent: {}
[1.203161] (-) TimerEvent: {}
[1.303552] (-) TimerEvent: {}
[1.369090] (challenge) StderrLine: {'line': b'\x1b[01m\x1b[K/home/jared/subbot/software-start-here/src/challenge/src/solution.cpp:\x1b[m\x1b[K In constructor \xe2\x80\x98\x1b[01m\x1b[Ksolution::solution()\x1b[m\x1b[K\xe2\x80\x99:\n'}
[1.369829] (challenge) StderrLine: {'line': b'\x1b[01m\x1b[K/home/jared/subbot/software-start-here/src/challenge/src/solution.cpp:18:5:\x1b[m\x1b[K \x1b[01;31m\x1b[Kerror: \x1b[m\x1b[Kno matching function for call to \xe2\x80\x98\x1b[01m\x1b[Krclcpp::Node::Node()\x1b[m\x1b[K\xe2\x80\x99\n'}
[1.370107] (challenge) StderrLine: {'line': b'   18 |     \x1b[01;31m\x1b[K{\x1b[m\x1b[K\n'}
[1.370299] (challenge) StderrLine: {'line': b'      |     \x1b[01;31m\x1b[K^\x1b[m\x1b[K\n'}
[1.370461] (challenge) StderrLine: {'line': b'In file included from \x1b[01m\x1b[K/opt/ros/foxy/include/rclcpp/executors/single_threaded_executor.hpp:28\x1b[m\x1b[K,\n'}
[1.370630] (challenge) StderrLine: {'line': b'                 from \x1b[01m\x1b[K/opt/ros/foxy/include/rclcpp/executors.hpp:22\x1b[m\x1b[K,\n'}
[1.370785] (challenge) StderrLine: {'line': b'                 from \x1b[01m\x1b[K/opt/ros/foxy/include/rclcpp/rclcpp.hpp:146\x1b[m\x1b[K,\n'}
[1.371096] (challenge) StderrLine: {'line': b'                 from \x1b[01m\x1b[K/home/jared/subbot/software-start-here/src/challenge/src/solution.cpp:8\x1b[m\x1b[K:\n'}
[1.371323] (challenge) StderrLine: {'line': b'\x1b[01m\x1b[K/opt/ros/foxy/include/rclcpp/node.hpp:1190:3:\x1b[m\x1b[K \x1b[01;36m\x1b[Knote: \x1b[m\x1b[Kcandidate: \xe2\x80\x98\x1b[01m\x1b[Krclcpp::Node::Node(const rclcpp::Node&, const string&)\x1b[m\x1b[K\xe2\x80\x99\n'}
[1.371690] (challenge) StderrLine: {'line': b' 1190 |   \x1b[01;36m\x1b[KNode\x1b[m\x1b[K(\n'}
[1.371824] (challenge) StderrLine: {'line': b'      |   \x1b[01;36m\x1b[K^~~~\x1b[m\x1b[K\n'}
[1.371933] (challenge) StderrLine: {'line': b'\x1b[01m\x1b[K/opt/ros/foxy/include/rclcpp/node.hpp:1190:3:\x1b[m\x1b[K \x1b[01;36m\x1b[Knote: \x1b[m\x1b[K  candidate expects 2 arguments, 0 provided\n'}
[1.372042] (challenge) StderrLine: {'line': b'\x1b[01m\x1b[K/opt/ros/foxy/include/rclcpp/node.hpp:98:12:\x1b[m\x1b[K \x1b[01;36m\x1b[Knote: \x1b[m\x1b[Kcandidate: \xe2\x80\x98\x1b[01m\x1b[Krclcpp::Node::Node(const string&, const string&, const rclcpp::NodeOptions&)\x1b[m\x1b[K\xe2\x80\x99\n'}
[1.372154] (challenge) StderrLine: {'line': b'   98 |   explicit \x1b[01;36m\x1b[KNode\x1b[m\x1b[K(\n'}
[1.372262] (challenge) StderrLine: {'line': b'      |            \x1b[01;36m\x1b[K^~~~\x1b[m\x1b[K\n'}
[1.372369] (challenge) StderrLine: {'line': b'\x1b[01m\x1b[K/opt/ros/foxy/include/rclcpp/node.hpp:98:12:\x1b[m\x1b[K \x1b[01;36m\x1b[Knote: \x1b[m\x1b[K  candidate expects 3 arguments, 0 provided\n'}
[1.372477] (challenge) StderrLine: {'line': b'\x1b[01m\x1b[K/opt/ros/foxy/include/rclcpp/node.hpp:86:12:\x1b[m\x1b[K \x1b[01;36m\x1b[Knote: \x1b[m\x1b[Kcandidate: \xe2\x80\x98\x1b[01m\x1b[Krclcpp::Node::Node(const string&, const rclcpp::NodeOptions&)\x1b[m\x1b[K\xe2\x80\x99\n'}
[1.372586] (challenge) StderrLine: {'line': b'   86 |   explicit \x1b[01;36m\x1b[KNode\x1b[m\x1b[K(\n'}
[1.372695] (challenge) StderrLine: {'line': b'      |            \x1b[01;36m\x1b[K^~~~\x1b[m\x1b[K\n'}
[1.372801] (challenge) StderrLine: {'line': b'\x1b[01m\x1b[K/opt/ros/foxy/include/rclcpp/node.hpp:86:12:\x1b[m\x1b[K \x1b[01;36m\x1b[Knote: \x1b[m\x1b[K  candidate expects 2 arguments, 0 provided\n'}
[1.372908] (challenge) StderrLine: {'line': b'\x1b[01m\x1b[K/home/jared/subbot/software-start-here/src/challenge/src/solution.cpp:18:5:\x1b[m\x1b[K \x1b[01;31m\x1b[Kerror: \x1b[m\x1b[Kno matching function for call to \xe2\x80\x98\x1b[01m\x1b[Krclcpp::Publisher<geometry_msgs::msg::Twist_<std::allocator<void> > >::Publisher()\x1b[m\x1b[K\xe2\x80\x99\n'}
[1.373018] (challenge) StderrLine: {'line': b'   18 |     \x1b[01;31m\x1b[K{\x1b[m\x1b[K\n'}
[1.373170] (challenge) StderrLine: {'line': b'      |     \x1b[01;31m\x1b[K^\x1b[m\x1b[K\n'}
[1.373302] (challenge) StderrLine: {'line': b'In file included from \x1b[01m\x1b[K/opt/ros/foxy/include/rclcpp/topic_statistics/subscription_topic_statistics.hpp:31\x1b[m\x1b[K,\n'}
[1.373409] (challenge) StderrLine: {'line': b'                 from \x1b[01m\x1b[K/opt/ros/foxy/include/rclcpp/subscription.hpp:50\x1b[m\x1b[K,\n'}
[1.373516] (challenge) StderrLine: {'line': b'                 from \x1b[01m\x1b[K/opt/ros/foxy/include/rclcpp/any_executable.hpp:25\x1b[m\x1b[K,\n'}
[1.373624] (challenge) StderrLine: {'line': b'                 from \x1b[01m\x1b[K/opt/ros/foxy/include/rclcpp/memory_strategy.hpp:24\x1b[m\x1b[K,\n'}
[1.373740] (challenge) StderrLine: {'line': b'                 from \x1b[01m\x1b[K/opt/ros/foxy/include/rclcpp/memory_strategies.hpp:18\x1b[m\x1b[K,\n'}
[1.373847] (challenge) StderrLine: {'line': b'                 from \x1b[01m\x1b[K/opt/ros/foxy/include/rclcpp/executor_options.hpp:20\x1b[m\x1b[K,\n'}
[1.373954] (challenge) StderrLine: {'line': b'                 from \x1b[01m\x1b[K/opt/ros/foxy/include/rclcpp/executor.hpp:33\x1b[m\x1b[K,\n'}
[1.374062] (challenge) StderrLine: {'line': b'                 from \x1b[01m\x1b[K/opt/ros/foxy/include/rclcpp/executors/multi_threaded_executor.hpp:25\x1b[m\x1b[K,\n'}
[1.374165] (challenge) StderrLine: {'line': b'                 from \x1b[01m\x1b[K/opt/ros/foxy/include/rclcpp/executors.hpp:21\x1b[m\x1b[K,\n'}
[1.374269] (challenge) StderrLine: {'line': b'                 from \x1b[01m\x1b[K/opt/ros/foxy/include/rclcpp/rclcpp.hpp:146\x1b[m\x1b[K,\n'}
[1.374354] (challenge) StderrLine: {'line': b'                 from \x1b[01m\x1b[K/home/jared/subbot/software-start-here/src/challenge/src/solution.cpp:8\x1b[m\x1b[K:\n'}
[1.374463] (challenge) StderrLine: {'line': b'\x1b[01m\x1b[K/opt/ros/foxy/include/rclcpp/publisher.hpp:73:3:\x1b[m\x1b[K \x1b[01;36m\x1b[Knote: \x1b[m\x1b[Kcandidate: \xe2\x80\x98\x1b[01m\x1b[Krclcpp::Publisher<MessageT, AllocatorT>::Publisher(rclcpp::node_interfaces::NodeBaseInterface*, const string&, const rclcpp::QoS&, const rclcpp::PublisherOptionsWithAllocator<AllocatorT>&) [with MessageT = geometry_msgs::msg::Twist_<std::allocator<void> >; AllocatorT = std::allocator<void>; std::string = std::__cxx11::basic_string<char>]\x1b[m\x1b[K\xe2\x80\x99\n'}
[1.374589] (challenge) StderrLine: {'line': b'   73 |   \x1b[01;36m\x1b[KPublisher\x1b[m\x1b[K(\n'}
[1.374699] (challenge) StderrLine: {'line': b'      |   \x1b[01;36m\x1b[K^~~~~~~~~\x1b[m\x1b[K\n'}
[1.374806] (challenge) StderrLine: {'line': b'\x1b[01m\x1b[K/opt/ros/foxy/include/rclcpp/publisher.hpp:73:3:\x1b[m\x1b[K \x1b[01;36m\x1b[Knote: \x1b[m\x1b[K  candidate expects 4 arguments, 0 provided\n'}
[1.374914] (challenge) StderrLine: {'line': b'\x1b[01m\x1b[K/opt/ros/foxy/include/rclcpp/publisher.hpp:51:7:\x1b[m\x1b[K \x1b[01;36m\x1b[Knote: \x1b[m\x1b[Kcandidate: \xe2\x80\x98\x1b[01m\x1b[Krclcpp::Publisher<geometry_msgs::msg::Twist_<std::allocator<void> > >::Publisher(const rclcpp::Publisher<geometry_msgs::msg::Twist_<std::allocator<void> > >&)\x1b[m\x1b[K\xe2\x80\x99\n'}
[1.375037] (challenge) StderrLine: {'line': b'   51 | class \x1b[01;36m\x1b[KPublisher\x1b[m\x1b[K : public PublisherBase\n'}
[1.375145] (challenge) StderrLine: {'line': b'      |       \x1b[01;36m\x1b[K^~~~~~~~~\x1b[m\x1b[K\n'}
[1.375250] (challenge) StderrLine: {'line': b'\x1b[01m\x1b[K/opt/ros/foxy/include/rclcpp/publisher.hpp:51:7:\x1b[m\x1b[K \x1b[01;36m\x1b[Knote: \x1b[m\x1b[K  candidate expects 1 argument, 0 provided\n'}
[1.375357] (challenge) StderrLine: {'line': b'\x1b[01m\x1b[K/home/jared/subbot/software-start-here/src/challenge/src/solution.cpp:20:88:\x1b[m\x1b[K \x1b[01;31m\x1b[Kerror: \x1b[m\x1b[Kno matching function for call to \xe2\x80\x98\x1b[01m\x1b[Ksolution::create_publisher<geometry_msgs::msg::Twist>(const char [17])\x1b[m\x1b[K\xe2\x80\x99\n'}
[1.375466] (challenge) StderrLine: {'line': b'   20 |       publisher_ = this->create_publisher<geometry_msgs::msg::Twist>("/turtle1/cmd_vel"\x1b[01;31m\x1b[K)\x1b[m\x1b[K;//, 10);\n'}
[1.375573] (challenge) StderrLine: {'line': b'      |                                                                                        \x1b[01;31m\x1b[K^\x1b[m\x1b[K\n'}
[1.375679] (challenge) StderrLine: {'line': b'In file included from \x1b[01m\x1b[K/opt/ros/foxy/include/rclcpp/executors/single_threaded_executor.hpp:28\x1b[m\x1b[K,\n'}
[1.375801] (challenge) StderrLine: {'line': b'                 from \x1b[01m\x1b[K/opt/ros/foxy/include/rclcpp/executors.hpp:22\x1b[m\x1b[K,\n'}
[1.375905] (challenge) StderrLine: {'line': b'                 from \x1b[01m\x1b[K/opt/ros/foxy/include/rclcpp/rclcpp.hpp:146\x1b[m\x1b[K,\n'}
[1.376011] (challenge) StderrLine: {'line': b'                 from \x1b[01m\x1b[K/home/jared/subbot/software-start-here/src/challenge/src/solution.cpp:8\x1b[m\x1b[K:\n'}
[1.376113] (challenge) StderrLine: {'line': b'\x1b[01m\x1b[K/opt/ros/foxy/include/rclcpp/node.hpp:184:3:\x1b[m\x1b[K \x1b[01;36m\x1b[Knote: \x1b[m\x1b[Kcandidate: \xe2\x80\x98\x1b[01m\x1b[Ktemplate<class MessageT, class AllocatorT, class PublisherT> std::shared_ptr<PublisherT> rclcpp::Node::create_publisher(const string&, const rclcpp::QoS&, const rclcpp::PublisherOptionsWithAllocator<AllocatorT>&)\x1b[m\x1b[K\xe2\x80\x99\n'}
[1.376220] (challenge) StderrLine: {'line': b'  184 |   \x1b[01;36m\x1b[Kcreate_publisher\x1b[m\x1b[K(\n'}
[1.376323] (challenge) StderrLine: {'line': b'      |   \x1b[01;36m\x1b[K^~~~~~~~~~~~~~~~\x1b[m\x1b[K\n'}
[1.376424] (challenge) StderrLine: {'line': b'\x1b[01m\x1b[K/opt/ros/foxy/include/rclcpp/node.hpp:184:3:\x1b[m\x1b[K \x1b[01;36m\x1b[Knote: \x1b[m\x1b[K  template argument deduction/substitution failed:\n'}
[1.376528] (challenge) StderrLine: {'line': b'\x1b[01m\x1b[K/home/jared/subbot/software-start-here/src/challenge/src/solution.cpp:20:88:\x1b[m\x1b[K \x1b[01;36m\x1b[Knote: \x1b[m\x1b[K  candidate expects 3 arguments, 1 provided\n'}
[1.376631] (challenge) StderrLine: {'line': b'   20 |       publisher_ = this->create_publisher<geometry_msgs::msg::Twist>("/turtle1/cmd_vel"\x1b[01;36m\x1b[K)\x1b[m\x1b[K;//, 10);\n'}
[1.376733] (challenge) StderrLine: {'line': b'      |                                                                                        \x1b[01;36m\x1b[K^\x1b[m\x1b[K\n'}
[1.376835] (challenge) StderrLine: {'line': b'\x1b[01m\x1b[K/home/jared/subbot/software-start-here/src/challenge/src/solution.cpp:22:9:\x1b[m\x1b[K \x1b[01;31m\x1b[Kerror: \x1b[m\x1b[Kunable to find numeric literal operator \xe2\x80\x98\x1b[01m\x1b[Koperator""ms\x1b[m\x1b[K\xe2\x80\x99\n'}
[1.376940] (challenge) StderrLine: {'line': b'   22 |         \x1b[01;31m\x1b[K10ms\x1b[m\x1b[K, std::bind(&solution::sine_motion, this)\n'}
[1.377043] (challenge) StderrLine: {'line': b'      |         \x1b[01;31m\x1b[K^~~~\x1b[m\x1b[K\n'}
[1.377801] (challenge) StderrLine: {'line': b'\x1b[01m\x1b[K/home/jared/subbot/software-start-here/src/challenge/src/solution.cpp:\x1b[m\x1b[K In member function \xe2\x80\x98\x1b[01m\x1b[Kvoid solution::sine_motion()\x1b[m\x1b[K\xe2\x80\x99:\n'}
[1.378029] (challenge) StderrLine: {'line': b'\x1b[01m\x1b[K/home/jared/subbot/software-start-here/src/challenge/src/solution.cpp:30:102:\x1b[m\x1b[K \x1b[01;31m\x1b[Kerror: \x1b[m\x1b[Kno match for \xe2\x80\x98\x1b[01m\x1b[Koperator=\x1b[m\x1b[K\xe2\x80\x99 (operand types are \xe2\x80\x98\x1b[01m\x1b[Kgeometry_msgs::msg::Twist_<std::allocator<void> >\x1b[m\x1b[K\xe2\x80\x99 and \xe2\x80\x98\x1b[01m\x1b[Kstd::__cxx11::basic_string<char>\x1b[m\x1b[K\xe2\x80\x99)\n'}
[1.378263] (challenge) StderrLine: {'line': b'   30 |       signal = "{linear: {x: " + std::to_string(cos(time_)) + ", y: " + std::to_string(sin(time_)) + \x1b[01;31m\x1b[K", z: 0.0}, angular: {x: 0.0, y: 0.0, z: 1.8}}"\x1b[m\x1b[K;\n'}
[1.378373] (challenge) StderrLine: {'line': b'      |                                                                                                      \x1b[01;31m\x1b[K^~~~~~~~~~~~~~~~~~~~~~~~~~~~~~~~~~~~~~~~~~~~~~~\x1b[m\x1b[K\n'}
[1.378484] (challenge) StderrLine: {'line': b'In file included from \x1b[01m\x1b[K/opt/ros/foxy/include/geometry_msgs/msg/twist.hpp:7\x1b[m\x1b[K,\n'}
[1.378588] (challenge) StderrLine: {'line': b'                 from \x1b[01m\x1b[K/home/jared/subbot/software-start-here/src/challenge/src/solution.cpp:9\x1b[m\x1b[K:\n'}
[1.378692] (challenge) StderrLine: {'line': b'\x1b[01m\x1b[K/opt/ros/foxy/include/geometry_msgs/msg/detail/twist__struct.hpp:36:8:\x1b[m\x1b[K \x1b[01;36m\x1b[Knote: \x1b[m\x1b[Kcandidate: \xe2\x80\x98\x1b[01m\x1b[Kconstexpr geometry_msgs::msg::Twist_<std::allocator<void> >& geometry_msgs::msg::Twist_<std::allocator<void> >::operator=(const geometry_msgs::msg::Twist_<std::allocator<void> >&)\x1b[m\x1b[K\xe2\x80\x99\n'}
[1.378801] (challenge) StderrLine: {'line': b'   36 | struct \x1b[01;36m\x1b[KTwist_\x1b[m\x1b[K\n'}
[1.378910] (challenge) StderrLine: {'line': b'      |        \x1b[01;36m\x1b[K^~~~~~\x1b[m\x1b[K\n'}
[1.379012] (challenge) StderrLine: {'line': b'\x1b[01m\x1b[K/opt/ros/foxy/include/geometry_msgs/msg/detail/twist__struct.hpp:36:8:\x1b[m\x1b[K \x1b[01;36m\x1b[Knote: \x1b[m\x1b[K  no known conversion for argument 1 from \xe2\x80\x98\x1b[01m\x1b[Kstd::__cxx11::basic_string<char>\x1b[m\x1b[K\xe2\x80\x99 to \xe2\x80\x98\x1b[01m\x1b[Kconst geometry_msgs::msg::Twist_<std::allocator<void> >&\x1b[m\x1b[K\xe2\x80\x99\n'}
[1.379129] (challenge) StderrLine: {'line': b'\x1b[01m\x1b[K/opt/ros/foxy/include/geometry_msgs/msg/detail/twist__struct.hpp:36:8:\x1b[m\x1b[K \x1b[01;36m\x1b[Knote: \x1b[m\x1b[Kcandidate: \xe2\x80\x98\x1b[01m\x1b[Kconstexpr geometry_msgs::msg::Twist_<std::allocator<void> >& geometry_msgs::msg::Twist_<std::allocator<void> >::operator=(geometry_msgs::msg::Twist_<std::allocator<void> >&&)\x1b[m\x1b[K\xe2\x80\x99\n'}
[1.379240] (challenge) StderrLine: {'line': b'\x1b[01m\x1b[K/opt/ros/foxy/include/geometry_msgs/msg/detail/twist__struct.hpp:36:8:\x1b[m\x1b[K \x1b[01;36m\x1b[Knote: \x1b[m\x1b[K  no known conversion for argument 1 from \xe2\x80\x98\x1b[01m\x1b[Kstd::__cxx11::basic_string<char>\x1b[m\x1b[K\xe2\x80\x99 to \xe2\x80\x98\x1b[01m\x1b[Kgeometry_msgs::msg::Twist_<std::allocator<void> >&&\x1b[m\x1b[K\xe2\x80\x99\n'}
[1.403692] (-) TimerEvent: {}
[1.504113] (-) TimerEvent: {}
[1.604500] (-) TimerEvent: {}
[1.704884] (-) TimerEvent: {}
[1.805229] (-) TimerEvent: {}
[1.875577] (challenge) StderrLine: {'line': b'make[2]: *** [CMakeFiles/solution.dir/build.make:63: CMakeFiles/solution.dir/src/solution.cpp.o] Error 1\n'}
[1.875878] (challenge) StderrLine: {'line': b'make[1]: *** [CMakeFiles/Makefile2:78: CMakeFiles/solution.dir/all] Error 2\n'}
[1.876059] (challenge) StderrLine: {'line': b'make: *** [Makefile:141: all] Error 2\n'}
[1.878260] (challenge) CommandEnded: {'returncode': 2}
[1.878750] (challenge) JobEnded: {'identifier': 'challenge', 'rc': 2}
[1.890352] (-) EventReactorShutdown: {}
