[0.323s] DEBUG:colcon:Command line arguments: ['/usr/bin/colcon', 'build', '--packages-select', 'turtle_package']
[0.323s] DEBUG:colcon:Parsed command line arguments: Namespace(ament_cmake_args=None, base_paths=['.'], build_base='build', catkin_cmake_args=None, catkin_skip_building_tests=False, cmake_args=None, cmake_clean_cache=False, cmake_clean_first=False, cmake_force_configure=False, cmake_target=None, cmake_target_skip_unavailable=False, continue_on_error=False, event_handlers=None, executor='parallel', ignore_user_meta=False, install_base='install', log_base=None, log_level=None, main=<bound method BuildVerb.main of <colcon_core.verb.build.BuildVerb object at 0x7fdf1123d5e0>>, merge_install=False, metas=['./colcon.meta'], packages_above=None, packages_above_and_dependencies=None, packages_above_depth=None, packages_end=None, packages_ignore=None, packages_ignore_regex=None, packages_select=['turtle_package'], packages_select_build_failed=False, packages_select_by_dep=None, packages_select_regex=None, packages_select_test_failures=False, packages_skip=None, packages_skip_build_finished=False, packages_skip_by_dep=None, packages_skip_regex=None, packages_skip_test_passed=False, packages_skip_up_to=None, packages_start=None, packages_up_to=None, packages_up_to_regex=None, parallel_workers=2, paths=None, symlink_install=False, test_result_base=None, verb_extension=<colcon_core.verb.build.BuildVerb object at 0x7fdf1123d5e0>, verb_name='build', verb_parser=<colcon_defaults.argument_parser.defaults.DefaultArgumentsDecorator object at 0x7fdf1123db20>)
[0.356s] Level 1:colcon.colcon_core.package_discovery:discover_packages(colcon_meta) check parameters
[0.357s] Level 1:colcon.colcon_core.package_discovery:discover_packages(recursive) check parameters
[0.357s] Level 1:colcon.colcon_core.package_discovery:discover_packages(ignore) check parameters
[0.357s] Level 1:colcon.colcon_core.package_discovery:discover_packages(path) check parameters
[0.357s] Level 1:colcon.colcon_core.package_discovery:discover_packages(colcon_meta) discover
[0.357s] Level 1:colcon.colcon_core.package_discovery:discover_packages(recursive) discover
[0.357s] INFO:colcon.colcon_core.package_discovery:Crawling recursively for packages in '/home/andrewubuntu/software-start-here'
[0.357s] Level 1:colcon.colcon_core.package_identification:_identify(.) by extensions ['ignore', 'ignore_ament_install']
[0.357s] Level 1:colcon.colcon_core.package_identification:_identify(.) by extension 'ignore'
[0.357s] Level 1:colcon.colcon_core.package_identification:_identify(.) by extension 'ignore_ament_install'
[0.358s] Level 1:colcon.colcon_core.package_identification:_identify(.) by extensions ['colcon_pkg']
[0.358s] Level 1:colcon.colcon_core.package_identification:_identify(.) by extension 'colcon_pkg'
[0.358s] Level 1:colcon.colcon_core.package_identification:_identify(.) by extensions ['colcon_meta']
[0.358s] Level 1:colcon.colcon_core.package_identification:_identify(.) by extension 'colcon_meta'
[0.358s] Level 1:colcon.colcon_core.package_identification:_identify(.) by extensions ['ros']
[0.358s] Level 1:colcon.colcon_core.package_identification:_identify(.) by extension 'ros'
[0.379s] Level 1:colcon.colcon_core.package_identification:_identify(.) by extensions ['cmake', 'python']
[0.379s] Level 1:colcon.colcon_core.package_identification:_identify(.) by extension 'cmake'
[0.379s] Level 1:colcon.colcon_core.package_identification:_identify(.) by extension 'python'
[0.379s] Level 1:colcon.colcon_core.package_identification:_identify(.) by extensions ['python_setup_py']
[0.379s] Level 1:colcon.colcon_core.package_identification:_identify(.) by extension 'python_setup_py'
[0.380s] Level 1:colcon.colcon_core.package_identification:_identify(build) by extensions ['ignore', 'ignore_ament_install']
[0.380s] Level 1:colcon.colcon_core.package_identification:_identify(build) by extension 'ignore'
[0.380s] Level 1:colcon.colcon_core.package_identification:_identify(build) ignored
[0.380s] Level 1:colcon.colcon_core.package_identification:_identify(install) by extensions ['ignore', 'ignore_ament_install']
[0.380s] Level 1:colcon.colcon_core.package_identification:_identify(install) by extension 'ignore'
[0.380s] Level 1:colcon.colcon_core.package_identification:_identify(install) ignored
[0.381s] Level 1:colcon.colcon_core.package_identification:_identify(log) by extensions ['ignore', 'ignore_ament_install']
[0.381s] Level 1:colcon.colcon_core.package_identification:_identify(log) by extension 'ignore'
[0.381s] Level 1:colcon.colcon_core.package_identification:_identify(log) ignored
[0.381s] Level 1:colcon.colcon_core.package_identification:_identify(src) by extensions ['ignore', 'ignore_ament_install']
[0.381s] Level 1:colcon.colcon_core.package_identification:_identify(src) by extension 'ignore'
[0.381s] Level 1:colcon.colcon_core.package_identification:_identify(src) by extension 'ignore_ament_install'
[0.381s] Level 1:colcon.colcon_core.package_identification:_identify(src) by extensions ['colcon_pkg']
[0.381s] Level 1:colcon.colcon_core.package_identification:_identify(src) by extension 'colcon_pkg'
[0.381s] Level 1:colcon.colcon_core.package_identification:_identify(src) by extensions ['colcon_meta']
[0.381s] Level 1:colcon.colcon_core.package_identification:_identify(src) by extension 'colcon_meta'
[0.381s] Level 1:colcon.colcon_core.package_identification:_identify(src) by extensions ['ros']
[0.382s] Level 1:colcon.colcon_core.package_identification:_identify(src) by extension 'ros'
[0.382s] Level 1:colcon.colcon_core.package_identification:_identify(src) by extensions ['cmake', 'python']
[0.382s] Level 1:colcon.colcon_core.package_identification:_identify(src) by extension 'cmake'
[0.382s] Level 1:colcon.colcon_core.package_identification:_identify(src) by extension 'python'
[0.382s] Level 1:colcon.colcon_core.package_identification:_identify(src) by extensions ['python_setup_py']
[0.382s] Level 1:colcon.colcon_core.package_identification:_identify(src) by extension 'python_setup_py'
[0.382s] Level 1:colcon.colcon_core.package_identification:_identify(src/turtle_package) by extensions ['ignore', 'ignore_ament_install']
[0.382s] Level 1:colcon.colcon_core.package_identification:_identify(src/turtle_package) by extension 'ignore'
[0.382s] Level 1:colcon.colcon_core.package_identification:_identify(src/turtle_package) by extension 'ignore_ament_install'
[0.382s] Level 1:colcon.colcon_core.package_identification:_identify(src/turtle_package) by extensions ['colcon_pkg']
[0.382s] Level 1:colcon.colcon_core.package_identification:_identify(src/turtle_package) by extension 'colcon_pkg'
[0.383s] Level 1:colcon.colcon_core.package_identification:_identify(src/turtle_package) by extensions ['colcon_meta']
[0.383s] Level 1:colcon.colcon_core.package_identification:_identify(src/turtle_package) by extension 'colcon_meta'
[0.383s] Level 1:colcon.colcon_core.package_identification:_identify(src/turtle_package) by extensions ['ros']
[0.383s] Level 1:colcon.colcon_core.package_identification:_identify(src/turtle_package) by extension 'ros'
[0.387s] DEBUG:colcon.colcon_core.package_identification:Package 'src/turtle_package' with type 'ros.ament_cmake' and name 'turtle_package'
[0.387s] Level 1:colcon.colcon_core.package_discovery:discover_packages(recursive) using defaults
[0.388s] Level 1:colcon.colcon_core.package_discovery:discover_packages(ignore) discover
[0.388s] Level 1:colcon.colcon_core.package_discovery:discover_packages(ignore) using defaults
[0.388s] Level 1:colcon.colcon_core.package_discovery:discover_packages(path) discover
[0.388s] Level 1:colcon.colcon_core.package_discovery:discover_packages(path) using defaults
[0.398s] Level 5:colcon.colcon_core.verb:set package 'turtle_package' build argument 'cmake_args' from command line to 'None'
[0.398s] Level 5:colcon.colcon_core.verb:set package 'turtle_package' build argument 'cmake_target' from command line to 'None'
[0.398s] Level 5:colcon.colcon_core.verb:set package 'turtle_package' build argument 'cmake_target_skip_unavailable' from command line to 'False'
[0.398s] Level 5:colcon.colcon_core.verb:set package 'turtle_package' build argument 'cmake_clean_cache' from command line to 'False'
[0.398s] Level 5:colcon.colcon_core.verb:set package 'turtle_package' build argument 'cmake_clean_first' from command line to 'False'
[0.398s] Level 5:colcon.colcon_core.verb:set package 'turtle_package' build argument 'cmake_force_configure' from command line to 'False'
[0.398s] Level 5:colcon.colcon_core.verb:set package 'turtle_package' build argument 'ament_cmake_args' from command line to 'None'
[0.398s] Level 5:colcon.colcon_core.verb:set package 'turtle_package' build argument 'catkin_cmake_args' from command line to 'None'
[0.398s] Level 5:colcon.colcon_core.verb:set package 'turtle_package' build argument 'catkin_skip_building_tests' from command line to 'False'
[0.398s] DEBUG:colcon.colcon_core.verb:Building package 'turtle_package' with the following arguments: {'ament_cmake_args': None, 'build_base': '/home/andrewubuntu/software-start-here/build/turtle_package', 'catkin_cmake_args': None, 'catkin_skip_building_tests': False, 'cmake_args': None, 'cmake_clean_cache': False, 'cmake_clean_first': False, 'cmake_force_configure': False, 'cmake_target': None, 'cmake_target_skip_unavailable': False, 'install_base': '/home/andrewubuntu/software-start-here/install/turtle_package', 'merge_install': False, 'path': '/home/andrewubuntu/software-start-here/src/turtle_package', 'symlink_install': False, 'test_result_base': None}
[0.399s] INFO:colcon.colcon_core.executor:Executing jobs using 'parallel' executor
[0.402s] DEBUG:colcon.colcon_parallel_executor.executor.parallel:run_until_complete
[0.403s] INFO:colcon.colcon_ros.task.ament_cmake.build:Building ROS package in '/home/andrewubuntu/software-start-here/src/turtle_package' with build type 'ament_cmake'
[0.403s] INFO:colcon.colcon_cmake.task.cmake.build:Building CMake package in '/home/andrewubuntu/software-start-here/src/turtle_package'
[0.409s] INFO:colcon.colcon_core.plugin_system:Skipping extension 'colcon_core.shell.bat': Not used on non-Windows systems
[0.410s] INFO:colcon.colcon_core.shell:Skip shell extension 'powershell' for command environment: Not usable outside of PowerShell
[0.410s] DEBUG:colcon.colcon_core.shell:Skip shell extension 'dsv' for command environment
[0.415s] DEBUG:colcon.colcon_core.shell:Ignoring prefix path '/opt/ros/foxy'
[0.448s] DEBUG:colcon.colcon_core.event_handler.log_command:Invoking command in '/home/andrewubuntu/software-start-here/build/turtle_package': CMAKE_PREFIX_PATH=${CMAKE_PREFIX_PATH}:/opt/ros/foxy /usr/bin/cmake --build /home/andrewubuntu/software-start-here/build/turtle_package -- -j2 -l2
[0.572s] DEBUG:colcon.colcon_core.event_handler.log_command:Invoked command in '/home/andrewubuntu/software-start-here/build/turtle_package' returned '0': CMAKE_PREFIX_PATH=${CMAKE_PREFIX_PATH}:/opt/ros/foxy /usr/bin/cmake --build /home/andrewubuntu/software-start-here/build/turtle_package -- -j2 -l2
[0.624s] DEBUG:colcon.colcon_core.event_handler.log_command:Invoking command in '/home/andrewubuntu/software-start-here/build/turtle_package': CMAKE_PREFIX_PATH=${CMAKE_PREFIX_PATH}:/opt/ros/foxy /usr/bin/cmake --install /home/andrewubuntu/software-start-here/build/turtle_package
[0.644s] Level 1:colcon.colcon_core.environment:create_environment_scripts_only(turtle_package)
[0.650s] Level 1:colcon.colcon_core.environment:checking '/home/andrewubuntu/software-start-here/install/turtle_package' for CMake module files
[0.651s] Level 1:colcon.colcon_core.environment:checking '/home/andrewubuntu/software-start-here/install/turtle_package' for CMake config files
[0.651s] Level 1:colcon.colcon_core.shell:create_environment_hook('turtle_package', 'cmake_prefix_path')
[0.652s] INFO:colcon.colcon_core.shell:Creating environment hook '/home/andrewubuntu/software-start-here/install/turtle_package/share/turtle_package/hook/cmake_prefix_path.ps1'
[0.653s] DEBUG:colcon.colcon_core.event_handler.log_command:Invoked command in '/home/andrewubuntu/software-start-here/build/turtle_package' returned '0': CMAKE_PREFIX_PATH=${CMAKE_PREFIX_PATH}:/opt/ros/foxy /usr/bin/cmake --install /home/andrewubuntu/software-start-here/build/turtle_package
[0.655s] INFO:colcon.colcon_core.shell:Creating environment descriptor '/home/andrewubuntu/software-start-here/install/turtle_package/share/turtle_package/hook/cmake_prefix_path.dsv'
[0.656s] INFO:colcon.colcon_core.shell:Creating environment hook '/home/andrewubuntu/software-start-here/install/turtle_package/share/turtle_package/hook/cmake_prefix_path.sh'
[0.658s] Level 1:colcon.colcon_core.environment:checking '/home/andrewubuntu/software-start-here/install/turtle_package/lib'
[0.658s] Level 1:colcon.colcon_core.environment:checking '/home/andrewubuntu/software-start-here/install/turtle_package/bin'
[0.658s] Level 1:colcon.colcon_core.environment:checking '/home/andrewubuntu/software-start-here/install/turtle_package/lib/pkgconfig/turtle_package.pc'
[0.658s] Level 1:colcon.colcon_core.environment:checking '/home/andrewubuntu/software-start-here/install/turtle_package/lib/python3.8/site-packages'
[0.659s] INFO:colcon.colcon_core.shell:Creating package script '/home/andrewubuntu/software-start-here/install/turtle_package/share/turtle_package/package.ps1'
[0.661s] INFO:colcon.colcon_core.shell:Creating package descriptor '/home/andrewubuntu/software-start-here/install/turtle_package/share/turtle_package/package.dsv'
[0.662s] INFO:colcon.colcon_core.shell:Creating package script '/home/andrewubuntu/software-start-here/install/turtle_package/share/turtle_package/package.sh'
[0.664s] INFO:colcon.colcon_core.shell:Creating package script '/home/andrewubuntu/software-start-here/install/turtle_package/share/turtle_package/package.bash'
[0.666s] INFO:colcon.colcon_core.shell:Creating package script '/home/andrewubuntu/software-start-here/install/turtle_package/share/turtle_package/package.zsh'
[0.667s] Level 1:colcon.colcon_core.environment:create_file_with_runtime_dependencies(/home/andrewubuntu/software-start-here/install/turtle_package/share/colcon-core/packages/turtle_package)
[0.710s] Level 1:colcon.colcon_core.environment:create_environment_scripts_only(turtle_package)
[0.712s] Level 1:colcon.colcon_core.environment:checking '/home/andrewubuntu/software-start-here/install/turtle_package' for CMake module files
[0.713s] Level 1:colcon.colcon_core.environment:checking '/home/andrewubuntu/software-start-here/install/turtle_package' for CMake config files
[0.713s] Level 1:colcon.colcon_core.shell:create_environment_hook('turtle_package', 'cmake_prefix_path')
[0.715s] INFO:colcon.colcon_core.shell:Creating environment hook '/home/andrewubuntu/software-start-here/install/turtle_package/share/turtle_package/hook/cmake_prefix_path.ps1'
[0.716s] INFO:colcon.colcon_core.shell:Creating environment descriptor '/home/andrewubuntu/software-start-here/install/turtle_package/share/turtle_package/hook/cmake_prefix_path.dsv'
[0.716s] INFO:colcon.colcon_core.shell:Creating environment hook '/home/andrewubuntu/software-start-here/install/turtle_package/share/turtle_package/hook/cmake_prefix_path.sh'
[0.717s] Level 1:colcon.colcon_core.environment:checking '/home/andrewubuntu/software-start-here/install/turtle_package/lib'
[0.717s] Level 1:colcon.colcon_core.environment:checking '/home/andrewubuntu/software-start-here/install/turtle_package/bin'
[0.718s] Level 1:colcon.colcon_core.environment:checking '/home/andrewubuntu/software-start-here/install/turtle_package/lib/pkgconfig/turtle_package.pc'
[0.718s] Level 1:colcon.colcon_core.environment:checking '/home/andrewubuntu/software-start-here/install/turtle_package/lib/python3.8/site-packages'
[0.719s] INFO:colcon.colcon_core.shell:Creating package script '/home/andrewubuntu/software-start-here/install/turtle_package/share/turtle_package/package.ps1'
[0.720s] INFO:colcon.colcon_core.shell:Creating package descriptor '/home/andrewubuntu/software-start-here/install/turtle_package/share/turtle_package/package.dsv'
[0.721s] INFO:colcon.colcon_core.shell:Creating package script '/home/andrewubuntu/software-start-here/install/turtle_package/share/turtle_package/package.sh'
[0.722s] INFO:colcon.colcon_core.shell:Creating package script '/home/andrewubuntu/software-start-here/install/turtle_package/share/turtle_package/package.bash'
[0.723s] INFO:colcon.colcon_core.shell:Creating package script '/home/andrewubuntu/software-start-here/install/turtle_package/share/turtle_package/package.zsh'
[0.724s] Level 1:colcon.colcon_core.environment:create_file_with_runtime_dependencies(/home/andrewubuntu/software-start-here/install/turtle_package/share/colcon-core/packages/turtle_package)
[0.725s] DEBUG:colcon.colcon_parallel_executor.executor.parallel:closing loop
[0.725s] DEBUG:colcon.colcon_parallel_executor.executor.parallel:loop closed
[0.725s] DEBUG:colcon.colcon_parallel_executor.executor.parallel:run_until_complete finished with '0'
[0.726s] DEBUG:colcon.colcon_core.event_reactor:joining thread
[0.747s] INFO:colcon.colcon_core.plugin_system:Skipping extension 'colcon_notification.desktop_notification.terminal_notifier': Not used on non-Darwin systems
[0.747s] INFO:colcon.colcon_core.plugin_system:Skipping extension 'colcon_notification.desktop_notification.win32': Not used on non-Windows systems
[0.747s] INFO:colcon.colcon_notification.desktop_notification:Sending desktop notification using 'notify2'
[0.772s] DEBUG:colcon.colcon_core.event_reactor:joined thread
[0.774s] INFO:colcon.colcon_core.shell:Creating prefix script '/home/andrewubuntu/software-start-here/install/local_setup.ps1'
[0.776s] INFO:colcon.colcon_core.shell:Creating prefix util module '/home/andrewubuntu/software-start-here/install/_local_setup_util_ps1.py'
[0.789s] INFO:colcon.colcon_core.shell:Creating prefix chain script '/home/andrewubuntu/software-start-here/install/setup.ps1'
[0.797s] INFO:colcon.colcon_core.shell:Creating prefix script '/home/andrewubuntu/software-start-here/install/local_setup.sh'
[0.798s] INFO:colcon.colcon_core.shell:Creating prefix util module '/home/andrewubuntu/software-start-here/install/_local_setup_util_sh.py'
[0.799s] INFO:colcon.colcon_core.shell:Creating prefix chain script '/home/andrewubuntu/software-start-here/install/setup.sh'
[0.804s] INFO:colcon.colcon_core.shell:Creating prefix script '/home/andrewubuntu/software-start-here/install/local_setup.bash'
[0.805s] INFO:colcon.colcon_core.shell:Creating prefix chain script '/home/andrewubuntu/software-start-here/install/setup.bash'
[0.812s] INFO:colcon.colcon_core.shell:Creating prefix script '/home/andrewubuntu/software-start-here/install/local_setup.zsh'
[0.813s] INFO:colcon.colcon_core.shell:Creating prefix chain script '/home/andrewubuntu/software-start-here/install/setup.zsh'
