[0.030s] Invoking command in '/home/andrewubuntu/software-start-here/build/turtle_package': CMAKE_PREFIX_PATH=${CMAKE_PREFIX_PATH}:/opt/ros/foxy /usr/bin/cmake --build /home/andrewubuntu/software-start-here/build/turtle_package -- -j2 -l2
[0.113s] [ 50%] Built target turtle_node
[0.129s] [100%] Built target turtle_sine
[0.146s] Invoked command in '/home/andrewubuntu/software-start-here/build/turtle_package' returned '0': CMAKE_PREFIX_PATH=${CMAKE_PREFIX_PATH}:/opt/ros/foxy /usr/bin/cmake --build /home/andrewubuntu/software-start-here/build/turtle_package -- -j2 -l2
[0.199s] Invoking command in '/home/andrewubuntu/software-start-here/build/turtle_package': CMAKE_PREFIX_PATH=${CMAKE_PREFIX_PATH}:/opt/ros/foxy /usr/bin/cmake --install /home/andrewubuntu/software-start-here/build/turtle_package
[0.213s] -- Install configuration: ""
[0.214s] -- Up-to-date: /home/andrewubuntu/software-start-here/install/turtle_package/lib/turtle_package/turtle_node
[0.215s] -- Up-to-date: /home/andrewubuntu/software-start-here/install/turtle_package/lib/turtle_package/turtle_sine
[0.216s] -- Up-to-date: /home/andrewubuntu/software-start-here/install/turtle_package/share/turtle_package//launch
[0.216s] -- Installing: /home/andrewubuntu/software-start-here/install/turtle_package/share/turtle_package//launch/turtle_sine.launch.py
[0.216s] -- Up-to-date: /home/andrewubuntu/software-start-here/install/turtle_package/share/turtle_package//launch/__pycache__
[0.216s] -- Up-to-date: /home/andrewubuntu/software-start-here/install/turtle_package/share/turtle_package//launch/__pycache__/turtle_sine.launch.cpython-38.pyc
[0.217s] -- Up-to-date: /home/andrewubuntu/software-start-here/install/turtle_package/share/ament_index/resource_index/package_run_dependencies/turtle_package
[0.217s] -- Up-to-date: /home/andrewubuntu/software-start-here/install/turtle_package/share/ament_index/resource_index/parent_prefix_path/turtle_package
[0.218s] -- Up-to-date: /home/andrewubuntu/software-start-here/install/turtle_package/share/turtle_package/environment/ament_prefix_path.sh
[0.218s] -- Up-to-date: /home/andrewubuntu/software-start-here/install/turtle_package/share/turtle_package/environment/ament_prefix_path.dsv
[0.218s] -- Up-to-date: /home/andrewubuntu/software-start-here/install/turtle_package/share/turtle_package/environment/path.sh
[0.219s] -- Up-to-date: /home/andrewubuntu/software-start-here/install/turtle_package/share/turtle_package/environment/path.dsv
[0.219s] -- Up-to-date: /home/andrewubuntu/software-start-here/install/turtle_package/share/turtle_package/local_setup.bash
[0.219s] -- Up-to-date: /home/andrewubuntu/software-start-here/install/turtle_package/share/turtle_package/local_setup.sh
[0.219s] -- Up-to-date: /home/andrewubuntu/software-start-here/install/turtle_package/share/turtle_package/local_setup.zsh
[0.220s] -- Up-to-date: /home/andrewubuntu/software-start-here/install/turtle_package/share/turtle_package/local_setup.dsv
[0.220s] -- Installing: /home/andrewubuntu/software-start-here/install/turtle_package/share/turtle_package/package.dsv
[0.221s] -- Up-to-date: /home/andrewubuntu/software-start-here/install/turtle_package/share/ament_index/resource_index/packages/turtle_package
[0.221s] -- Up-to-date: /home/andrewubuntu/software-start-here/install/turtle_package/share/turtle_package/cmake/turtle_packageConfig.cmake
[0.221s] -- Up-to-date: /home/andrewubuntu/software-start-here/install/turtle_package/share/turtle_package/cmake/turtle_packageConfig-version.cmake
[0.221s] -- Up-to-date: /home/andrewubuntu/software-start-here/install/turtle_package/share/turtle_package/package.xml
[0.228s] Invoked command in '/home/andrewubuntu/software-start-here/build/turtle_package' returned '0': CMAKE_PREFIX_PATH=${CMAKE_PREFIX_PATH}:/opt/ros/foxy /usr/bin/cmake --install /home/andrewubuntu/software-start-here/build/turtle_package
