[35m[1mScanning dependencies of target solution[0m
[ 50%] [32mBuilding CXX object CMakeFiles/solution.dir/src/solution.cpp.o[0m
[01m[K/home/jared/subbot/software-start-here/src/challenge/src/solution.cpp:[m[K In constructor ‘[01m[Ksolution::solution()[m[K’:
[01m[K/home/jared/subbot/software-start-here/src/challenge/src/solution.cpp:22:9:[m[K [01;31m[Kerror: [m[Kunable to find numeric literal operator ‘[01m[Koperator""ms[m[K’
   22 |         [01;31m[K10ms[m[K, std::bind(&solution::sine_motion, this)
      |         [01;31m[K^~~~[m[K
[01m[K/home/jared/subbot/software-start-here/src/challenge/src/solution.cpp:[m[K In member function ‘[01m[Kvoid solution::sine_motion()[m[K’:
[01m[K/home/jared/subbot/software-start-here/src/challenge/src/solution.cpp:31:39:[m[K [01;31m[Kerror: [m[Kcannot convert ‘[01m[Kstd::string[m[K’ {aka ‘[01m[Kstd::__cxx11::basic_string<char>[m[K’} to ‘[01m[Kgeometry_msgs::msg::Vector3_<std::allocator<void> >::_x_type[m[K’ {aka ‘[01m[Kdouble[m[K’} in assignment
   31 |       signal.linear.x = [01;31m[Kstd::to_string(cos(time_))[m[K;
      |                         [01;31m[K~~~~~~~~~~~~~~^~~~~~~~~~~~[m[K
      |                                       [01;31m[K|[m[K
      |                                       [01;31m[Kstd::string {aka std::__cxx11::basic_string<char>}[m[K
[01m[K/home/jared/subbot/software-start-here/src/challenge/src/solution.cpp:32:39:[m[K [01;31m[Kerror: [m[Kcannot convert ‘[01m[Kstd::string[m[K’ {aka ‘[01m[Kstd::__cxx11::basic_string<char>[m[K’} to ‘[01m[Kgeometry_msgs::msg::Vector3_<std::allocator<void> >::_z_type[m[K’ {aka ‘[01m[Kdouble[m[K’} in assignment
   32 |       signal.linear.z = [01;31m[Kstd::to_string(sin(time_))[m[K;
      |                         [01;31m[K~~~~~~~~~~~~~~^~~~~~~~~~~~[m[K
      |                                       [01;31m[K|[m[K
      |                                       [01;31m[Kstd::string {aka std::__cxx11::basic_string<char>}[m[K
[01m[K/home/jared/subbot/software-start-here/src/challenge/src/solution.cpp:35:7:[m[K [01;31m[Kerror: [m[K‘[01m[Kpublisher_[m[K’ was not declared in this scope; did you mean ‘[01m[Krcl_publisher_t[m[K’?
   35 |       [01;31m[Kpublisher_[m[K.publish(signal);
      |       [01;31m[K^~~~~~~~~~[m[K
      |       [32m[Krcl_publisher_t[m[K
make[2]: *** [CMakeFiles/solution.dir/build.make:63: CMakeFiles/solution.dir/src/solution.cpp.o] Error 1
make[1]: *** [CMakeFiles/Makefile2:78: CMakeFiles/solution.dir/all] Error 2
make: *** [Makefile:141: all] Error 2
