[0.000000] (-) TimerEvent: {}
[0.000589] (challenge) JobQueued: {'identifier': 'challenge', 'dependencies': OrderedDict()}
[0.001199] (challenge) JobStarted: {'identifier': 'challenge'}
[0.012134] (challenge) JobProgress: {'identifier': 'challenge', 'progress': 'cmake'}
[0.013250] (challenge) JobProgress: {'identifier': 'challenge', 'progress': 'build'}
[0.014179] (challenge) Command: {'cmd': ['/usr/bin/cmake', '--build', '/home/jared/subbot/software-start-here/build/challenge', '--', '-j8', '-l8'], 'cwd': '/home/jared/subbot/software-start-here/build/challenge', 'env': OrderedDict([('LANGUAGE', 'en_CA:en'), ('USER', 'jared'), ('SSH_AGENT_PID', '1696'), ('XDG_SESSION_TYPE', 'x11'), ('SHLVL', '1'), ('LD_LIBRARY_PATH', '/usr/lib/x86_64-linux-gnu/gazebo-11/plugins:/opt/ros/foxy/opt/yaml_cpp_vendor/lib:/opt/ros/foxy/opt/rviz_ogre_vendor/lib:/opt/ros/foxy/lib/x86_64-linux-gnu:/opt/ros/foxy/lib'), ('HOME', '/home/jared'), ('OLDPWD', '/home/jared/subbot/software-start-here/src'), ('DESKTOP_SESSION', 'ubuntu'), ('ROS_PYTHON_VERSION', '3'), ('GNOME_SHELL_SESSION_MODE', 'ubuntu'), ('GTK_MODULES', 'gail:atk-bridge'), ('MANAGERPID', '1506'), ('DBUS_SESSION_BUS_ADDRESS', 'unix:path=/run/user/1000/bus'), ('COLORTERM', 'truecolor'), ('_colcon_cd_root', '/home/jared/ros2_install'), ('IM_CONFIG_PHASE', '1'), ('ROS_DISTRO', 'foxy'), ('LOGNAME', 'jared'), ('JOURNAL_STREAM', '9:45149'), ('_', '/usr/bin/colcon'), ('ROS_VERSION', '2'), ('XDG_SESSION_CLASS', 'user'), ('USERNAME', 'jared'), ('TERM', 'xterm-256color'), ('GNOME_DESKTOP_SESSION_ID', 'this-is-deprecated'), ('ROS_LOCALHOST_ONLY', '0'), ('WINDOWPATH', '2'), ('PATH', '/opt/ros/foxy/bin:/home/jared/.local/bin:/usr/local/sbin:/usr/local/bin:/usr/sbin:/usr/bin:/sbin:/bin:/usr/games:/usr/local/games:/snap/bin:/root/.gem/ruby/2.7.0/bin:/home/jared/.gem/ruby/2.7.0/bin:/home/jared/scripts'), ('SESSION_MANAGER', 'local/jubuntu:@/tmp/.ICE-unix/1739,unix/jubuntu:/tmp/.ICE-unix/1739'), ('INVOCATION_ID', 'e41a210809414c5c8b9a68304b16fc69'), ('XDG_MENU_PREFIX', 'gnome-'), ('GNOME_TERMINAL_SCREEN', '/org/gnome/Terminal/screen/903603fd_18ce_4b9a_81f1_2cf64c9671c6'), ('XDG_RUNTIME_DIR', '/run/user/1000'), ('DISPLAY', ':0'), ('LANG', 'en_US.UTF-8'), ('XDG_CURRENT_DESKTOP', 'ubuntu:GNOME'), ('XMODIFIERS', '@im=ibus'), ('XDG_SESSION_DESKTOP', 'ubuntu'), ('XAUTHORITY', '/run/user/1000/gdm/Xauthority'), ('GNOME_TERMINAL_SERVICE', ':1.124'), ('SSH_AUTH_SOCK', '/run/user/1000/keyring/ssh'), ('AMENT_PREFIX_PATH', '/opt/ros/foxy'), ('SHELL', '/bin/bash'), ('QT_ACCESSIBILITY', '1'), ('GDMSESSION', 'ubuntu'), ('GPG_AGENT_INFO', '/run/user/1000/gnupg/S.gpg-agent:0:1'), ('QT_IM_MODULE', 'ibus'), ('PWD', '/home/jared/subbot/software-start-here/build/challenge'), ('LC_ALL', 'en_US.UTF-8'), ('XDG_CONFIG_DIRS', '/etc/xdg/xdg-ubuntu:/etc/xdg'), ('XDG_DATA_DIRS', '/usr/share/ubuntu:/usr/local/share/:/usr/share/:/var/lib/snapd/desktop'), ('PYTHONPATH', '/opt/ros/foxy/lib/python3.8/site-packages'), ('COLCON', '1'), ('VTE_VERSION', '6003'), ('EDITOR', '/usr/bin/vim'), ('CMAKE_PREFIX_PATH', '/opt/ros/foxy')]), 'shell': False}
[0.061785] (challenge) StdoutLine: {'line': b'\x1b[35m\x1b[1mScanning dependencies of target solution\x1b[0m\n'}
[0.091241] (challenge) StdoutLine: {'line': b'[ 50%] \x1b[32mBuilding CXX object CMakeFiles/solution.dir/src/solution.cpp.o\x1b[0m\n'}
[0.099970] (-) TimerEvent: {}
[0.200358] (-) TimerEvent: {}
[0.300724] (-) TimerEvent: {}
[0.401079] (-) TimerEvent: {}
[0.501489] (-) TimerEvent: {}
[0.601854] (-) TimerEvent: {}
[0.702218] (-) TimerEvent: {}
[0.802565] (-) TimerEvent: {}
[0.902930] (-) TimerEvent: {}
[1.003269] (-) TimerEvent: {}
[1.103645] (-) TimerEvent: {}
[1.204018] (-) TimerEvent: {}
[1.304393] (-) TimerEvent: {}
[1.381955] (challenge) StderrLine: {'line': b'\x1b[01m\x1b[K/home/jared/subbot/software-start-here/src/challenge/src/solution.cpp:\x1b[m\x1b[K In constructor \xe2\x80\x98\x1b[01m\x1b[Ksolution::solution()\x1b[m\x1b[K\xe2\x80\x99:\n'}
[1.382536] (challenge) StderrLine: {'line': b'\x1b[01m\x1b[K/home/jared/subbot/software-start-here/src/challenge/src/solution.cpp:17:32:\x1b[m\x1b[K \x1b[01;31m\x1b[Kerror: \x1b[m\x1b[Kno matching function for call to \xe2\x80\x98\x1b[01m\x1b[Krclcpp::Publisher<geometry_msgs::msg::Twist_<std::allocator<void> > >::Publisher()\x1b[m\x1b[K\xe2\x80\x99\n'}
[1.382635] (challenge) StderrLine: {'line': b'   17 |     : Node("solution"), time_(0\x1b[01;31m\x1b[K)\x1b[m\x1b[K\n'}
[1.382705] (challenge) StderrLine: {'line': b'      |                                \x1b[01;31m\x1b[K^\x1b[m\x1b[K\n'}
[1.382772] (challenge) StderrLine: {'line': b'In file included from \x1b[01m\x1b[K/opt/ros/foxy/include/rclcpp/topic_statistics/subscription_topic_statistics.hpp:31\x1b[m\x1b[K,\n'}
[1.382838] (challenge) StderrLine: {'line': b'                 from \x1b[01m\x1b[K/opt/ros/foxy/include/rclcpp/subscription.hpp:50\x1b[m\x1b[K,\n'}
[1.382908] (challenge) StderrLine: {'line': b'                 from \x1b[01m\x1b[K/opt/ros/foxy/include/rclcpp/any_executable.hpp:25\x1b[m\x1b[K,\n'}
[1.382972] (challenge) StderrLine: {'line': b'                 from \x1b[01m\x1b[K/opt/ros/foxy/include/rclcpp/memory_strategy.hpp:24\x1b[m\x1b[K,\n'}
[1.383036] (challenge) StderrLine: {'line': b'                 from \x1b[01m\x1b[K/opt/ros/foxy/include/rclcpp/memory_strategies.hpp:18\x1b[m\x1b[K,\n'}
[1.383159] (challenge) StderrLine: {'line': b'                 from \x1b[01m\x1b[K/opt/ros/foxy/include/rclcpp/executor_options.hpp:20\x1b[m\x1b[K,\n'}
[1.383225] (challenge) StderrLine: {'line': b'                 from \x1b[01m\x1b[K/opt/ros/foxy/include/rclcpp/executor.hpp:33\x1b[m\x1b[K,\n'}
[1.383287] (challenge) StderrLine: {'line': b'                 from \x1b[01m\x1b[K/opt/ros/foxy/include/rclcpp/executors/multi_threaded_executor.hpp:25\x1b[m\x1b[K,\n'}
[1.383349] (challenge) StderrLine: {'line': b'                 from \x1b[01m\x1b[K/opt/ros/foxy/include/rclcpp/executors.hpp:21\x1b[m\x1b[K,\n'}
[1.383412] (challenge) StderrLine: {'line': b'                 from \x1b[01m\x1b[K/opt/ros/foxy/include/rclcpp/rclcpp.hpp:146\x1b[m\x1b[K,\n'}
[1.383474] (challenge) StderrLine: {'line': b'                 from \x1b[01m\x1b[K/home/jared/subbot/software-start-here/src/challenge/src/solution.cpp:8\x1b[m\x1b[K:\n'}
[1.383537] (challenge) StderrLine: {'line': b'\x1b[01m\x1b[K/opt/ros/foxy/include/rclcpp/publisher.hpp:73:3:\x1b[m\x1b[K \x1b[01;36m\x1b[Knote: \x1b[m\x1b[Kcandidate: \xe2\x80\x98\x1b[01m\x1b[Krclcpp::Publisher<MessageT, AllocatorT>::Publisher(rclcpp::node_interfaces::NodeBaseInterface*, const string&, const rclcpp::QoS&, const rclcpp::PublisherOptionsWithAllocator<AllocatorT>&) [with MessageT = geometry_msgs::msg::Twist_<std::allocator<void> >; AllocatorT = std::allocator<void>; std::string = std::__cxx11::basic_string<char>]\x1b[m\x1b[K\xe2\x80\x99\n'}
[1.383605] (challenge) StderrLine: {'line': b'   73 |   \x1b[01;36m\x1b[KPublisher\x1b[m\x1b[K(\n'}
[1.383669] (challenge) StderrLine: {'line': b'      |   \x1b[01;36m\x1b[K^~~~~~~~~\x1b[m\x1b[K\n'}
[1.383732] (challenge) StderrLine: {'line': b'\x1b[01m\x1b[K/opt/ros/foxy/include/rclcpp/publisher.hpp:73:3:\x1b[m\x1b[K \x1b[01;36m\x1b[Knote: \x1b[m\x1b[K  candidate expects 4 arguments, 0 provided\n'}
[1.383796] (challenge) StderrLine: {'line': b'\x1b[01m\x1b[K/opt/ros/foxy/include/rclcpp/publisher.hpp:51:7:\x1b[m\x1b[K \x1b[01;36m\x1b[Knote: \x1b[m\x1b[Kcandidate: \xe2\x80\x98\x1b[01m\x1b[Krclcpp::Publisher<geometry_msgs::msg::Twist_<std::allocator<void> > >::Publisher(const rclcpp::Publisher<geometry_msgs::msg::Twist_<std::allocator<void> > >&)\x1b[m\x1b[K\xe2\x80\x99\n'}
[1.383865] (challenge) StderrLine: {'line': b'   51 | class \x1b[01;36m\x1b[KPublisher\x1b[m\x1b[K : public PublisherBase\n'}
[1.383939] (challenge) StderrLine: {'line': b'      |       \x1b[01;36m\x1b[K^~~~~~~~~\x1b[m\x1b[K\n'}
[1.384009] (challenge) StderrLine: {'line': b'\x1b[01m\x1b[K/opt/ros/foxy/include/rclcpp/publisher.hpp:51:7:\x1b[m\x1b[K \x1b[01;36m\x1b[Knote: \x1b[m\x1b[K  candidate expects 1 argument, 0 provided\n'}
[1.387673] (challenge) StderrLine: {'line': b'\x1b[01m\x1b[K/home/jared/subbot/software-start-here/src/challenge/src/solution.cpp:19:92:\x1b[m\x1b[K \x1b[01;31m\x1b[Kerror: \x1b[m\x1b[Kno match for \xe2\x80\x98\x1b[01m\x1b[Koperator=\x1b[m\x1b[K\xe2\x80\x99 (operand types are \xe2\x80\x98\x1b[01m\x1b[Krclcpp::Publisher<geometry_msgs::msg::Twist_<std::allocator<void> > >\x1b[m\x1b[K\xe2\x80\x99 and \xe2\x80\x98\x1b[01m\x1b[Kstd::shared_ptr<rclcpp::Publisher<geometry_msgs::msg::Twist_<std::allocator<void> > > >\x1b[m\x1b[K\xe2\x80\x99)\n'}
[1.387915] (challenge) StderrLine: {'line': b'   19 |       publisher_ = this->create_publisher<geometry_msgs::msg::Twist>("/turtle1/cmd_vel", 10\x1b[01;31m\x1b[K)\x1b[m\x1b[K;\n'}
[1.387994] (challenge) StderrLine: {'line': b'      |                                                                                            \x1b[01;31m\x1b[K^\x1b[m\x1b[K\n'}
[1.388064] (challenge) StderrLine: {'line': b'In file included from \x1b[01m\x1b[K/opt/ros/foxy/include/rclcpp/topic_statistics/subscription_topic_statistics.hpp:31\x1b[m\x1b[K,\n'}
[1.388131] (challenge) StderrLine: {'line': b'                 from \x1b[01m\x1b[K/opt/ros/foxy/include/rclcpp/subscription.hpp:50\x1b[m\x1b[K,\n'}
[1.388203] (challenge) StderrLine: {'line': b'                 from \x1b[01m\x1b[K/opt/ros/foxy/include/rclcpp/any_executable.hpp:25\x1b[m\x1b[K,\n'}
[1.388269] (challenge) StderrLine: {'line': b'                 from \x1b[01m\x1b[K/opt/ros/foxy/include/rclcpp/memory_strategy.hpp:24\x1b[m\x1b[K,\n'}
[1.388336] (challenge) StderrLine: {'line': b'                 from \x1b[01m\x1b[K/opt/ros/foxy/include/rclcpp/memory_strategies.hpp:18\x1b[m\x1b[K,\n'}
[1.388409] (challenge) StderrLine: {'line': b'                 from \x1b[01m\x1b[K/opt/ros/foxy/include/rclcpp/executor_options.hpp:20\x1b[m\x1b[K,\n'}
[1.388472] (challenge) StderrLine: {'line': b'                 from \x1b[01m\x1b[K/opt/ros/foxy/include/rclcpp/executor.hpp:33\x1b[m\x1b[K,\n'}
[1.388541] (challenge) StderrLine: {'line': b'                 from \x1b[01m\x1b[K/opt/ros/foxy/include/rclcpp/executors/multi_threaded_executor.hpp:25\x1b[m\x1b[K,\n'}
[1.388604] (challenge) StderrLine: {'line': b'                 from \x1b[01m\x1b[K/opt/ros/foxy/include/rclcpp/executors.hpp:21\x1b[m\x1b[K,\n'}
[1.388672] (challenge) StderrLine: {'line': b'                 from \x1b[01m\x1b[K/opt/ros/foxy/include/rclcpp/rclcpp.hpp:146\x1b[m\x1b[K,\n'}
[1.388736] (challenge) StderrLine: {'line': b'                 from \x1b[01m\x1b[K/home/jared/subbot/software-start-here/src/challenge/src/solution.cpp:8\x1b[m\x1b[K:\n'}
[1.388799] (challenge) StderrLine: {'line': b'\x1b[01m\x1b[K/opt/ros/foxy/include/rclcpp/publisher.hpp:51:7:\x1b[m\x1b[K \x1b[01;36m\x1b[Knote: \x1b[m\x1b[Kcandidate: \xe2\x80\x98\x1b[01m\x1b[Krclcpp::Publisher<geometry_msgs::msg::Twist_<std::allocator<void> > >& rclcpp::Publisher<geometry_msgs::msg::Twist_<std::allocator<void> > >::operator=(const rclcpp::Publisher<geometry_msgs::msg::Twist_<std::allocator<void> > >&)\x1b[m\x1b[K\xe2\x80\x99 <deleted>\n'}
[1.388867] (challenge) StderrLine: {'line': b'   51 | class \x1b[01;36m\x1b[KPublisher\x1b[m\x1b[K : public PublisherBase\n'}
[1.388931] (challenge) StderrLine: {'line': b'      |       \x1b[01;36m\x1b[K^~~~~~~~~\x1b[m\x1b[K\n'}
[1.388994] (challenge) StderrLine: {'line': b'\x1b[01m\x1b[K/opt/ros/foxy/include/rclcpp/publisher.hpp:51:7:\x1b[m\x1b[K \x1b[01;36m\x1b[Knote: \x1b[m\x1b[K  no known conversion for argument 1 from \xe2\x80\x98\x1b[01m\x1b[Kstd::shared_ptr<rclcpp::Publisher<geometry_msgs::msg::Twist_<std::allocator<void> > > >\x1b[m\x1b[K\xe2\x80\x99 to \xe2\x80\x98\x1b[01m\x1b[Kconst rclcpp::Publisher<geometry_msgs::msg::Twist_<std::allocator<void> > >&\x1b[m\x1b[K\xe2\x80\x99\n'}
[1.389059] (challenge) StderrLine: {'line': b'\x1b[01m\x1b[K/home/jared/subbot/software-start-here/src/challenge/src/solution.cpp:21:9:\x1b[m\x1b[K \x1b[01;31m\x1b[Kerror: \x1b[m\x1b[Kunable to find numeric literal operator \xe2\x80\x98\x1b[01m\x1b[Koperator""ms\x1b[m\x1b[K\xe2\x80\x99\n'}
[1.389126] (challenge) StderrLine: {'line': b'   21 |         \x1b[01;31m\x1b[K10ms\x1b[m\x1b[K, std::bind(&solution::sine_motion, this);\n'}
[1.389190] (challenge) StderrLine: {'line': b'      |         \x1b[01;31m\x1b[K^~~~\x1b[m\x1b[K\n'}
[1.393903] (challenge) StderrLine: {'line': b'\x1b[01m\x1b[K/home/jared/subbot/software-start-here/src/challenge/src/solution.cpp:21:54:\x1b[m\x1b[K \x1b[01;31m\x1b[Kerror: \x1b[m\x1b[Kexpected \xe2\x80\x98\x1b[01m\x1b[K)\x1b[m\x1b[K\xe2\x80\x99 before \xe2\x80\x98\x1b[01m\x1b[K;\x1b[m\x1b[K\xe2\x80\x99 token\n'}
[1.394187] (challenge) StderrLine: {'line': b'   21 |         10ms, std::bind(&solution::sine_motion, this)\x1b[01;31m\x1b[K;\x1b[m\x1b[K\n'}
[1.394282] (challenge) StderrLine: {'line': b'      |                                                      \x1b[01;31m\x1b[K^\x1b[m\x1b[K\n'}
[1.394352] (challenge) StderrLine: {'line': b'      |                                                      \x1b[32m\x1b[K)\x1b[m\x1b[K\n'}
[1.394418] (challenge) StderrLine: {'line': b'\x1b[01m\x1b[K/home/jared/subbot/software-start-here/src/challenge/src/solution.cpp:20:39:\x1b[m\x1b[K \x1b[01;36m\x1b[Knote: \x1b[m\x1b[Kto match this \xe2\x80\x98\x1b[01m\x1b[K(\x1b[m\x1b[K\xe2\x80\x99\n'}
[1.394483] (challenge) StderrLine: {'line': b'   20 |       timer_ = this->create_wall_timer\x1b[01;36m\x1b[K(\x1b[m\x1b[K\n'}
[1.394551] (challenge) StderrLine: {'line': b'      |                                       \x1b[01;36m\x1b[K^\x1b[m\x1b[K\n'}
[1.394615] (challenge) StderrLine: {'line': b'\x1b[01m\x1b[K/home/jared/subbot/software-start-here/src/challenge/src/solution.cpp:22:7:\x1b[m\x1b[K \x1b[01;31m\x1b[Kerror: \x1b[m\x1b[Kexpected primary-expression before \xe2\x80\x98\x1b[01m\x1b[K)\x1b[m\x1b[K\xe2\x80\x99 token\n'}
[1.394679] (challenge) StderrLine: {'line': b'   22 |       \x1b[01;31m\x1b[K)\x1b[m\x1b[K\n'}
[1.394743] (challenge) StderrLine: {'line': b'      |       \x1b[01;31m\x1b[K^\x1b[m\x1b[K\n'}
[1.394807] (challenge) StderrLine: {'line': b'\x1b[01m\x1b[K/home/jared/subbot/software-start-here/src/challenge/src/solution.cpp:\x1b[m\x1b[K In member function \xe2\x80\x98\x1b[01m\x1b[Kvoid solution::sine_motion()\x1b[m\x1b[K\xe2\x80\x99:\n'}
[1.394872] (challenge) StderrLine: {'line': b'\x1b[01m\x1b[K/home/jared/subbot/software-start-here/src/challenge/src/solution.cpp:29:14:\x1b[m\x1b[K \x1b[01;31m\x1b[Kerror: \x1b[m\x1b[K\xe2\x80\x98\x1b[01m\x1b[Kstruct geometry_msgs::msg::Twist_<std::allocator<void> >\x1b[m\x1b[K\xe2\x80\x99 has no member named \xe2\x80\x98\x1b[01m\x1b[Kdata\x1b[m\x1b[K\xe2\x80\x99\n'}
[1.394939] (challenge) StderrLine: {'line': b'   29 |       signal.\x1b[01;31m\x1b[Kdata\x1b[m\x1b[K = "{linear: {x: " + std::to_string(cos(time_)) + ", y: " + std::to_string(sin(time_)) + ", z: 0.0}, angular: {x: 0.0, y: 0.0, z: 1.8}}"\n'}
[1.395089] (challenge) StderrLine: {'line': b'      |              \x1b[01;31m\x1b[K^~~~\x1b[m\x1b[K\n'}
[1.395212] (challenge) StderrLine: {'line': b'In file included from \x1b[01m\x1b[K/opt/ros/foxy/include/rclcpp/client.hpp:40\x1b[m\x1b[K,\n'}
[1.395283] (challenge) StderrLine: {'line': b'                 from \x1b[01m\x1b[K/opt/ros/foxy/include/rclcpp/callback_group.hpp:23\x1b[m\x1b[K,\n'}
[1.395350] (challenge) StderrLine: {'line': b'                 from \x1b[01m\x1b[K/opt/ros/foxy/include/rclcpp/any_executable.hpp:20\x1b[m\x1b[K,\n'}
[1.395432] (challenge) StderrLine: {'line': b'                 from \x1b[01m\x1b[K/opt/ros/foxy/include/rclcpp/memory_strategy.hpp:24\x1b[m\x1b[K,\n'}
[1.395509] (challenge) StderrLine: {'line': b'                 from \x1b[01m\x1b[K/opt/ros/foxy/include/rclcpp/memory_strategies.hpp:18\x1b[m\x1b[K,\n'}
[1.395574] (challenge) StderrLine: {'line': b'                 from \x1b[01m\x1b[K/opt/ros/foxy/include/rclcpp/executor_options.hpp:20\x1b[m\x1b[K,\n'}
[1.395635] (challenge) StderrLine: {'line': b'                 from \x1b[01m\x1b[K/opt/ros/foxy/include/rclcpp/executor.hpp:33\x1b[m\x1b[K,\n'}
[1.395698] (challenge) StderrLine: {'line': b'                 from \x1b[01m\x1b[K/opt/ros/foxy/include/rclcpp/executors/multi_threaded_executor.hpp:25\x1b[m\x1b[K,\n'}
[1.395761] (challenge) StderrLine: {'line': b'                 from \x1b[01m\x1b[K/opt/ros/foxy/include/rclcpp/executors.hpp:21\x1b[m\x1b[K,\n'}
[1.395824] (challenge) StderrLine: {'line': b'                 from \x1b[01m\x1b[K/opt/ros/foxy/include/rclcpp/rclcpp.hpp:146\x1b[m\x1b[K,\n'}
[1.395892] (challenge) StderrLine: {'line': b'                 from \x1b[01m\x1b[K/home/jared/subbot/software-start-here/src/challenge/src/solution.cpp:8\x1b[m\x1b[K:\n'}
[1.395956] (challenge) StderrLine: {'line': b'\x1b[01m\x1b[K/home/jared/subbot/software-start-here/src/challenge/src/solution.cpp:31:82:\x1b[m\x1b[K \x1b[01;31m\x1b[Kerror: \x1b[m\x1b[K\xe2\x80\x98\x1b[01m\x1b[Kstruct geometry_msgs::msg::Twist_<std::allocator<void> >\x1b[m\x1b[K\xe2\x80\x99 has no member named \xe2\x80\x98\x1b[01m\x1b[Kdata\x1b[m\x1b[K\xe2\x80\x99\n'}
[1.396030] (challenge) StderrLine: {'line': b'   31 |       RCLCPP_INFO(this->get_logger(), "Moving turtle with command: \'%s\'", signal.\x1b[01;31m\x1b[Kdata\x1b[m\x1b[K.c_str());\n'}
[1.396095] (challenge) StderrLine: {'line': b'      |                                                                                  \x1b[01;31m\x1b[K^~~~\x1b[m\x1b[K\n'}
[1.396159] (challenge) StderrLine: {'line': b'\x1b[01m\x1b[K/home/jared/subbot/software-start-here/src/challenge/src/solution.cpp:32:17:\x1b[m\x1b[K \x1b[01;31m\x1b[Kerror: \x1b[m\x1b[Kbase operand of \xe2\x80\x98\x1b[01m\x1b[K->\x1b[m\x1b[K\xe2\x80\x99 has non-pointer type \xe2\x80\x98\x1b[01m\x1b[Krclcpp::Publisher<geometry_msgs::msg::Twist_<std::allocator<void> > >\x1b[m\x1b[K\xe2\x80\x99\n'}
[1.396241] (challenge) StderrLine: {'line': b'   32 |       publisher_\x1b[01;31m\x1b[K->\x1b[m\x1b[Kpublish(signal);\n'}
[1.396311] (challenge) StderrLine: {'line': b'      |                 \x1b[01;31m\x1b[K^~\x1b[m\x1b[K\n'}
[1.404505] (-) TimerEvent: {}
[1.504817] (-) TimerEvent: {}
[1.605203] (-) TimerEvent: {}
[1.705562] (-) TimerEvent: {}
[1.805957] (-) TimerEvent: {}
[1.906309] (-) TimerEvent: {}
[2.006690] (-) TimerEvent: {}
[2.011221] (challenge) StderrLine: {'line': b'make[2]: *** [CMakeFiles/solution.dir/build.make:63: CMakeFiles/solution.dir/src/solution.cpp.o] Error 1\n'}
[2.011504] (challenge) StderrLine: {'line': b'make[1]: *** [CMakeFiles/Makefile2:78: CMakeFiles/solution.dir/all] Error 2\n'}
[2.011673] (challenge) StderrLine: {'line': b'make: *** [Makefile:141: all] Error 2\n'}
[2.013949] (challenge) CommandEnded: {'returncode': 2}
[2.014397] (challenge) JobEnded: {'identifier': 'challenge', 'rc': 2}
[2.024714] (-) EventReactorShutdown: {}
