[0.000000] (-) TimerEvent: {}
[0.001036] (challenge) JobQueued: {'identifier': 'challenge', 'dependencies': OrderedDict()}
[0.001110] (challenge) JobStarted: {'identifier': 'challenge'}
[0.011475] (challenge) JobProgress: {'identifier': 'challenge', 'progress': 'cmake'}
[0.012293] (challenge) JobProgress: {'identifier': 'challenge', 'progress': 'build'}
[0.013185] (challenge) Command: {'cmd': ['/usr/bin/cmake', '--build', '/home/jared/subbot/software-start-here/build/challenge', '--', '-j8', '-l8'], 'cwd': '/home/jared/subbot/software-start-here/build/challenge', 'env': OrderedDict([('LANGUAGE', 'en_CA:en'), ('USER', 'jared'), ('SSH_AGENT_PID', '1696'), ('XDG_SESSION_TYPE', 'x11'), ('SHLVL', '1'), ('LD_LIBRARY_PATH', '/usr/lib/x86_64-linux-gnu/gazebo-11/plugins:/opt/ros/foxy/opt/yaml_cpp_vendor/lib:/opt/ros/foxy/opt/rviz_ogre_vendor/lib:/opt/ros/foxy/lib/x86_64-linux-gnu:/opt/ros/foxy/lib'), ('HOME', '/home/jared'), ('OLDPWD', '/home/jared/subbot/software-start-here/src'), ('DESKTOP_SESSION', 'ubuntu'), ('ROS_PYTHON_VERSION', '3'), ('GNOME_SHELL_SESSION_MODE', 'ubuntu'), ('GTK_MODULES', 'gail:atk-bridge'), ('MANAGERPID', '1506'), ('DBUS_SESSION_BUS_ADDRESS', 'unix:path=/run/user/1000/bus'), ('COLORTERM', 'truecolor'), ('_colcon_cd_root', '/home/jared/ros2_install'), ('IM_CONFIG_PHASE', '1'), ('ROS_DISTRO', 'foxy'), ('LOGNAME', 'jared'), ('JOURNAL_STREAM', '9:45149'), ('_', '/usr/bin/colcon'), ('ROS_VERSION', '2'), ('XDG_SESSION_CLASS', 'user'), ('USERNAME', 'jared'), ('TERM', 'xterm-256color'), ('GNOME_DESKTOP_SESSION_ID', 'this-is-deprecated'), ('ROS_LOCALHOST_ONLY', '0'), ('WINDOWPATH', '2'), ('PATH', '/opt/ros/foxy/bin:/home/jared/.local/bin:/usr/local/sbin:/usr/local/bin:/usr/sbin:/usr/bin:/sbin:/bin:/usr/games:/usr/local/games:/snap/bin:/root/.gem/ruby/2.7.0/bin:/home/jared/.gem/ruby/2.7.0/bin:/home/jared/scripts'), ('SESSION_MANAGER', 'local/jubuntu:@/tmp/.ICE-unix/1739,unix/jubuntu:/tmp/.ICE-unix/1739'), ('INVOCATION_ID', 'e41a210809414c5c8b9a68304b16fc69'), ('XDG_MENU_PREFIX', 'gnome-'), ('GNOME_TERMINAL_SCREEN', '/org/gnome/Terminal/screen/903603fd_18ce_4b9a_81f1_2cf64c9671c6'), ('XDG_RUNTIME_DIR', '/run/user/1000'), ('DISPLAY', ':0'), ('LANG', 'en_US.UTF-8'), ('XDG_CURRENT_DESKTOP', 'ubuntu:GNOME'), ('XMODIFIERS', '@im=ibus'), ('XDG_SESSION_DESKTOP', 'ubuntu'), ('XAUTHORITY', '/run/user/1000/gdm/Xauthority'), ('GNOME_TERMINAL_SERVICE', ':1.124'), ('SSH_AUTH_SOCK', '/run/user/1000/keyring/ssh'), ('AMENT_PREFIX_PATH', '/opt/ros/foxy'), ('SHELL', '/bin/bash'), ('QT_ACCESSIBILITY', '1'), ('GDMSESSION', 'ubuntu'), ('GPG_AGENT_INFO', '/run/user/1000/gnupg/S.gpg-agent:0:1'), ('QT_IM_MODULE', 'ibus'), ('PWD', '/home/jared/subbot/software-start-here/build/challenge'), ('LC_ALL', 'en_US.UTF-8'), ('XDG_CONFIG_DIRS', '/etc/xdg/xdg-ubuntu:/etc/xdg'), ('XDG_DATA_DIRS', '/usr/share/ubuntu:/usr/local/share/:/usr/share/:/var/lib/snapd/desktop'), ('PYTHONPATH', '/opt/ros/foxy/lib/python3.8/site-packages'), ('COLCON', '1'), ('VTE_VERSION', '6003'), ('EDITOR', '/usr/bin/vim'), ('CMAKE_PREFIX_PATH', '/opt/ros/foxy')]), 'shell': False}
[0.059762] (challenge) StdoutLine: {'line': b'\x1b[35m\x1b[1mScanning dependencies of target solution\x1b[0m\n'}
[0.087354] (challenge) StdoutLine: {'line': b'[ 50%] \x1b[32mBuilding CXX object CMakeFiles/solution.dir/src/solution.cpp.o\x1b[0m\n'}
[0.098881] (-) TimerEvent: {}
[0.197836] (challenge) StderrLine: {'line': b'\x1b[01m\x1b[K/home/jared/subbot/software-start-here/src/challenge/src/solution.cpp:49:\x1b[m\x1b[K \x1b[01;31m\x1b[Kerror: \x1b[m\x1b[Kunterminated argument list invoking macro "RCLCPP_INFO"\n'}
[0.198151] (challenge) StderrLine: {'line': b'   49 | };\n'}
[0.198276] (challenge) StderrLine: {'line': b'      | \n'}
[0.198945] (-) TimerEvent: {}
[0.299182] (-) TimerEvent: {}
[0.399494] (-) TimerEvent: {}
[0.499920] (-) TimerEvent: {}
[0.600358] (-) TimerEvent: {}
[0.700743] (-) TimerEvent: {}
[0.801141] (-) TimerEvent: {}
[0.901485] (-) TimerEvent: {}
[1.001845] (-) TimerEvent: {}
[1.102244] (-) TimerEvent: {}
[1.202630] (-) TimerEvent: {}
[1.303022] (-) TimerEvent: {}
[1.403367] (-) TimerEvent: {}
[1.429254] (challenge) StderrLine: {'line': b'\x1b[01m\x1b[K/home/jared/subbot/software-start-here/src/challenge/src/solution.cpp:31:7:\x1b[m\x1b[K \x1b[01;31m\x1b[Kerror: \x1b[m\x1b[Kexpected \xe2\x80\x98\x1b[01m\x1b[K}\x1b[m\x1b[K\xe2\x80\x99 at end of input\n'}
[1.429497] (challenge) StderrLine: {'line': b'   31 |       \x1b[01;31m\x1b[KRCLCPP_INFO\x1b[m\x1b[K(this->get_logger(), "Moving turtle with command: \'%s\'", signal;\n'}
[1.430059] (challenge) StderrLine: {'line': b'      |       \x1b[01;31m\x1b[K^~~~~~~~~~~\x1b[m\x1b[K\n'}
[1.430156] (challenge) StderrLine: {'line': b'\x1b[01m\x1b[K/home/jared/subbot/software-start-here/src/challenge/src/solution.cpp:14:1:\x1b[m\x1b[K \x1b[01;36m\x1b[Knote: \x1b[m\x1b[Kto match this \xe2\x80\x98\x1b[01m\x1b[K{\x1b[m\x1b[K\xe2\x80\x99\n'}
[1.430230] (challenge) StderrLine: {'line': b'   14 | \x1b[01;36m\x1b[K{\x1b[m\x1b[K\n'}
[1.430339] (challenge) StderrLine: {'line': b'      | \x1b[01;36m\x1b[K^\x1b[m\x1b[K\n'}
[1.430475] (challenge) StderrLine: {'line': b'\x1b[01m\x1b[K/home/jared/subbot/software-start-here/src/challenge/src/solution.cpp:\x1b[m\x1b[K In constructor \xe2\x80\x98\x1b[01m\x1b[Ksolution::solution()\x1b[m\x1b[K\xe2\x80\x99:\n'}
[1.430555] (challenge) StderrLine: {'line': b'\x1b[01m\x1b[K/home/jared/subbot/software-start-here/src/challenge/src/solution.cpp:17:25:\x1b[m\x1b[K \x1b[01;31m\x1b[Kerror: \x1b[m\x1b[Kclass \xe2\x80\x98\x1b[01m\x1b[Ksolution\x1b[m\x1b[K\xe2\x80\x99 does not have any field named \xe2\x80\x98\x1b[01m\x1b[Ktime_\x1b[m\x1b[K\xe2\x80\x99\n'}
[1.430629] (challenge) StderrLine: {'line': b'   17 |     : Node("solution"), \x1b[01;31m\x1b[Ktime_\x1b[m\x1b[K(0)\n'}
[1.430707] (challenge) StderrLine: {'line': b'      |                         \x1b[01;31m\x1b[K^~~~~\x1b[m\x1b[K\n'}
[1.433588] (challenge) StderrLine: {'line': b'\x1b[01m\x1b[K/home/jared/subbot/software-start-here/src/challenge/src/solution.cpp:19:7:\x1b[m\x1b[K \x1b[01;31m\x1b[Kerror: \x1b[m\x1b[K\xe2\x80\x98\x1b[01m\x1b[Kpublisher_\x1b[m\x1b[K\xe2\x80\x99 was not declared in this scope; did you mean \xe2\x80\x98\x1b[01m\x1b[Krcl_publisher_t\x1b[m\x1b[K\xe2\x80\x99?\n'}
[1.433774] (challenge) StderrLine: {'line': b'   19 |       \x1b[01;31m\x1b[Kpublisher_\x1b[m\x1b[K = this->create_publisher<geometry_msgs::msg::Twist>("/turtle1/cmd_vel", 10);\n'}
[1.433867] (challenge) StderrLine: {'line': b'      |       \x1b[01;31m\x1b[K^~~~~~~~~~\x1b[m\x1b[K\n'}
[1.433935] (challenge) StderrLine: {'line': b'      |       \x1b[32m\x1b[Krcl_publisher_t\x1b[m\x1b[K\n'}
[1.438621] (challenge) StderrLine: {'line': b'\x1b[01m\x1b[K/home/jared/subbot/software-start-here/src/challenge/src/solution.cpp:20:7:\x1b[m\x1b[K \x1b[01;31m\x1b[Kerror: \x1b[m\x1b[K\xe2\x80\x98\x1b[01m\x1b[Ktimer_\x1b[m\x1b[K\xe2\x80\x99 was not declared in this scope; did you mean \xe2\x80\x98\x1b[01m\x1b[Ktimer_t\x1b[m\x1b[K\xe2\x80\x99?\n'}
[1.438811] (challenge) StderrLine: {'line': b'   20 |       \x1b[01;31m\x1b[Ktimer_\x1b[m\x1b[K = this->create_wall_timer(\n'}
[1.438897] (challenge) StderrLine: {'line': b'      |       \x1b[01;31m\x1b[K^~~~~~\x1b[m\x1b[K\n'}
[1.438993] (challenge) StderrLine: {'line': b'      |       \x1b[32m\x1b[Ktimer_t\x1b[m\x1b[K\n'}
[1.439068] (challenge) StderrLine: {'line': b'\x1b[01m\x1b[K/home/jared/subbot/software-start-here/src/challenge/src/solution.cpp:21:9:\x1b[m\x1b[K \x1b[01;31m\x1b[Kerror: \x1b[m\x1b[Kunable to find numeric literal operator \xe2\x80\x98\x1b[01m\x1b[Koperator""ms\x1b[m\x1b[K\xe2\x80\x99\n'}
[1.439147] (challenge) StderrLine: {'line': b'   21 |         \x1b[01;31m\x1b[K10ms\x1b[m\x1b[K, std::bind(&solution::sine_motion, this);\n'}
[1.439218] (challenge) StderrLine: {'line': b'      |         \x1b[01;31m\x1b[K^~~~\x1b[m\x1b[K\n'}
[1.444888] (challenge) StderrLine: {'line': b'\x1b[01m\x1b[K/home/jared/subbot/software-start-here/src/challenge/src/solution.cpp:21:54:\x1b[m\x1b[K \x1b[01;31m\x1b[Kerror: \x1b[m\x1b[Kexpected \xe2\x80\x98\x1b[01m\x1b[K)\x1b[m\x1b[K\xe2\x80\x99 before \xe2\x80\x98\x1b[01m\x1b[K;\x1b[m\x1b[K\xe2\x80\x99 token\n'}
[1.445046] (challenge) StderrLine: {'line': b'   21 |         10ms, std::bind(&solution::sine_motion, this)\x1b[01;31m\x1b[K;\x1b[m\x1b[K\n'}
[1.445136] (challenge) StderrLine: {'line': b'      |                                                      \x1b[01;31m\x1b[K^\x1b[m\x1b[K\n'}
[1.445208] (challenge) StderrLine: {'line': b'      |                                                      \x1b[32m\x1b[K)\x1b[m\x1b[K\n'}
[1.445277] (challenge) StderrLine: {'line': b'\x1b[01m\x1b[K/home/jared/subbot/software-start-here/src/challenge/src/solution.cpp:20:39:\x1b[m\x1b[K \x1b[01;36m\x1b[Knote: \x1b[m\x1b[Kto match this \xe2\x80\x98\x1b[01m\x1b[K(\x1b[m\x1b[K\xe2\x80\x99\n'}
[1.445348] (challenge) StderrLine: {'line': b'   20 |       timer_ = this->create_wall_timer\x1b[01;36m\x1b[K(\x1b[m\x1b[K\n'}
[1.445414] (challenge) StderrLine: {'line': b'      |                                       \x1b[01;36m\x1b[K^\x1b[m\x1b[K\n'}
[1.445479] (challenge) StderrLine: {'line': b'\x1b[01m\x1b[K/home/jared/subbot/software-start-here/src/challenge/src/solution.cpp:22:7:\x1b[m\x1b[K \x1b[01;31m\x1b[Kerror: \x1b[m\x1b[Kexpected primary-expression before \xe2\x80\x98\x1b[01m\x1b[K)\x1b[m\x1b[K\xe2\x80\x99 token\n'}
[1.445544] (challenge) StderrLine: {'line': b'   22 |       \x1b[01;31m\x1b[K)\x1b[m\x1b[K\n'}
[1.445608] (challenge) StderrLine: {'line': b'      |       \x1b[01;31m\x1b[K^\x1b[m\x1b[K\n'}
[1.446520] (challenge) StderrLine: {'line': b'\x1b[01m\x1b[K/home/jared/subbot/software-start-here/src/challenge/src/solution.cpp:\x1b[m\x1b[K In member function \xe2\x80\x98\x1b[01m\x1b[Kvoid solution::sine_motion()\x1b[m\x1b[K\xe2\x80\x99:\n'}
[1.446657] (challenge) StderrLine: {'line': b'\x1b[01m\x1b[K/home/jared/subbot/software-start-here/src/challenge/src/solution.cpp:29:53:\x1b[m\x1b[K \x1b[01;31m\x1b[Kerror: \x1b[m\x1b[K\xe2\x80\x98\x1b[01m\x1b[Ktime_\x1b[m\x1b[K\xe2\x80\x99 was not declared in this scope; did you mean \xe2\x80\x98\x1b[01m\x1b[Ktime\x1b[m\x1b[K\xe2\x80\x99?\n'}
[1.446749] (challenge) StderrLine: {'line': b'   29 |       signal = "{linear: {x: " + std::to_string(cos(\x1b[01;31m\x1b[Ktime_\x1b[m\x1b[K)) + ", y: " + std::to_string(sin(time_)) + ", z: 0.0}, angular: {x: 0.0, y: 0.0, z: 1.8}}";\n'}
[1.446823] (challenge) StderrLine: {'line': b'      |                                                     \x1b[01;31m\x1b[K^~~~~\x1b[m\x1b[K\n'}
[1.446892] (challenge) StderrLine: {'line': b'      |                                                     \x1b[32m\x1b[Ktime\x1b[m\x1b[K\n'}
[1.449480] (challenge) StderrLine: {'line': b'\x1b[01m\x1b[K/home/jared/subbot/software-start-here/src/challenge/src/solution.cpp:31:7:\x1b[m\x1b[K \x1b[01;31m\x1b[Kerror: \x1b[m\x1b[K\xe2\x80\x98\x1b[01m\x1b[KRCLCPP_INFO\x1b[m\x1b[K\xe2\x80\x99 was not declared in this scope\n'}
[1.449672] (challenge) StderrLine: {'line': b'   31 |       \x1b[01;31m\x1b[KRCLCPP_INFO\x1b[m\x1b[K(this->get_logger(), "Moving turtle with command: \'%s\'", signal;\n'}
[1.449763] (challenge) StderrLine: {'line': b'      |       \x1b[01;31m\x1b[K^~~~~~~~~~~\x1b[m\x1b[K\n'}
[1.449839] (challenge) StderrLine: {'line': b'\x1b[01m\x1b[K/home/jared/subbot/software-start-here/src/challenge/src/solution.cpp:31:7:\x1b[m\x1b[K \x1b[01;31m\x1b[Kerror: \x1b[m\x1b[Kexpected \xe2\x80\x98\x1b[01m\x1b[K}\x1b[m\x1b[K\xe2\x80\x99 at end of input\n'}
[1.449913] (challenge) StderrLine: {'line': b'\x1b[01m\x1b[K/home/jared/subbot/software-start-here/src/challenge/src/solution.cpp:27:5:\x1b[m\x1b[K \x1b[01;36m\x1b[Knote: \x1b[m\x1b[Kto match this \xe2\x80\x98\x1b[01m\x1b[K{\x1b[m\x1b[K\xe2\x80\x99\n'}
[1.449983] (challenge) StderrLine: {'line': b'   27 |     \x1b[01;36m\x1b[K{\x1b[m\x1b[K\n'}
[1.450053] (challenge) StderrLine: {'line': b'      |     \x1b[01;36m\x1b[K^\x1b[m\x1b[K\n'}
[1.450121] (challenge) StderrLine: {'line': b'\x1b[01m\x1b[K/home/jared/subbot/software-start-here/src/challenge/src/solution.cpp:\x1b[m\x1b[K At global scope:\n'}
[1.450190] (challenge) StderrLine: {'line': b'\x1b[01m\x1b[K/home/jared/subbot/software-start-here/src/challenge/src/solution.cpp:31:7:\x1b[m\x1b[K \x1b[01;31m\x1b[Kerror: \x1b[m\x1b[Kexpected unqualified-id at end of input\n'}
[1.450273] (challenge) StderrLine: {'line': b'   31 |       \x1b[01;31m\x1b[KRCLCPP_INFO\x1b[m\x1b[K(this->get_logger(), "Moving turtle with command: \'%s\'", signal;\n'}
[1.450376] (challenge) StderrLine: {'line': b'      |       \x1b[01;31m\x1b[K^~~~~~~~~~~\x1b[m\x1b[K\n'}
[1.503506] (-) TimerEvent: {}
[1.603867] (-) TimerEvent: {}
[1.704400] (-) TimerEvent: {}
[1.804774] (-) TimerEvent: {}
[1.905180] (-) TimerEvent: {}
[2.005548] (-) TimerEvent: {}
[2.028882] (challenge) StderrLine: {'line': b'make[2]: *** [CMakeFiles/solution.dir/build.make:63: CMakeFiles/solution.dir/src/solution.cpp.o] Error 1\n'}
[2.029180] (challenge) StderrLine: {'line': b'make[1]: *** [CMakeFiles/Makefile2:78: CMakeFiles/solution.dir/all] Error 2\n'}
[2.029400] (challenge) StderrLine: {'line': b'make: *** [Makefile:141: all] Error 2\n'}
[2.031756] (challenge) CommandEnded: {'returncode': 2}
[2.032387] (challenge) JobEnded: {'identifier': 'challenge', 'rc': 2}
[2.042574] (-) EventReactorShutdown: {}
