[0.013s] Invoking command in '/home/jared/subbot/software-start-here/build/challenge': CMAKE_PREFIX_PATH=/opt/ros/foxy /usr/bin/cmake --build /home/jared/subbot/software-start-here/build/challenge -- -j8 -l8
[0.060s] [35m[1mScanning dependencies of target solution[0m
[0.088s] [ 50%] [32mBuilding CXX object CMakeFiles/solution.dir/src/solution.cpp.o[0m
[1.393s] [01m[K/home/jared/subbot/software-start-here/src/challenge/src/solution.cpp:[m[K In constructor ‘[01m[Ksolution::solution()[m[K’:
[1.393s] [01m[K/home/jared/subbot/software-start-here/src/challenge/src/solution.cpp:17:22:[m[K [01;31m[Kerror: [m[Kno matching function for call to ‘[01m[Krclcpp::Publisher<geometry_msgs::msg::Twist_<std::allocator<void> > >::Publisher()[m[K’
[1.393s]    17 |     : Node("solution"[01;31m[K)[m[K
[1.393s]       |                      [01;31m[K^[m[K
[1.394s] In file included from [01m[K/opt/ros/foxy/include/rclcpp/topic_statistics/subscription_topic_statistics.hpp:31[m[K,
[1.394s]                  from [01m[K/opt/ros/foxy/include/rclcpp/subscription.hpp:50[m[K,
[1.394s]                  from [01m[K/opt/ros/foxy/include/rclcpp/any_executable.hpp:25[m[K,
[1.394s]                  from [01m[K/opt/ros/foxy/include/rclcpp/memory_strategy.hpp:24[m[K,
[1.394s]                  from [01m[K/opt/ros/foxy/include/rclcpp/memory_strategies.hpp:18[m[K,
[1.394s]                  from [01m[K/opt/ros/foxy/include/rclcpp/executor_options.hpp:20[m[K,
[1.394s]                  from [01m[K/opt/ros/foxy/include/rclcpp/executor.hpp:33[m[K,
[1.395s]                  from [01m[K/opt/ros/foxy/include/rclcpp/executors/multi_threaded_executor.hpp:25[m[K,
[1.395s]                  from [01m[K/opt/ros/foxy/include/rclcpp/executors.hpp:21[m[K,
[1.395s]                  from [01m[K/opt/ros/foxy/include/rclcpp/rclcpp.hpp:146[m[K,
[1.395s]                  from [01m[K/home/jared/subbot/software-start-here/src/challenge/src/solution.cpp:8[m[K:
[1.395s] [01m[K/opt/ros/foxy/include/rclcpp/publisher.hpp:73:3:[m[K [01;36m[Knote: [m[Kcandidate: ‘[01m[Krclcpp::Publisher<MessageT, AllocatorT>::Publisher(rclcpp::node_interfaces::NodeBaseInterface*, const string&, const rclcpp::QoS&, const rclcpp::PublisherOptionsWithAllocator<AllocatorT>&) [with MessageT = geometry_msgs::msg::Twist_<std::allocator<void> >; AllocatorT = std::allocator<void>; std::string = std::__cxx11::basic_string<char>][m[K’
[1.395s]    73 |   [01;36m[KPublisher[m[K(
[1.395s]       |   [01;36m[K^~~~~~~~~[m[K
[1.396s] [01m[K/opt/ros/foxy/include/rclcpp/publisher.hpp:73:3:[m[K [01;36m[Knote: [m[K  candidate expects 4 arguments, 0 provided
[1.396s] [01m[K/opt/ros/foxy/include/rclcpp/publisher.hpp:51:7:[m[K [01;36m[Knote: [m[Kcandidate: ‘[01m[Krclcpp::Publisher<geometry_msgs::msg::Twist_<std::allocator<void> > >::Publisher(const rclcpp::Publisher<geometry_msgs::msg::Twist_<std::allocator<void> > >&)[m[K’
[1.396s]    51 | class [01;36m[KPublisher[m[K : public PublisherBase
[1.396s]       |       [01;36m[K^~~~~~~~~[m[K
[1.396s] [01m[K/opt/ros/foxy/include/rclcpp/publisher.hpp:51:7:[m[K [01;36m[Knote: [m[K  candidate expects 1 argument, 0 provided
[1.399s] [01m[K/home/jared/subbot/software-start-here/src/challenge/src/solution.cpp:20:92:[m[K [01;31m[Kerror: [m[Kno match for ‘[01m[Koperator=[m[K’ (operand types are ‘[01m[Krclcpp::Publisher<geometry_msgs::msg::Twist_<std::allocator<void> > >[m[K’ and ‘[01m[Kstd::shared_ptr<rclcpp::Publisher<geometry_msgs::msg::Twist_<std::allocator<void> > > >[m[K’)
[1.399s]    20 |       publisher_ = this->create_publisher<geometry_msgs::msg::Twist>("/turtle1/cmd_vel", 10[01;31m[K)[m[K;
[1.399s]       |                                                                                            [01;31m[K^[m[K
[1.399s] In file included from [01m[K/opt/ros/foxy/include/rclcpp/topic_statistics/subscription_topic_statistics.hpp:31[m[K,
[1.399s]                  from [01m[K/opt/ros/foxy/include/rclcpp/subscription.hpp:50[m[K,
[1.400s]                  from [01m[K/opt/ros/foxy/include/rclcpp/any_executable.hpp:25[m[K,
[1.400s]                  from [01m[K/opt/ros/foxy/include/rclcpp/memory_strategy.hpp:24[m[K,
[1.400s]                  from [01m[K/opt/ros/foxy/include/rclcpp/memory_strategies.hpp:18[m[K,
[1.400s]                  from [01m[K/opt/ros/foxy/include/rclcpp/executor_options.hpp:20[m[K,
[1.400s]                  from [01m[K/opt/ros/foxy/include/rclcpp/executor.hpp:33[m[K,
[1.400s]                  from [01m[K/opt/ros/foxy/include/rclcpp/executors/multi_threaded_executor.hpp:25[m[K,
[1.400s]                  from [01m[K/opt/ros/foxy/include/rclcpp/executors.hpp:21[m[K,
[1.401s]                  from [01m[K/opt/ros/foxy/include/rclcpp/rclcpp.hpp:146[m[K,
[1.401s]                  from [01m[K/home/jared/subbot/software-start-here/src/challenge/src/solution.cpp:8[m[K:
[1.401s] [01m[K/opt/ros/foxy/include/rclcpp/publisher.hpp:51:7:[m[K [01;36m[Knote: [m[Kcandidate: ‘[01m[Krclcpp::Publisher<geometry_msgs::msg::Twist_<std::allocator<void> > >& rclcpp::Publisher<geometry_msgs::msg::Twist_<std::allocator<void> > >::operator=(const rclcpp::Publisher<geometry_msgs::msg::Twist_<std::allocator<void> > >&)[m[K’ <deleted>
[1.401s]    51 | class [01;36m[KPublisher[m[K : public PublisherBase
[1.401s]       |       [01;36m[K^~~~~~~~~[m[K
[1.401s] [01m[K/opt/ros/foxy/include/rclcpp/publisher.hpp:51:7:[m[K [01;36m[Knote: [m[K  no known conversion for argument 1 from ‘[01m[Kstd::shared_ptr<rclcpp::Publisher<geometry_msgs::msg::Twist_<std::allocator<void> > > >[m[K’ to ‘[01m[Kconst rclcpp::Publisher<geometry_msgs::msg::Twist_<std::allocator<void> > >&[m[K’
[1.401s] [01m[K/home/jared/subbot/software-start-here/src/challenge/src/solution.cpp:22:9:[m[K [01;31m[Kerror: [m[Kunable to find numeric literal operator ‘[01m[Koperator""ms[m[K’
[1.402s]    22 |         [01;31m[K10ms[m[K, std::bind(&solution::sine_motion, this));
[1.402s]       |         [01;31m[K^~~~[m[K
[1.405s] [01m[K/home/jared/subbot/software-start-here/src/challenge/src/solution.cpp:23:7:[m[K [01;31m[Kerror: [m[Kexpected primary-expression before ‘[01m[K)[m[K’ token
[1.406s]    23 |       [01;31m[K)[m[K
[1.406s]       |       [01;31m[K^[m[K
[1.406s] [01m[K/home/jared/subbot/software-start-here/src/challenge/src/solution.cpp:[m[K In member function ‘[01m[Kvoid solution::sine_motion()[m[K’:
[1.406s] [01m[K/home/jared/subbot/software-start-here/src/challenge/src/solution.cpp:30:102:[m[K [01;31m[Kerror: [m[Kno match for ‘[01m[Koperator=[m[K’ (operand types are ‘[01m[Kgeometry_msgs::msg::Twist_<std::allocator<void> >[m[K’ and ‘[01m[Kstd::__cxx11::basic_string<char>[m[K’)
[1.406s]    30 |       signal = "{linear: {x: " + std::to_string(cos(time_)) + ", y: " + std::to_string(sin(time_)) + [01;31m[K", z: 0.0}, angular: {x: 0.0, y: 0.0, z: 1.8}}"[m[K;
[1.407s]       |                                                                                                      [01;31m[K^~~~~~~~~~~~~~~~~~~~~~~~~~~~~~~~~~~~~~~~~~~~~~~[m[K
[1.407s] In file included from [01m[K/opt/ros/foxy/include/geometry_msgs/msg/twist.hpp:7[m[K,
[1.407s]                  from [01m[K/home/jared/subbot/software-start-here/src/challenge/src/solution.cpp:9[m[K:
[1.407s] [01m[K/opt/ros/foxy/include/geometry_msgs/msg/detail/twist__struct.hpp:36:8:[m[K [01;36m[Knote: [m[Kcandidate: ‘[01m[Kconstexpr geometry_msgs::msg::Twist_<std::allocator<void> >& geometry_msgs::msg::Twist_<std::allocator<void> >::operator=(const geometry_msgs::msg::Twist_<std::allocator<void> >&)[m[K’
[1.407s]    36 | struct [01;36m[KTwist_[m[K
[1.407s]       |        [01;36m[K^~~~~~[m[K
[1.407s] [01m[K/opt/ros/foxy/include/geometry_msgs/msg/detail/twist__struct.hpp:36:8:[m[K [01;36m[Knote: [m[K  no known conversion for argument 1 from ‘[01m[Kstd::__cxx11::basic_string<char>[m[K’ to ‘[01m[Kconst geometry_msgs::msg::Twist_<std::allocator<void> >&[m[K’
[1.408s] [01m[K/opt/ros/foxy/include/geometry_msgs/msg/detail/twist__struct.hpp:36:8:[m[K [01;36m[Knote: [m[Kcandidate: ‘[01m[Kconstexpr geometry_msgs::msg::Twist_<std::allocator<void> >& geometry_msgs::msg::Twist_<std::allocator<void> >::operator=(geometry_msgs::msg::Twist_<std::allocator<void> >&&)[m[K’
[1.408s] [01m[K/opt/ros/foxy/include/geometry_msgs/msg/detail/twist__struct.hpp:36:8:[m[K [01;36m[Knote: [m[K  no known conversion for argument 1 from ‘[01m[Kstd::__cxx11::basic_string<char>[m[K’ to ‘[01m[Kgeometry_msgs::msg::Twist_<std::allocator<void> >&&[m[K’
[1.408s] [01m[K/home/jared/subbot/software-start-here/src/challenge/src/solution.cpp:33:17:[m[K [01;31m[Kerror: [m[Kbase operand of ‘[01m[K->[m[K’ has non-pointer type ‘[01m[Krclcpp::Publisher<geometry_msgs::msg::Twist_<std::allocator<void> > >[m[K’
[1.408s]    33 |       publisher_[01;31m[K->[m[Kpublish(signal);
[1.408s]       |                 [01;31m[K^~[m[K
[2.069s] make[2]: *** [CMakeFiles/solution.dir/build.make:63: CMakeFiles/solution.dir/src/solution.cpp.o] Error 1
[2.069s] make[1]: *** [CMakeFiles/Makefile2:78: CMakeFiles/solution.dir/all] Error 2
[2.070s] make: *** [Makefile:141: all] Error 2
[2.072s] Invoked command in '/home/jared/subbot/software-start-here/build/challenge' returned '2': CMAKE_PREFIX_PATH=/opt/ros/foxy /usr/bin/cmake --build /home/jared/subbot/software-start-here/build/challenge -- -j8 -l8
