[01m[K/home/jared/subbot/software-start-here/src/challenge/src/solution.cpp:[m[K In constructor ‘[01m[Ksolution::solution()[m[K’:
[01m[K/home/jared/subbot/software-start-here/src/challenge/src/solution.cpp:21:42:[m[K [01;31m[Kerror: [m[Kexpected ‘[01m[K)[m[K’ before ‘[01m[Kms[m[K’
   21 |       timer_ = this->create_wall_timer[34m[K([m[K10[01;31m[K [m[K[32m[Kms[m[K, std::bind(&solution::sine_motion, this));
      |                                       [34m[K~[m[K  [01;31m[K^[m[K[32m[K~~[m[K
      |                                          [32m[K)[m[K
[01m[K/home/jared/subbot/software-start-here/src/challenge/src/solution.cpp:21:86:[m[K [01;31m[Kerror: [m[Kno matching function for call to ‘[01m[Ksolution::create_wall_timer(int, std::_Bind_helper<false, void (solution::*)(), solution*>::type)[m[K’
   21 |       timer_ = this->create_wall_timer(10 ms, std::bind(&solution::sine_motion, this)[01;31m[K)[m[K;
      |                                                                                      [01;31m[K^[m[K
In file included from [01m[K/opt/ros/foxy/include/rclcpp/executors/single_threaded_executor.hpp:28[m[K,
                 from [01m[K/opt/ros/foxy/include/rclcpp/executors.hpp:22[m[K,
                 from [01m[K/opt/ros/foxy/include/rclcpp/rclcpp.hpp:146[m[K,
                 from [01m[K/home/jared/subbot/software-start-here/src/challenge/src/solution.cpp:8[m[K:
[01m[K/opt/ros/foxy/include/rclcpp/node.hpp:232:3:[m[K [01;36m[Knote: [m[Kcandidate: ‘[01m[Ktemplate<class DurationRepT, class DurationT, class CallbackT> typename rclcpp::WallTimer<CallbackT>::SharedPtr rclcpp::Node::create_wall_timer(std::chrono::duration<_Rep1, _Period1>, CallbackT, rclcpp::CallbackGroup::SharedPtr)[m[K’
  232 |   [01;36m[Kcreate_wall_timer[m[K(
      |   [01;36m[K^~~~~~~~~~~~~~~~~[m[K
[01m[K/opt/ros/foxy/include/rclcpp/node.hpp:232:3:[m[K [01;36m[Knote: [m[K  template argument deduction/substitution failed:
[01m[K/home/jared/subbot/software-start-here/src/challenge/src/solution.cpp:21:86:[m[K [01;36m[Knote: [m[K  mismatched types ‘[01m[Kstd::chrono::duration<_Rep1, _Period1>[m[K’ and ‘[01m[Kint[m[K’
   21 |       timer_ = this->create_wall_timer(10 ms, std::bind(&solution::sine_motion, this)[01;36m[K)[m[K;
      |                                                                                      [01;36m[K^[m[K
make[2]: *** [CMakeFiles/solution.dir/build.make:63: CMakeFiles/solution.dir/src/solution.cpp.o] Error 1
make[1]: *** [CMakeFiles/Makefile2:78: CMakeFiles/solution.dir/all] Error 2
make: *** [Makefile:141: all] Error 2
