[0.000000] (-) TimerEvent: {}
[0.000349] (challenge) JobQueued: {'identifier': 'challenge', 'dependencies': OrderedDict()}
[0.001266] (challenge) JobStarted: {'identifier': 'challenge'}
[0.012097] (challenge) JobProgress: {'identifier': 'challenge', 'progress': 'cmake'}
[0.013225] (challenge) JobProgress: {'identifier': 'challenge', 'progress': 'build'}
[0.014045] (challenge) Command: {'cmd': ['/usr/bin/cmake', '--build', '/home/jared/subbot/software-start-here/build/challenge', '--', '-j8', '-l8'], 'cwd': '/home/jared/subbot/software-start-here/build/challenge', 'env': OrderedDict([('LANGUAGE', 'en_CA:en'), ('USER', 'jared'), ('SSH_AGENT_PID', '1696'), ('XDG_SESSION_TYPE', 'x11'), ('SHLVL', '1'), ('LD_LIBRARY_PATH', '/usr/lib/x86_64-linux-gnu/gazebo-11/plugins:/opt/ros/foxy/opt/yaml_cpp_vendor/lib:/opt/ros/foxy/opt/rviz_ogre_vendor/lib:/opt/ros/foxy/lib/x86_64-linux-gnu:/opt/ros/foxy/lib'), ('HOME', '/home/jared'), ('OLDPWD', '/home/jared/subbot/software-start-here/src'), ('DESKTOP_SESSION', 'ubuntu'), ('ROS_PYTHON_VERSION', '3'), ('GNOME_SHELL_SESSION_MODE', 'ubuntu'), ('GTK_MODULES', 'gail:atk-bridge'), ('MANAGERPID', '1506'), ('DBUS_SESSION_BUS_ADDRESS', 'unix:path=/run/user/1000/bus'), ('COLORTERM', 'truecolor'), ('_colcon_cd_root', '/home/jared/ros2_install'), ('IM_CONFIG_PHASE', '1'), ('ROS_DISTRO', 'foxy'), ('LOGNAME', 'jared'), ('JOURNAL_STREAM', '9:45149'), ('_', '/usr/bin/colcon'), ('ROS_VERSION', '2'), ('XDG_SESSION_CLASS', 'user'), ('USERNAME', 'jared'), ('TERM', 'xterm-256color'), ('GNOME_DESKTOP_SESSION_ID', 'this-is-deprecated'), ('ROS_LOCALHOST_ONLY', '0'), ('WINDOWPATH', '2'), ('PATH', '/opt/ros/foxy/bin:/home/jared/.local/bin:/usr/local/sbin:/usr/local/bin:/usr/sbin:/usr/bin:/sbin:/bin:/usr/games:/usr/local/games:/snap/bin:/root/.gem/ruby/2.7.0/bin:/home/jared/.gem/ruby/2.7.0/bin:/home/jared/scripts'), ('SESSION_MANAGER', 'local/jubuntu:@/tmp/.ICE-unix/1739,unix/jubuntu:/tmp/.ICE-unix/1739'), ('INVOCATION_ID', 'e41a210809414c5c8b9a68304b16fc69'), ('XDG_MENU_PREFIX', 'gnome-'), ('GNOME_TERMINAL_SCREEN', '/org/gnome/Terminal/screen/903603fd_18ce_4b9a_81f1_2cf64c9671c6'), ('XDG_RUNTIME_DIR', '/run/user/1000'), ('DISPLAY', ':0'), ('LANG', 'en_US.UTF-8'), ('XDG_CURRENT_DESKTOP', 'ubuntu:GNOME'), ('XMODIFIERS', '@im=ibus'), ('XDG_SESSION_DESKTOP', 'ubuntu'), ('XAUTHORITY', '/run/user/1000/gdm/Xauthority'), ('GNOME_TERMINAL_SERVICE', ':1.124'), ('SSH_AUTH_SOCK', '/run/user/1000/keyring/ssh'), ('AMENT_PREFIX_PATH', '/opt/ros/foxy'), ('SHELL', '/bin/bash'), ('QT_ACCESSIBILITY', '1'), ('GDMSESSION', 'ubuntu'), ('GPG_AGENT_INFO', '/run/user/1000/gnupg/S.gpg-agent:0:1'), ('QT_IM_MODULE', 'ibus'), ('PWD', '/home/jared/subbot/software-start-here/build/challenge'), ('LC_ALL', 'en_US.UTF-8'), ('XDG_CONFIG_DIRS', '/etc/xdg/xdg-ubuntu:/etc/xdg'), ('XDG_DATA_DIRS', '/usr/share/ubuntu:/usr/local/share/:/usr/share/:/var/lib/snapd/desktop'), ('PYTHONPATH', '/opt/ros/foxy/lib/python3.8/site-packages'), ('COLCON', '1'), ('VTE_VERSION', '6003'), ('EDITOR', '/usr/bin/vim'), ('CMAKE_PREFIX_PATH', '/opt/ros/foxy')]), 'shell': False}
[0.061640] (challenge) StdoutLine: {'line': b'\x1b[35m\x1b[1mScanning dependencies of target solution\x1b[0m\n'}
[0.093549] (challenge) StdoutLine: {'line': b'[ 50%] \x1b[32mBuilding CXX object CMakeFiles/solution.dir/src/solution.cpp.o\x1b[0m\n'}
[0.099515] (-) TimerEvent: {}
[0.199892] (-) TimerEvent: {}
[0.300337] (-) TimerEvent: {}
[0.400691] (-) TimerEvent: {}
[0.501112] (-) TimerEvent: {}
[0.601490] (-) TimerEvent: {}
[0.701892] (-) TimerEvent: {}
[0.802250] (-) TimerEvent: {}
[0.902670] (-) TimerEvent: {}
[1.003086] (-) TimerEvent: {}
[1.103463] (-) TimerEvent: {}
[1.203819] (-) TimerEvent: {}
[1.304250] (-) TimerEvent: {}
[1.397972] (challenge) StderrLine: {'line': b'\x1b[01m\x1b[K/home/jared/subbot/software-start-here/src/challenge/src/solution.cpp:\x1b[m\x1b[K In constructor \xe2\x80\x98\x1b[01m\x1b[Ksolution::solution()\x1b[m\x1b[K\xe2\x80\x99:\n'}
[1.398197] (challenge) StderrLine: {'line': b'\x1b[01m\x1b[K/home/jared/subbot/software-start-here/src/challenge/src/solution.cpp:17:32:\x1b[m\x1b[K \x1b[01;31m\x1b[Kerror: \x1b[m\x1b[Kno matching function for call to \xe2\x80\x98\x1b[01m\x1b[Krclcpp::Publisher<geometry_msgs::msg::Twist_<std::allocator<void> > >::Publisher()\x1b[m\x1b[K\xe2\x80\x99\n'}
[1.398418] (challenge) StderrLine: {'line': b'   17 |     : Node("solution"), time_(0\x1b[01;31m\x1b[K)\x1b[m\x1b[K\n'}
[1.398506] (challenge) StderrLine: {'line': b'      |                                \x1b[01;31m\x1b[K^\x1b[m\x1b[K\n'}
[1.398571] (challenge) StderrLine: {'line': b'In file included from \x1b[01m\x1b[K/opt/ros/foxy/include/rclcpp/topic_statistics/subscription_topic_statistics.hpp:31\x1b[m\x1b[K,\n'}
[1.398664] (challenge) StderrLine: {'line': b'                 from \x1b[01m\x1b[K/opt/ros/foxy/include/rclcpp/subscription.hpp:50\x1b[m\x1b[K,\n'}
[1.398770] (challenge) StderrLine: {'line': b'                 from \x1b[01m\x1b[K/opt/ros/foxy/include/rclcpp/any_executable.hpp:25\x1b[m\x1b[K,\n'}
[1.398846] (challenge) StderrLine: {'line': b'                 from \x1b[01m\x1b[K/opt/ros/foxy/include/rclcpp/memory_strategy.hpp:24\x1b[m\x1b[K,\n'}
[1.398923] (challenge) StderrLine: {'line': b'                 from \x1b[01m\x1b[K/opt/ros/foxy/include/rclcpp/memory_strategies.hpp:18\x1b[m\x1b[K,\n'}
[1.398987] (challenge) StderrLine: {'line': b'                 from \x1b[01m\x1b[K/opt/ros/foxy/include/rclcpp/executor_options.hpp:20\x1b[m\x1b[K,\n'}
[1.399050] (challenge) StderrLine: {'line': b'                 from \x1b[01m\x1b[K/opt/ros/foxy/include/rclcpp/executor.hpp:33\x1b[m\x1b[K,\n'}
[1.399113] (challenge) StderrLine: {'line': b'                 from \x1b[01m\x1b[K/opt/ros/foxy/include/rclcpp/executors/multi_threaded_executor.hpp:25\x1b[m\x1b[K,\n'}
[1.399178] (challenge) StderrLine: {'line': b'                 from \x1b[01m\x1b[K/opt/ros/foxy/include/rclcpp/executors.hpp:21\x1b[m\x1b[K,\n'}
[1.399240] (challenge) StderrLine: {'line': b'                 from \x1b[01m\x1b[K/opt/ros/foxy/include/rclcpp/rclcpp.hpp:146\x1b[m\x1b[K,\n'}
[1.399302] (challenge) StderrLine: {'line': b'                 from \x1b[01m\x1b[K/home/jared/subbot/software-start-here/src/challenge/src/solution.cpp:8\x1b[m\x1b[K:\n'}
[1.399365] (challenge) StderrLine: {'line': b'\x1b[01m\x1b[K/opt/ros/foxy/include/rclcpp/publisher.hpp:73:3:\x1b[m\x1b[K \x1b[01;36m\x1b[Knote: \x1b[m\x1b[Kcandidate: \xe2\x80\x98\x1b[01m\x1b[Krclcpp::Publisher<MessageT, AllocatorT>::Publisher(rclcpp::node_interfaces::NodeBaseInterface*, const string&, const rclcpp::QoS&, const rclcpp::PublisherOptionsWithAllocator<AllocatorT>&) [with MessageT = geometry_msgs::msg::Twist_<std::allocator<void> >; AllocatorT = std::allocator<void>; std::string = std::__cxx11::basic_string<char>]\x1b[m\x1b[K\xe2\x80\x99\n'}
[1.399435] (challenge) StderrLine: {'line': b'   73 |   \x1b[01;36m\x1b[KPublisher\x1b[m\x1b[K(\n'}
[1.399497] (challenge) StderrLine: {'line': b'      |   \x1b[01;36m\x1b[K^~~~~~~~~\x1b[m\x1b[K\n'}
[1.399559] (challenge) StderrLine: {'line': b'\x1b[01m\x1b[K/opt/ros/foxy/include/rclcpp/publisher.hpp:73:3:\x1b[m\x1b[K \x1b[01;36m\x1b[Knote: \x1b[m\x1b[K  candidate expects 4 arguments, 0 provided\n'}
[1.399622] (challenge) StderrLine: {'line': b'\x1b[01m\x1b[K/opt/ros/foxy/include/rclcpp/publisher.hpp:51:7:\x1b[m\x1b[K \x1b[01;36m\x1b[Knote: \x1b[m\x1b[Kcandidate: \xe2\x80\x98\x1b[01m\x1b[Krclcpp::Publisher<geometry_msgs::msg::Twist_<std::allocator<void> > >::Publisher(const rclcpp::Publisher<geometry_msgs::msg::Twist_<std::allocator<void> > >&)\x1b[m\x1b[K\xe2\x80\x99\n'}
[1.399692] (challenge) StderrLine: {'line': b'   51 | class \x1b[01;36m\x1b[KPublisher\x1b[m\x1b[K : public PublisherBase\n'}
[1.399755] (challenge) StderrLine: {'line': b'      |       \x1b[01;36m\x1b[K^~~~~~~~~\x1b[m\x1b[K\n'}
[1.399817] (challenge) StderrLine: {'line': b'\x1b[01m\x1b[K/opt/ros/foxy/include/rclcpp/publisher.hpp:51:7:\x1b[m\x1b[K \x1b[01;36m\x1b[Knote: \x1b[m\x1b[K  candidate expects 1 argument, 0 provided\n'}
[1.403227] (challenge) StderrLine: {'line': b'\x1b[01m\x1b[K/home/jared/subbot/software-start-here/src/challenge/src/solution.cpp:19:92:\x1b[m\x1b[K \x1b[01;31m\x1b[Kerror: \x1b[m\x1b[Kno match for \xe2\x80\x98\x1b[01m\x1b[Koperator=\x1b[m\x1b[K\xe2\x80\x99 (operand types are \xe2\x80\x98\x1b[01m\x1b[Krclcpp::Publisher<geometry_msgs::msg::Twist_<std::allocator<void> > >\x1b[m\x1b[K\xe2\x80\x99 and \xe2\x80\x98\x1b[01m\x1b[Kstd::shared_ptr<rclcpp::Publisher<geometry_msgs::msg::Twist_<std::allocator<void> > > >\x1b[m\x1b[K\xe2\x80\x99)\n'}
[1.403405] (challenge) StderrLine: {'line': b'   19 |       publisher_ = this->create_publisher<geometry_msgs::msg::Twist>("/turtle1/cmd_vel", 10\x1b[01;31m\x1b[K)\x1b[m\x1b[K;\n'}
[1.403505] (challenge) StderrLine: {'line': b'      |                                                                                            \x1b[01;31m\x1b[K^\x1b[m\x1b[K\n'}
[1.403604] (challenge) StderrLine: {'line': b'In file included from \x1b[01m\x1b[K/opt/ros/foxy/include/rclcpp/topic_statistics/subscription_topic_statistics.hpp:31\x1b[m\x1b[K,\n'}
[1.403672] (challenge) StderrLine: {'line': b'                 from \x1b[01m\x1b[K/opt/ros/foxy/include/rclcpp/subscription.hpp:50\x1b[m\x1b[K,\n'}
[1.403742] (challenge) StderrLine: {'line': b'                 from \x1b[01m\x1b[K/opt/ros/foxy/include/rclcpp/any_executable.hpp:25\x1b[m\x1b[K,\n'}
[1.403807] (challenge) StderrLine: {'line': b'                 from \x1b[01m\x1b[K/opt/ros/foxy/include/rclcpp/memory_strategy.hpp:24\x1b[m\x1b[K,\n'}
[1.403870] (challenge) StderrLine: {'line': b'                 from \x1b[01m\x1b[K/opt/ros/foxy/include/rclcpp/memory_strategies.hpp:18\x1b[m\x1b[K,\n'}
[1.403934] (challenge) StderrLine: {'line': b'                 from \x1b[01m\x1b[K/opt/ros/foxy/include/rclcpp/executor_options.hpp:20\x1b[m\x1b[K,\n'}
[1.403997] (challenge) StderrLine: {'line': b'                 from \x1b[01m\x1b[K/opt/ros/foxy/include/rclcpp/executor.hpp:33\x1b[m\x1b[K,\n'}
[1.404066] (challenge) StderrLine: {'line': b'                 from \x1b[01m\x1b[K/opt/ros/foxy/include/rclcpp/executors/multi_threaded_executor.hpp:25\x1b[m\x1b[K,\n'}
[1.404130] (challenge) StderrLine: {'line': b'                 from \x1b[01m\x1b[K/opt/ros/foxy/include/rclcpp/executors.hpp:21\x1b[m\x1b[K,\n'}
[1.404197] (challenge) StderrLine: {'line': b'                 from \x1b[01m\x1b[K/opt/ros/foxy/include/rclcpp/rclcpp.hpp:146\x1b[m\x1b[K,\n'}
[1.404256] (-) TimerEvent: {}
[1.404351] (challenge) StderrLine: {'line': b'                 from \x1b[01m\x1b[K/home/jared/subbot/software-start-here/src/challenge/src/solution.cpp:8\x1b[m\x1b[K:\n'}
[1.404423] (challenge) StderrLine: {'line': b'\x1b[01m\x1b[K/opt/ros/foxy/include/rclcpp/publisher.hpp:51:7:\x1b[m\x1b[K \x1b[01;36m\x1b[Knote: \x1b[m\x1b[Kcandidate: \xe2\x80\x98\x1b[01m\x1b[Krclcpp::Publisher<geometry_msgs::msg::Twist_<std::allocator<void> > >& rclcpp::Publisher<geometry_msgs::msg::Twist_<std::allocator<void> > >::operator=(const rclcpp::Publisher<geometry_msgs::msg::Twist_<std::allocator<void> > >&)\x1b[m\x1b[K\xe2\x80\x99 <deleted>\n'}
[1.404494] (challenge) StderrLine: {'line': b'   51 | class \x1b[01;36m\x1b[KPublisher\x1b[m\x1b[K : public PublisherBase\n'}
[1.404558] (challenge) StderrLine: {'line': b'      |       \x1b[01;36m\x1b[K^~~~~~~~~\x1b[m\x1b[K\n'}
[1.404621] (challenge) StderrLine: {'line': b'\x1b[01m\x1b[K/opt/ros/foxy/include/rclcpp/publisher.hpp:51:7:\x1b[m\x1b[K \x1b[01;36m\x1b[Knote: \x1b[m\x1b[K  no known conversion for argument 1 from \xe2\x80\x98\x1b[01m\x1b[Kstd::shared_ptr<rclcpp::Publisher<geometry_msgs::msg::Twist_<std::allocator<void> > > >\x1b[m\x1b[K\xe2\x80\x99 to \xe2\x80\x98\x1b[01m\x1b[Kconst rclcpp::Publisher<geometry_msgs::msg::Twist_<std::allocator<void> > >&\x1b[m\x1b[K\xe2\x80\x99\n'}
[1.404692] (challenge) StderrLine: {'line': b'\x1b[01m\x1b[K/home/jared/subbot/software-start-here/src/challenge/src/solution.cpp:21:9:\x1b[m\x1b[K \x1b[01;31m\x1b[Kerror: \x1b[m\x1b[Kunable to find numeric literal operator \xe2\x80\x98\x1b[01m\x1b[Koperator""ms\x1b[m\x1b[K\xe2\x80\x99\n'}
[1.404760] (challenge) StderrLine: {'line': b'   21 |         \x1b[01;31m\x1b[K10ms\x1b[m\x1b[K, std::bind(&solution::sine_motion, this);\n'}
[1.404823] (challenge) StderrLine: {'line': b'      |         \x1b[01;31m\x1b[K^~~~\x1b[m\x1b[K\n'}
[1.409325] (challenge) StderrLine: {'line': b'\x1b[01m\x1b[K/home/jared/subbot/software-start-here/src/challenge/src/solution.cpp:21:54:\x1b[m\x1b[K \x1b[01;31m\x1b[Kerror: \x1b[m\x1b[Kexpected \xe2\x80\x98\x1b[01m\x1b[K)\x1b[m\x1b[K\xe2\x80\x99 before \xe2\x80\x98\x1b[01m\x1b[K;\x1b[m\x1b[K\xe2\x80\x99 token\n'}
[1.409512] (challenge) StderrLine: {'line': b'   21 |         10ms, std::bind(&solution::sine_motion, this)\x1b[01;31m\x1b[K;\x1b[m\x1b[K\n'}
[1.409622] (challenge) StderrLine: {'line': b'      |                                                      \x1b[01;31m\x1b[K^\x1b[m\x1b[K\n'}
[1.409720] (challenge) StderrLine: {'line': b'      |                                                      \x1b[32m\x1b[K)\x1b[m\x1b[K\n'}
[1.409806] (challenge) StderrLine: {'line': b'\x1b[01m\x1b[K/home/jared/subbot/software-start-here/src/challenge/src/solution.cpp:20:39:\x1b[m\x1b[K \x1b[01;36m\x1b[Knote: \x1b[m\x1b[Kto match this \xe2\x80\x98\x1b[01m\x1b[K(\x1b[m\x1b[K\xe2\x80\x99\n'}
[1.409933] (challenge) StderrLine: {'line': b'   20 |       timer_ = this->create_wall_timer\x1b[01;36m\x1b[K(\x1b[m\x1b[K\n'}
[1.410173] (challenge) StderrLine: {'line': b'      |                                       \x1b[01;36m\x1b[K^\x1b[m\x1b[K\n'}
[1.410265] (challenge) StderrLine: {'line': b'\x1b[01m\x1b[K/home/jared/subbot/software-start-here/src/challenge/src/solution.cpp:22:7:\x1b[m\x1b[K \x1b[01;31m\x1b[Kerror: \x1b[m\x1b[Kexpected primary-expression before \xe2\x80\x98\x1b[01m\x1b[K)\x1b[m\x1b[K\xe2\x80\x99 token\n'}
[1.410337] (challenge) StderrLine: {'line': b'   22 |       \x1b[01;31m\x1b[K)\x1b[m\x1b[K\n'}
[1.410404] (challenge) StderrLine: {'line': b'      |       \x1b[01;31m\x1b[K^\x1b[m\x1b[K\n'}
[1.410469] (challenge) StderrLine: {'line': b'\x1b[01m\x1b[K/home/jared/subbot/software-start-here/src/challenge/src/solution.cpp:\x1b[m\x1b[K In member function \xe2\x80\x98\x1b[01m\x1b[Kvoid solution::sine_motion()\x1b[m\x1b[K\xe2\x80\x99:\n'}
[1.410558] (challenge) StderrLine: {'line': b'\x1b[01m\x1b[K/home/jared/subbot/software-start-here/src/challenge/src/solution.cpp:29:102:\x1b[m\x1b[K \x1b[01;31m\x1b[Kerror: \x1b[m\x1b[Kno match for \xe2\x80\x98\x1b[01m\x1b[Koperator=\x1b[m\x1b[K\xe2\x80\x99 (operand types are \xe2\x80\x98\x1b[01m\x1b[Kgeometry_msgs::msg::Twist_<std::allocator<void> >\x1b[m\x1b[K\xe2\x80\x99 and \xe2\x80\x98\x1b[01m\x1b[Kstd::__cxx11::basic_string<char>\x1b[m\x1b[K\xe2\x80\x99)\n'}
[1.410699] (challenge) StderrLine: {'line': b'   29 |       signal = "{linear: {x: " + std::to_string(cos(time_)) + ", y: " + std::to_string(sin(time_)) + \x1b[01;31m\x1b[K", z: 0.0}, angular: {x: 0.0, y: 0.0, z: 1.8}}"\x1b[m\x1b[K;\n'}
[1.410766] (challenge) StderrLine: {'line': b'      |                                                                                                      \x1b[01;31m\x1b[K^~~~~~~~~~~~~~~~~~~~~~~~~~~~~~~~~~~~~~~~~~~~~~~\x1b[m\x1b[K\n'}
[1.410830] (challenge) StderrLine: {'line': b'In file included from \x1b[01m\x1b[K/opt/ros/foxy/include/geometry_msgs/msg/twist.hpp:7\x1b[m\x1b[K,\n'}
[1.410894] (challenge) StderrLine: {'line': b'                 from \x1b[01m\x1b[K/home/jared/subbot/software-start-here/src/challenge/src/solution.cpp:9\x1b[m\x1b[K:\n'}
[1.410966] (challenge) StderrLine: {'line': b'\x1b[01m\x1b[K/opt/ros/foxy/include/geometry_msgs/msg/detail/twist__struct.hpp:36:8:\x1b[m\x1b[K \x1b[01;36m\x1b[Knote: \x1b[m\x1b[Kcandidate: \xe2\x80\x98\x1b[01m\x1b[Kconstexpr geometry_msgs::msg::Twist_<std::allocator<void> >& geometry_msgs::msg::Twist_<std::allocator<void> >::operator=(const geometry_msgs::msg::Twist_<std::allocator<void> >&)\x1b[m\x1b[K\xe2\x80\x99\n'}
[1.411036] (challenge) StderrLine: {'line': b'   36 | struct \x1b[01;36m\x1b[KTwist_\x1b[m\x1b[K\n'}
[1.411100] (challenge) StderrLine: {'line': b'      |        \x1b[01;36m\x1b[K^~~~~~\x1b[m\x1b[K\n'}
[1.411163] (challenge) StderrLine: {'line': b'\x1b[01m\x1b[K/opt/ros/foxy/include/geometry_msgs/msg/detail/twist__struct.hpp:36:8:\x1b[m\x1b[K \x1b[01;36m\x1b[Knote: \x1b[m\x1b[K  no known conversion for argument 1 from \xe2\x80\x98\x1b[01m\x1b[Kstd::__cxx11::basic_string<char>\x1b[m\x1b[K\xe2\x80\x99 to \xe2\x80\x98\x1b[01m\x1b[Kconst geometry_msgs::msg::Twist_<std::allocator<void> >&\x1b[m\x1b[K\xe2\x80\x99\n'}
[1.411238] (challenge) StderrLine: {'line': b'\x1b[01m\x1b[K/opt/ros/foxy/include/geometry_msgs/msg/detail/twist__struct.hpp:36:8:\x1b[m\x1b[K \x1b[01;36m\x1b[Knote: \x1b[m\x1b[Kcandidate: \xe2\x80\x98\x1b[01m\x1b[Kconstexpr geometry_msgs::msg::Twist_<std::allocator<void> >& geometry_msgs::msg::Twist_<std::allocator<void> >::operator=(geometry_msgs::msg::Twist_<std::allocator<void> >&&)\x1b[m\x1b[K\xe2\x80\x99\n'}
[1.411309] (challenge) StderrLine: {'line': b'\x1b[01m\x1b[K/opt/ros/foxy/include/geometry_msgs/msg/detail/twist__struct.hpp:36:8:\x1b[m\x1b[K \x1b[01;36m\x1b[Knote: \x1b[m\x1b[K  no known conversion for argument 1 from \xe2\x80\x98\x1b[01m\x1b[Kstd::__cxx11::basic_string<char>\x1b[m\x1b[K\xe2\x80\x99 to \xe2\x80\x98\x1b[01m\x1b[Kgeometry_msgs::msg::Twist_<std::allocator<void> >&&\x1b[m\x1b[K\xe2\x80\x99\n'}
[1.411374] (challenge) StderrLine: {'line': b'\x1b[01m\x1b[K/home/jared/subbot/software-start-here/src/challenge/src/solution.cpp:32:17:\x1b[m\x1b[K \x1b[01;31m\x1b[Kerror: \x1b[m\x1b[Kbase operand of \xe2\x80\x98\x1b[01m\x1b[K->\x1b[m\x1b[K\xe2\x80\x99 has non-pointer type \xe2\x80\x98\x1b[01m\x1b[Krclcpp::Publisher<geometry_msgs::msg::Twist_<std::allocator<void> > >\x1b[m\x1b[K\xe2\x80\x99\n'}
[1.411438] (challenge) StderrLine: {'line': b'   32 |       publisher_\x1b[01;31m\x1b[K->\x1b[m\x1b[Kpublish(signal);\n'}
[1.411503] (challenge) StderrLine: {'line': b'      |                 \x1b[01;31m\x1b[K^~\x1b[m\x1b[K\n'}
[1.504439] (-) TimerEvent: {}
[1.604815] (-) TimerEvent: {}
[1.705209] (-) TimerEvent: {}
[1.805558] (-) TimerEvent: {}
[1.905919] (-) TimerEvent: {}
[2.006273] (-) TimerEvent: {}
[2.052109] (challenge) StderrLine: {'line': b'make[2]: *** [CMakeFiles/solution.dir/build.make:63: CMakeFiles/solution.dir/src/solution.cpp.o] Error 1\n'}
[2.052601] (challenge) StderrLine: {'line': b'make[1]: *** [CMakeFiles/Makefile2:78: CMakeFiles/solution.dir/all] Error 2\n'}
[2.052818] (challenge) StderrLine: {'line': b'make: *** [Makefile:141: all] Error 2\n'}
[2.055323] (challenge) CommandEnded: {'returncode': 2}
[2.055929] (challenge) JobEnded: {'identifier': 'challenge', 'rc': 2}
[2.066239] (-) EventReactorShutdown: {}
