[0.020s] Invoking command in '/home/jared/subbot/software-start-here/build/challenge': CMAKE_PREFIX_PATH=${CMAKE_PREFIX_PATH}:/opt/ros/foxy /usr/bin/cmake --build /home/jared/subbot/software-start-here/build/challenge -- -j8 -l8
[0.062s] [35m[1mScanning dependencies of target solution[0m
[0.088s] [ 50%] [32mBuilding CXX object CMakeFiles/solution.dir/src/solution.cpp.o[0m
[3.040s] [100%] [32m[1mLinking CXX executable solution[0m
[3.219s] [100%] Built target solution
[3.231s] Invoked command in '/home/jared/subbot/software-start-here/build/challenge' returned '0': CMAKE_PREFIX_PATH=${CMAKE_PREFIX_PATH}:/opt/ros/foxy /usr/bin/cmake --build /home/jared/subbot/software-start-here/build/challenge -- -j8 -l8
[3.270s] Invoking command in '/home/jared/subbot/software-start-here/build/challenge': CMAKE_PREFIX_PATH=${CMAKE_PREFIX_PATH}:/opt/ros/foxy /usr/bin/cmake --install /home/jared/subbot/software-start-here/build/challenge
[3.280s] -- Install configuration: ""
[3.280s] -- Installing: /home/jared/subbot/software-start-here/install/challenge/lib/challenge/solution
[3.282s] -- Set runtime path of "/home/jared/subbot/software-start-here/install/challenge/lib/challenge/solution" to ""
[3.282s] -- Up-to-date: /home/jared/subbot/software-start-here/install/challenge/share/ament_index/resource_index/package_run_dependencies/challenge
[3.282s] -- Up-to-date: /home/jared/subbot/software-start-here/install/challenge/share/ament_index/resource_index/parent_prefix_path/challenge
[3.282s] -- Up-to-date: /home/jared/subbot/software-start-here/install/challenge/share/challenge/environment/ament_prefix_path.sh
[3.282s] -- Up-to-date: /home/jared/subbot/software-start-here/install/challenge/share/challenge/environment/ament_prefix_path.dsv
[3.283s] -- Up-to-date: /home/jared/subbot/software-start-here/install/challenge/share/challenge/environment/path.sh
[3.283s] -- Up-to-date: /home/jared/subbot/software-start-here/install/challenge/share/challenge/environment/path.dsv
[3.283s] -- Up-to-date: /home/jared/subbot/software-start-here/install/challenge/share/challenge/local_setup.bash
[3.283s] -- Up-to-date: /home/jared/subbot/software-start-here/install/challenge/share/challenge/local_setup.sh
[3.283s] -- Up-to-date: /home/jared/subbot/software-start-here/install/challenge/share/challenge/local_setup.zsh
[3.283s] -- Up-to-date: /home/jared/subbot/software-start-here/install/challenge/share/challenge/local_setup.dsv
[3.284s] -- Installing: /home/jared/subbot/software-start-here/install/challenge/share/challenge/package.dsv
[3.284s] -- Up-to-date: /home/jared/subbot/software-start-here/install/challenge/share/ament_index/resource_index/packages/challenge
[3.284s] -- Up-to-date: /home/jared/subbot/software-start-here/install/challenge/share/challenge/cmake/challengeConfig.cmake
[3.284s] -- Up-to-date: /home/jared/subbot/software-start-here/install/challenge/share/challenge/cmake/challengeConfig-version.cmake
[3.284s] -- Up-to-date: /home/jared/subbot/software-start-here/install/challenge/share/challenge/package.xml
[3.286s] Invoked command in '/home/jared/subbot/software-start-here/build/challenge' returned '0': CMAKE_PREFIX_PATH=${CMAKE_PREFIX_PATH}:/opt/ros/foxy /usr/bin/cmake --install /home/jared/subbot/software-start-here/build/challenge
