[0.013s] Invoking command in '/home/jared/subbot/software-start-here/build/challenge': CMAKE_PREFIX_PATH=/opt/ros/foxy /usr/bin/cmake --build /home/jared/subbot/software-start-here/build/challenge -- -j8 -l8
[0.058s] [35m[1mScanning dependencies of target solution[0m
[0.088s] [ 50%] [32mBuilding CXX object CMakeFiles/solution.dir/src/solution.cpp.o[0m
[1.350s] [01m[K/home/jared/subbot/software-start-here/src/challenge/src/solution.cpp:[m[K In constructor ‘[01m[Ksolution::solution()[m[K’:
[1.350s] [01m[K/home/jared/subbot/software-start-here/src/challenge/src/solution.cpp:18:22:[m[K [01;31m[Kerror: [m[Kno matching function for call to ‘[01m[Krclcpp::Publisher<geometry_msgs::msg::Twist_<std::allocator<void> > >::Publisher()[m[K’
[1.350s]    18 |     : Node("solution"[01;31m[K)[m[K
[1.351s]       |                      [01;31m[K^[m[K
[1.351s] In file included from [01m[K/opt/ros/foxy/include/rclcpp/topic_statistics/subscription_topic_statistics.hpp:31[m[K,
[1.351s]                  from [01m[K/opt/ros/foxy/include/rclcpp/subscription.hpp:50[m[K,
[1.351s]                  from [01m[K/opt/ros/foxy/include/rclcpp/any_executable.hpp:25[m[K,
[1.351s]                  from [01m[K/opt/ros/foxy/include/rclcpp/memory_strategy.hpp:24[m[K,
[1.351s]                  from [01m[K/opt/ros/foxy/include/rclcpp/memory_strategies.hpp:18[m[K,
[1.351s]                  from [01m[K/opt/ros/foxy/include/rclcpp/executor_options.hpp:20[m[K,
[1.351s]                  from [01m[K/opt/ros/foxy/include/rclcpp/executor.hpp:33[m[K,
[1.351s]                  from [01m[K/opt/ros/foxy/include/rclcpp/executors/multi_threaded_executor.hpp:25[m[K,
[1.351s]                  from [01m[K/opt/ros/foxy/include/rclcpp/executors.hpp:21[m[K,
[1.351s]                  from [01m[K/opt/ros/foxy/include/rclcpp/rclcpp.hpp:146[m[K,
[1.351s]                  from [01m[K/home/jared/subbot/software-start-here/src/challenge/src/solution.cpp:8[m[K:
[1.351s] [01m[K/opt/ros/foxy/include/rclcpp/publisher.hpp:73:3:[m[K [01;36m[Knote: [m[Kcandidate: ‘[01m[Krclcpp::Publisher<MessageT, AllocatorT>::Publisher(rclcpp::node_interfaces::NodeBaseInterface*, const string&, const rclcpp::QoS&, const rclcpp::PublisherOptionsWithAllocator<AllocatorT>&) [with MessageT = geometry_msgs::msg::Twist_<std::allocator<void> >; AllocatorT = std::allocator<void>; std::string = std::__cxx11::basic_string<char>][m[K’
[1.351s]    73 |   [01;36m[KPublisher[m[K(
[1.352s]       |   [01;36m[K^~~~~~~~~[m[K
[1.352s] [01m[K/opt/ros/foxy/include/rclcpp/publisher.hpp:73:3:[m[K [01;36m[Knote: [m[K  candidate expects 4 arguments, 0 provided
[1.352s] [01m[K/opt/ros/foxy/include/rclcpp/publisher.hpp:51:7:[m[K [01;36m[Knote: [m[Kcandidate: ‘[01m[Krclcpp::Publisher<geometry_msgs::msg::Twist_<std::allocator<void> > >::Publisher(const rclcpp::Publisher<geometry_msgs::msg::Twist_<std::allocator<void> > >&)[m[K’
[1.352s]    51 | class [01;36m[KPublisher[m[K : public PublisherBase
[1.352s]       |       [01;36m[K^~~~~~~~~[m[K
[1.352s] [01m[K/opt/ros/foxy/include/rclcpp/publisher.hpp:51:7:[m[K [01;36m[Knote: [m[K  candidate expects 1 argument, 0 provided
[1.356s] [01m[K/home/jared/subbot/software-start-here/src/challenge/src/solution.cpp:21:83:[m[K [01;31m[Kerror: [m[Kno match for ‘[01m[Koperator=[m[K’ (operand types are ‘[01m[Krclcpp::Publisher<geometry_msgs::msg::Twist_<std::allocator<void> > >[m[K’ and ‘[01m[Kstd::shared_ptr<rclcpp::Publisher<geometry_msgs::msg::Twist_<std::allocator<void> > > >[m[K’)
[1.356s]    21 |       publisher_ = this->create_publisher<geometry_msgs::msg::Twist>("cmd_vel", 10[01;31m[K)[m[K;
[1.356s]       |                                                                                   [01;31m[K^[m[K
[1.356s] In file included from [01m[K/opt/ros/foxy/include/rclcpp/topic_statistics/subscription_topic_statistics.hpp:31[m[K,
[1.356s]                  from [01m[K/opt/ros/foxy/include/rclcpp/subscription.hpp:50[m[K,
[1.356s]                  from [01m[K/opt/ros/foxy/include/rclcpp/any_executable.hpp:25[m[K,
[1.356s]                  from [01m[K/opt/ros/foxy/include/rclcpp/memory_strategy.hpp:24[m[K,
[1.356s]                  from [01m[K/opt/ros/foxy/include/rclcpp/memory_strategies.hpp:18[m[K,
[1.356s]                  from [01m[K/opt/ros/foxy/include/rclcpp/executor_options.hpp:20[m[K,
[1.356s]                  from [01m[K/opt/ros/foxy/include/rclcpp/executor.hpp:33[m[K,
[1.356s]                  from [01m[K/opt/ros/foxy/include/rclcpp/executors/multi_threaded_executor.hpp:25[m[K,
[1.357s]                  from [01m[K/opt/ros/foxy/include/rclcpp/executors.hpp:21[m[K,
[1.357s]                  from [01m[K/opt/ros/foxy/include/rclcpp/rclcpp.hpp:146[m[K,
[1.357s]                  from [01m[K/home/jared/subbot/software-start-here/src/challenge/src/solution.cpp:8[m[K:
[1.357s] [01m[K/opt/ros/foxy/include/rclcpp/publisher.hpp:51:7:[m[K [01;36m[Knote: [m[Kcandidate: ‘[01m[Krclcpp::Publisher<geometry_msgs::msg::Twist_<std::allocator<void> > >& rclcpp::Publisher<geometry_msgs::msg::Twist_<std::allocator<void> > >::operator=(const rclcpp::Publisher<geometry_msgs::msg::Twist_<std::allocator<void> > >&)[m[K’ <deleted>
[1.357s]    51 | class [01;36m[KPublisher[m[K : public PublisherBase
[1.357s]       |       [01;36m[K^~~~~~~~~[m[K
[1.357s] [01m[K/opt/ros/foxy/include/rclcpp/publisher.hpp:51:7:[m[K [01;36m[Knote: [m[K  no known conversion for argument 1 from ‘[01m[Kstd::shared_ptr<rclcpp::Publisher<geometry_msgs::msg::Twist_<std::allocator<void> > > >[m[K’ to ‘[01m[Kconst rclcpp::Publisher<geometry_msgs::msg::Twist_<std::allocator<void> > >&[m[K’
[1.357s] [01m[K/home/jared/subbot/software-start-here/src/challenge/src/solution.cpp:23:9:[m[K [01;31m[Kerror: [m[Kunable to find numeric literal operator ‘[01m[Koperator""ms[m[K’
[1.357s]    23 |         [01;31m[K10ms[m[K, std::bind(&solution::sine_motion, this)
[1.357s]       |         [01;31m[K^~~~[m[K
[1.983s] make[2]: *** [CMakeFiles/solution.dir/build.make:63: CMakeFiles/solution.dir/src/solution.cpp.o] Error 1
[1.984s] make[1]: *** [CMakeFiles/Makefile2:78: CMakeFiles/solution.dir/all] Error 2
[1.984s] make: *** [Makefile:141: all] Error 2
[1.986s] Invoked command in '/home/jared/subbot/software-start-here/build/challenge' returned '2': CMAKE_PREFIX_PATH=/opt/ros/foxy /usr/bin/cmake --build /home/jared/subbot/software-start-here/build/challenge -- -j8 -l8
