[0.020s] Invoking command in '/home/kota6/Desktop/Subbots/software-start-here/src/build/challenge': CMAKE_PREFIX_PATH=${CMAKE_PREFIX_PATH}:/opt/ros/foxy /usr/bin/cmake /home/kota6/Desktop/Subbots/software-start-here/src/challenge -DCMAKE_INSTALL_PREFIX=/home/kota6/Desktop/Subbots/software-start-here/src/install/challenge
[0.083s] -- The C compiler identification is GNU 9.3.0
[0.147s] -- The CXX compiler identification is GNU 9.3.0
[0.153s] -- Check for working C compiler: /usr/bin/cc
[0.234s] -- Check for working C compiler: /usr/bin/cc -- works
[0.235s] -- Detecting C compiler ABI info
[0.315s] -- Detecting C compiler ABI info - done
[0.331s] -- Detecting C compile features
[0.331s] -- Detecting C compile features - done
[0.335s] -- Check for working CXX compiler: /usr/bin/c++
[0.428s] -- Check for working CXX compiler: /usr/bin/c++ -- works
[0.430s] -- Detecting CXX compiler ABI info
[0.528s] -- Detecting CXX compiler ABI info - done
[0.544s] -- Detecting CXX compile features
[0.545s] -- Detecting CXX compile features - done
[0.548s] -- Found ament_cmake: 0.9.6 (/opt/ros/foxy/share/ament_cmake/cmake)
[0.576s] -- Found PythonInterp: /usr/bin/python3 (found suitable version "3.8.5", minimum required is "3") 
[0.576s] -- Using PYTHON_EXECUTABLE: /usr/bin/python3
[0.795s] -- Found rclcpp: 2.1.0 (/opt/ros/foxy/share/rclcpp/cmake)
[0.832s] -- Using all available rosidl_typesupport_c: rosidl_typesupport_fastrtps_c;rosidl_typesupport_introspection_c
[0.839s] -- Found rosidl_adapter: 1.1.0 (/opt/ros/foxy/share/rosidl_adapter/cmake)
[0.934s] -- Found OpenSSL: /usr/lib/x86_64-linux-gnu/libcrypto.so (found version "1.1.1f")  
[0.967s] -- Found FastRTPS: /opt/ros/foxy/include  
[1.063s] -- Using all available rosidl_typesupport_cpp: rosidl_typesupport_fastrtps_cpp;rosidl_typesupport_introspection_cpp
[1.131s] -- Found rmw_implementation_cmake: 1.0.1 (/opt/ros/foxy/share/rmw_implementation_cmake/cmake)
[1.132s] -- Using RMW implementation 'rmw_fastrtps_cpp' as default
[1.134s] -- Looking for pthread.h
[1.216s] -- Looking for pthread.h - found
[1.216s] -- Performing Test CMAKE_HAVE_LIBC_PTHREAD
[1.300s] -- Performing Test CMAKE_HAVE_LIBC_PTHREAD - Failed
[1.300s] -- Looking for pthread_create in pthreads
[1.368s] -- Looking for pthread_create in pthreads - not found
[1.368s] -- Looking for pthread_create in pthread
[1.448s] -- Looking for pthread_create in pthread - found
[1.449s] -- Found Threads: TRUE  
[1.642s] -- Found geometry_msgs: 2.0.3 (/opt/ros/foxy/share/geometry_msgs/cmake)
[1.684s] -- Found ament_lint_auto: 0.9.5 (/opt/ros/foxy/share/ament_lint_auto/cmake)
[1.769s] -- Added test 'copyright' to check source files copyright and LICENSE
[1.771s] -- Added test 'cppcheck' to perform static code analysis on C / C++ code
[1.771s] -- Configured cppcheck include dirs: 
[1.771s] -- Configured cppcheck exclude dirs and/or files: 
[1.772s] -- Added test 'cpplint' to check C / C++ code against the Google style
[1.772s] -- Configured cpplint exclude dirs and/or files: 
[1.773s] -- Added test 'lint_cmake' to check CMake code style
[1.774s] -- Added test 'uncrustify' to check C / C++ code style
[1.775s] -- Configured uncrustify additional arguments: 
[1.775s] -- Added test 'xmllint' to check XML markup files
[1.779s] -- Configuring done
[1.788s] -- Generating done
[1.790s] -- Build files have been written to: /home/kota6/Desktop/Subbots/software-start-here/src/build/challenge
[1.797s] Invoked command in '/home/kota6/Desktop/Subbots/software-start-here/src/build/challenge' returned '0': CMAKE_PREFIX_PATH=${CMAKE_PREFIX_PATH}:/opt/ros/foxy /usr/bin/cmake /home/kota6/Desktop/Subbots/software-start-here/src/challenge -DCMAKE_INSTALL_PREFIX=/home/kota6/Desktop/Subbots/software-start-here/src/install/challenge
[1.801s] Invoking command in '/home/kota6/Desktop/Subbots/software-start-here/src/build/challenge': CMAKE_PREFIX_PATH=${CMAKE_PREFIX_PATH}:/opt/ros/foxy /usr/bin/cmake --build /home/kota6/Desktop/Subbots/software-start-here/src/build/challenge -- -j4 -l4
[1.853s] [35m[1mScanning dependencies of target solution[0m
[1.903s] [ 50%] [32mBuilding CXX object CMakeFiles/solution.dir/src/solution.cpp.o[0m
[5.368s] [100%] [32m[1mLinking CXX executable solution[0m
[5.575s] [100%] Built target solution
[5.589s] Invoked command in '/home/kota6/Desktop/Subbots/software-start-here/src/build/challenge' returned '0': CMAKE_PREFIX_PATH=${CMAKE_PREFIX_PATH}:/opt/ros/foxy /usr/bin/cmake --build /home/kota6/Desktop/Subbots/software-start-here/src/build/challenge -- -j4 -l4
[5.629s] Invoking command in '/home/kota6/Desktop/Subbots/software-start-here/src/build/challenge': CMAKE_PREFIX_PATH=${CMAKE_PREFIX_PATH}:/opt/ros/foxy /usr/bin/cmake --install /home/kota6/Desktop/Subbots/software-start-here/src/build/challenge
[5.639s] -- Install configuration: ""
[5.639s] -- Installing: /home/kota6/Desktop/Subbots/software-start-here/src/install/challenge/lib/solution
[5.641s] -- Set runtime path of "/home/kota6/Desktop/Subbots/software-start-here/src/install/challenge/lib/solution" to ""
[5.641s] -- Installing: /home/kota6/Desktop/Subbots/software-start-here/src/install/challenge/share/ament_index/resource_index/package_run_dependencies/challenge
[5.641s] -- Installing: /home/kota6/Desktop/Subbots/software-start-here/src/install/challenge/share/ament_index/resource_index/parent_prefix_path/challenge
[5.642s] -- Installing: /home/kota6/Desktop/Subbots/software-start-here/src/install/challenge/share/challenge/environment/ament_prefix_path.sh
[5.642s] -- Installing: /home/kota6/Desktop/Subbots/software-start-here/src/install/challenge/share/challenge/environment/ament_prefix_path.dsv
[5.642s] -- Installing: /home/kota6/Desktop/Subbots/software-start-here/src/install/challenge/share/challenge/environment/path.sh
[5.642s] -- Installing: /home/kota6/Desktop/Subbots/software-start-here/src/install/challenge/share/challenge/environment/path.dsv
[5.642s] -- Installing: /home/kota6/Desktop/Subbots/software-start-here/src/install/challenge/share/challenge/local_setup.bash
[5.643s] -- Installing: /home/kota6/Desktop/Subbots/software-start-here/src/install/challenge/share/challenge/local_setup.sh
[5.643s] -- Installing: /home/kota6/Desktop/Subbots/software-start-here/src/install/challenge/share/challenge/local_setup.zsh
[5.643s] -- Installing: /home/kota6/Desktop/Subbots/software-start-here/src/install/challenge/share/challenge/local_setup.dsv
[5.643s] -- Installing: /home/kota6/Desktop/Subbots/software-start-here/src/install/challenge/share/challenge/package.dsv
[5.644s] -- Installing: /home/kota6/Desktop/Subbots/software-start-here/src/install/challenge/share/ament_index/resource_index/packages/challenge
[5.644s] -- Installing: /home/kota6/Desktop/Subbots/software-start-here/src/install/challenge/share/challenge/cmake/challengeConfig.cmake
[5.644s] -- Installing: /home/kota6/Desktop/Subbots/software-start-here/src/install/challenge/share/challenge/cmake/challengeConfig-version.cmake
[5.644s] -- Installing: /home/kota6/Desktop/Subbots/software-start-here/src/install/challenge/share/challenge/package.xml
[5.648s] Invoked command in '/home/kota6/Desktop/Subbots/software-start-here/src/build/challenge' returned '0': CMAKE_PREFIX_PATH=${CMAKE_PREFIX_PATH}:/opt/ros/foxy /usr/bin/cmake --install /home/kota6/Desktop/Subbots/software-start-here/src/build/challenge
