[0.000000] (-) TimerEvent: {}
[0.000455] (challenge) JobQueued: {'identifier': 'challenge', 'dependencies': OrderedDict()}
[0.001371] (challenge) JobStarted: {'identifier': 'challenge'}
[0.012613] (challenge) JobProgress: {'identifier': 'challenge', 'progress': 'cmake'}
[0.014656] (challenge) JobProgress: {'identifier': 'challenge', 'progress': 'build'}
[0.014785] (challenge) Command: {'cmd': ['/usr/bin/cmake', '--build', '/home/jared/subbot/software-start-here/build/challenge', '--', '-j8', '-l8'], 'cwd': '/home/jared/subbot/software-start-here/build/challenge', 'env': OrderedDict([('LANGUAGE', 'en_CA:en'), ('USER', 'jared'), ('SSH_AGENT_PID', '1696'), ('XDG_SESSION_TYPE', 'x11'), ('SHLVL', '1'), ('LD_LIBRARY_PATH', '/usr/lib/x86_64-linux-gnu/gazebo-11/plugins:/opt/ros/foxy/opt/yaml_cpp_vendor/lib:/opt/ros/foxy/opt/rviz_ogre_vendor/lib:/opt/ros/foxy/lib/x86_64-linux-gnu:/opt/ros/foxy/lib'), ('HOME', '/home/jared'), ('OLDPWD', '/home/jared/subbot/software-start-here/src'), ('DESKTOP_SESSION', 'ubuntu'), ('ROS_PYTHON_VERSION', '3'), ('GNOME_SHELL_SESSION_MODE', 'ubuntu'), ('GTK_MODULES', 'gail:atk-bridge'), ('MANAGERPID', '1506'), ('DBUS_SESSION_BUS_ADDRESS', 'unix:path=/run/user/1000/bus'), ('COLORTERM', 'truecolor'), ('_colcon_cd_root', '/home/jared/ros2_install'), ('IM_CONFIG_PHASE', '1'), ('COLCON_PREFIX_PATH', '/home/jared/subbot/software-start-here/install'), ('ROS_DISTRO', 'foxy'), ('LOGNAME', 'jared'), ('JOURNAL_STREAM', '9:45149'), ('_', '/usr/bin/colcon'), ('ROS_VERSION', '2'), ('XDG_SESSION_CLASS', 'user'), ('USERNAME', 'jared'), ('TERM', 'xterm-256color'), ('GNOME_DESKTOP_SESSION_ID', 'this-is-deprecated'), ('ROS_LOCALHOST_ONLY', '0'), ('WINDOWPATH', '2'), ('PATH', '/opt/ros/foxy/bin:/home/jared/.local/bin:/usr/local/sbin:/usr/local/bin:/usr/sbin:/usr/bin:/sbin:/bin:/usr/games:/usr/local/games:/snap/bin:/root/.gem/ruby/2.7.0/bin:/home/jared/.gem/ruby/2.7.0/bin:/home/jared/scripts'), ('SESSION_MANAGER', 'local/jubuntu:@/tmp/.ICE-unix/1739,unix/jubuntu:/tmp/.ICE-unix/1739'), ('INVOCATION_ID', 'e41a210809414c5c8b9a68304b16fc69'), ('XDG_MENU_PREFIX', 'gnome-'), ('GNOME_TERMINAL_SCREEN', '/org/gnome/Terminal/screen/903603fd_18ce_4b9a_81f1_2cf64c9671c6'), ('XDG_RUNTIME_DIR', '/run/user/1000'), ('DISPLAY', ':0'), ('LANG', 'en_US.UTF-8'), ('XDG_CURRENT_DESKTOP', 'ubuntu:GNOME'), ('XMODIFIERS', '@im=ibus'), ('XDG_SESSION_DESKTOP', 'ubuntu'), ('XAUTHORITY', '/run/user/1000/gdm/Xauthority'), ('GNOME_TERMINAL_SERVICE', ':1.124'), ('SSH_AUTH_SOCK', '/run/user/1000/keyring/ssh'), ('AMENT_PREFIX_PATH', '/home/jared/subbot/software-start-here/install/challenge:/opt/ros/foxy'), ('SHELL', '/bin/bash'), ('QT_ACCESSIBILITY', '1'), ('GDMSESSION', 'ubuntu'), ('GPG_AGENT_INFO', '/run/user/1000/gnupg/S.gpg-agent:0:1'), ('QT_IM_MODULE', 'ibus'), ('PWD', '/home/jared/subbot/software-start-here/build/challenge'), ('LC_ALL', 'en_US.UTF-8'), ('XDG_CONFIG_DIRS', '/etc/xdg/xdg-ubuntu:/etc/xdg'), ('XDG_DATA_DIRS', '/usr/share/ubuntu:/usr/local/share/:/usr/share/:/var/lib/snapd/desktop'), ('PYTHONPATH', '/opt/ros/foxy/lib/python3.8/site-packages'), ('COLCON', '1'), ('VTE_VERSION', '6003'), ('EDITOR', '/usr/bin/vim'), ('CMAKE_PREFIX_PATH', '/home/jared/subbot/software-start-here/install/challenge:/opt/ros/foxy')]), 'shell': False}
[0.060802] (challenge) StdoutLine: {'line': b'\x1b[35m\x1b[1mScanning dependencies of target solution\x1b[0m\n'}
[0.093340] (challenge) StdoutLine: {'line': b'[ 50%] \x1b[32mBuilding CXX object CMakeFiles/solution.dir/src/solution.cpp.o\x1b[0m\n'}
[0.100003] (-) TimerEvent: {}
[0.200374] (-) TimerEvent: {}
[0.300751] (-) TimerEvent: {}
[0.401108] (-) TimerEvent: {}
[0.501488] (-) TimerEvent: {}
[0.601837] (-) TimerEvent: {}
[0.702185] (-) TimerEvent: {}
[0.802522] (-) TimerEvent: {}
[0.902904] (-) TimerEvent: {}
[1.003272] (-) TimerEvent: {}
[1.103639] (-) TimerEvent: {}
[1.203993] (-) TimerEvent: {}
[1.304375] (-) TimerEvent: {}
[1.356890] (challenge) StderrLine: {'line': b'\x1b[01m\x1b[K/home/jared/subbot/software-start-here/src/challenge/src/solution.cpp:\x1b[m\x1b[K In member function \xe2\x80\x98\x1b[01m\x1b[Kvoid solution::sine_motion()\x1b[m\x1b[K\xe2\x80\x99:\n'}
[1.357119] (challenge) StderrLine: {'line': b'\x1b[01m\x1b[K/home/jared/subbot/software-start-here/src/challenge/src/solution.cpp:30:69:\x1b[m\x1b[K \x1b[01;35m\x1b[Kwarning: \x1b[m\x1b[Koperation on \xe2\x80\x98\x1b[01m\x1b[K((solution*)this)->solution::time_\x1b[m\x1b[K\xe2\x80\x99 may be undefined [\x1b[01;35m\x1b[K-Wsequence-point\x1b[m\x1b[K]\n'}
[1.357242] (challenge) StderrLine: {'line': b'   30 |       signal.angular.z = cos(time_)/sqrt(pow(sin(time_),2)+pow(\x1b[01;35m\x1b[Ktime_++\x1b[m\x1b[K,2));\n'}
[1.357332] (challenge) StderrLine: {'line': b'      |                                                                \x1b[01;35m\x1b[K~~~~~^~\x1b[m\x1b[K\n'}
[1.404541] (-) TimerEvent: {}
[1.504909] (-) TimerEvent: {}
[1.605265] (-) TimerEvent: {}
[1.705619] (-) TimerEvent: {}
[1.805967] (-) TimerEvent: {}
[1.906322] (-) TimerEvent: {}
[2.006708] (-) TimerEvent: {}
[2.107115] (-) TimerEvent: {}
[2.207514] (-) TimerEvent: {}
[2.307907] (-) TimerEvent: {}
[2.408283] (-) TimerEvent: {}
[2.508609] (-) TimerEvent: {}
[2.608936] (-) TimerEvent: {}
[2.709275] (-) TimerEvent: {}
[2.809600] (-) TimerEvent: {}
[2.909919] (-) TimerEvent: {}
[3.010245] (-) TimerEvent: {}
[3.054688] (challenge) StdoutLine: {'line': b'[100%] \x1b[32m\x1b[1mLinking CXX executable solution\x1b[0m\n'}
[3.110390] (-) TimerEvent: {}
[3.210823] (-) TimerEvent: {}
[3.248520] (challenge) StdoutLine: {'line': b'[100%] Built target solution\n'}
[3.260531] (challenge) CommandEnded: {'returncode': 0}
[3.284842] (challenge) JobProgress: {'identifier': 'challenge', 'progress': 'install'}
[3.297619] (challenge) Command: {'cmd': ['/usr/bin/cmake', '--install', '/home/jared/subbot/software-start-here/build/challenge'], 'cwd': '/home/jared/subbot/software-start-here/build/challenge', 'env': OrderedDict([('LANGUAGE', 'en_CA:en'), ('USER', 'jared'), ('SSH_AGENT_PID', '1696'), ('XDG_SESSION_TYPE', 'x11'), ('SHLVL', '1'), ('LD_LIBRARY_PATH', '/usr/lib/x86_64-linux-gnu/gazebo-11/plugins:/opt/ros/foxy/opt/yaml_cpp_vendor/lib:/opt/ros/foxy/opt/rviz_ogre_vendor/lib:/opt/ros/foxy/lib/x86_64-linux-gnu:/opt/ros/foxy/lib'), ('HOME', '/home/jared'), ('OLDPWD', '/home/jared/subbot/software-start-here/src'), ('DESKTOP_SESSION', 'ubuntu'), ('ROS_PYTHON_VERSION', '3'), ('GNOME_SHELL_SESSION_MODE', 'ubuntu'), ('GTK_MODULES', 'gail:atk-bridge'), ('MANAGERPID', '1506'), ('DBUS_SESSION_BUS_ADDRESS', 'unix:path=/run/user/1000/bus'), ('COLORTERM', 'truecolor'), ('_colcon_cd_root', '/home/jared/ros2_install'), ('IM_CONFIG_PHASE', '1'), ('COLCON_PREFIX_PATH', '/home/jared/subbot/software-start-here/install'), ('ROS_DISTRO', 'foxy'), ('LOGNAME', 'jared'), ('JOURNAL_STREAM', '9:45149'), ('_', '/usr/bin/colcon'), ('ROS_VERSION', '2'), ('XDG_SESSION_CLASS', 'user'), ('USERNAME', 'jared'), ('TERM', 'xterm-256color'), ('GNOME_DESKTOP_SESSION_ID', 'this-is-deprecated'), ('ROS_LOCALHOST_ONLY', '0'), ('WINDOWPATH', '2'), ('PATH', '/opt/ros/foxy/bin:/home/jared/.local/bin:/usr/local/sbin:/usr/local/bin:/usr/sbin:/usr/bin:/sbin:/bin:/usr/games:/usr/local/games:/snap/bin:/root/.gem/ruby/2.7.0/bin:/home/jared/.gem/ruby/2.7.0/bin:/home/jared/scripts'), ('SESSION_MANAGER', 'local/jubuntu:@/tmp/.ICE-unix/1739,unix/jubuntu:/tmp/.ICE-unix/1739'), ('INVOCATION_ID', 'e41a210809414c5c8b9a68304b16fc69'), ('XDG_MENU_PREFIX', 'gnome-'), ('GNOME_TERMINAL_SCREEN', '/org/gnome/Terminal/screen/903603fd_18ce_4b9a_81f1_2cf64c9671c6'), ('XDG_RUNTIME_DIR', '/run/user/1000'), ('DISPLAY', ':0'), ('LANG', 'en_US.UTF-8'), ('XDG_CURRENT_DESKTOP', 'ubuntu:GNOME'), ('XMODIFIERS', '@im=ibus'), ('XDG_SESSION_DESKTOP', 'ubuntu'), ('XAUTHORITY', '/run/user/1000/gdm/Xauthority'), ('GNOME_TERMINAL_SERVICE', ':1.124'), ('SSH_AUTH_SOCK', '/run/user/1000/keyring/ssh'), ('AMENT_PREFIX_PATH', '/home/jared/subbot/software-start-here/install/challenge:/opt/ros/foxy'), ('SHELL', '/bin/bash'), ('QT_ACCESSIBILITY', '1'), ('GDMSESSION', 'ubuntu'), ('GPG_AGENT_INFO', '/run/user/1000/gnupg/S.gpg-agent:0:1'), ('QT_IM_MODULE', 'ibus'), ('PWD', '/home/jared/subbot/software-start-here/build/challenge'), ('LC_ALL', 'en_US.UTF-8'), ('XDG_CONFIG_DIRS', '/etc/xdg/xdg-ubuntu:/etc/xdg'), ('XDG_DATA_DIRS', '/usr/share/ubuntu:/usr/local/share/:/usr/share/:/var/lib/snapd/desktop'), ('PYTHONPATH', '/opt/ros/foxy/lib/python3.8/site-packages'), ('COLCON', '1'), ('VTE_VERSION', '6003'), ('EDITOR', '/usr/bin/vim'), ('CMAKE_PREFIX_PATH', '/home/jared/subbot/software-start-here/install/challenge:/opt/ros/foxy')]), 'shell': False}
[3.307142] (challenge) StdoutLine: {'line': b'-- Install configuration: ""\n'}
[3.307463] (challenge) StdoutLine: {'line': b'-- Installing: /home/jared/subbot/software-start-here/install/challenge/lib/challenge/solution\n'}
[3.308761] (challenge) StdoutLine: {'line': b'-- Set runtime path of "/home/jared/subbot/software-start-here/install/challenge/lib/challenge/solution" to ""\n'}
[3.308964] (challenge) StdoutLine: {'line': b'-- Up-to-date: /home/jared/subbot/software-start-here/install/challenge/share/ament_index/resource_index/package_run_dependencies/challenge\n'}
[3.309158] (challenge) StdoutLine: {'line': b'-- Up-to-date: /home/jared/subbot/software-start-here/install/challenge/share/ament_index/resource_index/parent_prefix_path/challenge\n'}
[3.309279] (challenge) StdoutLine: {'line': b'-- Up-to-date: /home/jared/subbot/software-start-here/install/challenge/share/challenge/environment/ament_prefix_path.sh\n'}
[3.309400] (challenge) StdoutLine: {'line': b'-- Up-to-date: /home/jared/subbot/software-start-here/install/challenge/share/challenge/environment/ament_prefix_path.dsv\n'}
[3.309498] (challenge) StdoutLine: {'line': b'-- Up-to-date: /home/jared/subbot/software-start-here/install/challenge/share/challenge/environment/path.sh\n'}
[3.309576] (challenge) StdoutLine: {'line': b'-- Up-to-date: /home/jared/subbot/software-start-here/install/challenge/share/challenge/environment/path.dsv\n'}
[3.309723] (challenge) StdoutLine: {'line': b'-- Up-to-date: /home/jared/subbot/software-start-here/install/challenge/share/challenge/local_setup.bash\n'}
[3.309817] (challenge) StdoutLine: {'line': b'-- Up-to-date: /home/jared/subbot/software-start-here/install/challenge/share/challenge/local_setup.sh\n'}
[3.309893] (challenge) StdoutLine: {'line': b'-- Up-to-date: /home/jared/subbot/software-start-here/install/challenge/share/challenge/local_setup.zsh\n'}
[3.309977] (challenge) StdoutLine: {'line': b'-- Up-to-date: /home/jared/subbot/software-start-here/install/challenge/share/challenge/local_setup.dsv\n'}
[3.310052] (challenge) StdoutLine: {'line': b'-- Installing: /home/jared/subbot/software-start-here/install/challenge/share/challenge/package.dsv\n'}
[3.310127] (challenge) StdoutLine: {'line': b'-- Up-to-date: /home/jared/subbot/software-start-here/install/challenge/share/ament_index/resource_index/packages/challenge\n'}
[3.310202] (challenge) StdoutLine: {'line': b'-- Up-to-date: /home/jared/subbot/software-start-here/install/challenge/share/challenge/cmake/challengeConfig.cmake\n'}
[3.310277] (challenge) StdoutLine: {'line': b'-- Up-to-date: /home/jared/subbot/software-start-here/install/challenge/share/challenge/cmake/challengeConfig-version.cmake\n'}
[3.310352] (challenge) StdoutLine: {'line': b'-- Up-to-date: /home/jared/subbot/software-start-here/install/challenge/share/challenge/package.xml\n'}
[3.310895] (-) TimerEvent: {}
[3.311999] (challenge) CommandEnded: {'returncode': 0}
[3.330736] (challenge) JobEnded: {'identifier': 'challenge', 'rc': 0}
[3.331616] (-) EventReactorShutdown: {}
