[0.014s] Invoking command in '/home/jared/subbot/software-start-here/build/challenge': CMAKE_PREFIX_PATH=${CMAKE_PREFIX_PATH}:/opt/ros/foxy /usr/bin/cmake --build /home/jared/subbot/software-start-here/build/challenge -- -j8 -l8
[0.062s] [35m[1mScanning dependencies of target solution[0m
[0.095s] [ 50%] [32mBuilding CXX object CMakeFiles/solution.dir/src/solution.cpp.o[0m
[3.358s] [100%] [32m[1mLinking CXX executable solution[0m
[3.569s] [100%] Built target solution
[3.582s] Invoked command in '/home/jared/subbot/software-start-here/build/challenge' returned '0': CMAKE_PREFIX_PATH=${CMAKE_PREFIX_PATH}:/opt/ros/foxy /usr/bin/cmake --build /home/jared/subbot/software-start-here/build/challenge -- -j8 -l8
[3.622s] Invoking command in '/home/jared/subbot/software-start-here/build/challenge': CMAKE_PREFIX_PATH=${CMAKE_PREFIX_PATH}:/opt/ros/foxy /usr/bin/cmake --install /home/jared/subbot/software-start-here/build/challenge
[3.632s] -- Install configuration: ""
[3.632s] -- Installing: /home/jared/subbot/software-start-here/install/challenge/lib/challenge/solution
[3.633s] -- Set runtime path of "/home/jared/subbot/software-start-here/install/challenge/lib/challenge/solution" to ""
[3.633s] -- Up-to-date: /home/jared/subbot/software-start-here/install/challenge/share/ament_index/resource_index/package_run_dependencies/challenge
[3.634s] -- Up-to-date: /home/jared/subbot/software-start-here/install/challenge/share/ament_index/resource_index/parent_prefix_path/challenge
[3.634s] -- Up-to-date: /home/jared/subbot/software-start-here/install/challenge/share/challenge/environment/ament_prefix_path.sh
[3.634s] -- Up-to-date: /home/jared/subbot/software-start-here/install/challenge/share/challenge/environment/ament_prefix_path.dsv
[3.634s] -- Up-to-date: /home/jared/subbot/software-start-here/install/challenge/share/challenge/environment/path.sh
[3.634s] -- Up-to-date: /home/jared/subbot/software-start-here/install/challenge/share/challenge/environment/path.dsv
[3.634s] -- Up-to-date: /home/jared/subbot/software-start-here/install/challenge/share/challenge/local_setup.bash
[3.634s] -- Up-to-date: /home/jared/subbot/software-start-here/install/challenge/share/challenge/local_setup.sh
[3.634s] -- Up-to-date: /home/jared/subbot/software-start-here/install/challenge/share/challenge/local_setup.zsh
[3.634s] -- Up-to-date: /home/jared/subbot/software-start-here/install/challenge/share/challenge/local_setup.dsv
[3.635s] -- Installing: /home/jared/subbot/software-start-here/install/challenge/share/challenge/package.dsv
[3.635s] -- Up-to-date: /home/jared/subbot/software-start-here/install/challenge/share/ament_index/resource_index/packages/challenge
[3.635s] -- Up-to-date: /home/jared/subbot/software-start-here/install/challenge/share/challenge/cmake/challengeConfig.cmake
[3.635s] -- Up-to-date: /home/jared/subbot/software-start-here/install/challenge/share/challenge/cmake/challengeConfig-version.cmake
[3.635s] -- Up-to-date: /home/jared/subbot/software-start-here/install/challenge/share/challenge/package.xml
[3.637s] Invoked command in '/home/jared/subbot/software-start-here/build/challenge' returned '0': CMAKE_PREFIX_PATH=${CMAKE_PREFIX_PATH}:/opt/ros/foxy /usr/bin/cmake --install /home/jared/subbot/software-start-here/build/challenge
