[0.039s] Invoking command in '/home/andrewubuntu/software-start-here/build/turtle_package': CMAKE_PREFIX_PATH=${CMAKE_PREFIX_PATH}:/opt/ros/foxy /usr/bin/cmake --build /home/andrewubuntu/software-start-here/build/turtle_package -- -j2 -l2
[0.140s] [35m[1mScanning dependencies of target turtle_sine[0m
[0.155s] [ 50%] Built target turtle_node
[0.169s] [ 75%] [32mBuilding CXX object CMakeFiles/turtle_sine.dir/src/turtle_publisher.cpp.o[0m
[6.184s] [100%] [32m[1mLinking CXX executable turtle_sine[0m
[6.554s] [100%] Built target turtle_sine
[6.584s] Invoked command in '/home/andrewubuntu/software-start-here/build/turtle_package' returned '0': CMAKE_PREFIX_PATH=${CMAKE_PREFIX_PATH}:/opt/ros/foxy /usr/bin/cmake --build /home/andrewubuntu/software-start-here/build/turtle_package -- -j2 -l2
[6.688s] Invoking command in '/home/andrewubuntu/software-start-here/build/turtle_package': CMAKE_PREFIX_PATH=${CMAKE_PREFIX_PATH}:/opt/ros/foxy /usr/bin/cmake --install /home/andrewubuntu/software-start-here/build/turtle_package
[6.707s] -- Install configuration: ""
[6.708s] -- Up-to-date: /home/andrewubuntu/software-start-here/install/turtle_package/lib/turtle_package/turtle_node
[6.708s] -- Installing: /home/andrewubuntu/software-start-here/install/turtle_package/lib/turtle_package/turtle_sine
[6.713s] -- Set runtime path of "/home/andrewubuntu/software-start-here/install/turtle_package/lib/turtle_package/turtle_sine" to ""
[6.714s] -- Up-to-date: /home/andrewubuntu/software-start-here/install/turtle_package/share/ament_index/resource_index/package_run_dependencies/turtle_package
[6.714s] -- Up-to-date: /home/andrewubuntu/software-start-here/install/turtle_package/share/ament_index/resource_index/parent_prefix_path/turtle_package
[6.714s] -- Up-to-date: /home/andrewubuntu/software-start-here/install/turtle_package/share/turtle_package/environment/ament_prefix_path.sh
[6.714s] -- Up-to-date: /home/andrewubuntu/software-start-here/install/turtle_package/share/turtle_package/environment/ament_prefix_path.dsv
[6.715s] -- Up-to-date: /home/andrewubuntu/software-start-here/install/turtle_package/share/turtle_package/environment/path.sh
[6.715s] -- Up-to-date: /home/andrewubuntu/software-start-here/install/turtle_package/share/turtle_package/environment/path.dsv
[6.715s] -- Up-to-date: /home/andrewubuntu/software-start-here/install/turtle_package/share/turtle_package/local_setup.bash
[6.715s] -- Up-to-date: /home/andrewubuntu/software-start-here/install/turtle_package/share/turtle_package/local_setup.sh
[6.715s] -- Up-to-date: /home/andrewubuntu/software-start-here/install/turtle_package/share/turtle_package/local_setup.zsh
[6.716s] -- Up-to-date: /home/andrewubuntu/software-start-here/install/turtle_package/share/turtle_package/local_setup.dsv
[6.716s] -- Installing: /home/andrewubuntu/software-start-here/install/turtle_package/share/turtle_package/package.dsv
[6.716s] -- Up-to-date: /home/andrewubuntu/software-start-here/install/turtle_package/share/ament_index/resource_index/packages/turtle_package
[6.716s] -- Up-to-date: /home/andrewubuntu/software-start-here/install/turtle_package/share/turtle_package/cmake/turtle_packageConfig.cmake
[6.716s] -- Up-to-date: /home/andrewubuntu/software-start-here/install/turtle_package/share/turtle_package/cmake/turtle_packageConfig-version.cmake
[6.717s] -- Up-to-date: /home/andrewubuntu/software-start-here/install/turtle_package/share/turtle_package/package.xml
[6.723s] Invoked command in '/home/andrewubuntu/software-start-here/build/turtle_package' returned '0': CMAKE_PREFIX_PATH=${CMAKE_PREFIX_PATH}:/opt/ros/foxy /usr/bin/cmake --install /home/andrewubuntu/software-start-here/build/turtle_package
