[01m[K/home/jared/subbot/software-start-here/src/challenge/src/solution.cpp:[m[K In constructor ‘[01m[Ksolution::solution()[m[K’:
[01m[K/home/jared/subbot/software-start-here/src/challenge/src/solution.cpp:18:22:[m[K [01;31m[Kerror: [m[Kno matching function for call to ‘[01m[Krclcpp::Publisher<geometry_msgs::msg::Twist_<std::allocator<void> > >::Publisher()[m[K’
   18 |     : Node("solution"[01;31m[K)[m[K
      |                      [01;31m[K^[m[K
In file included from [01m[K/opt/ros/foxy/include/rclcpp/topic_statistics/subscription_topic_statistics.hpp:31[m[K,
                 from [01m[K/opt/ros/foxy/include/rclcpp/subscription.hpp:50[m[K,
                 from [01m[K/opt/ros/foxy/include/rclcpp/any_executable.hpp:25[m[K,
                 from [01m[K/opt/ros/foxy/include/rclcpp/memory_strategy.hpp:24[m[K,
                 from [01m[K/opt/ros/foxy/include/rclcpp/memory_strategies.hpp:18[m[K,
                 from [01m[K/opt/ros/foxy/include/rclcpp/executor_options.hpp:20[m[K,
                 from [01m[K/opt/ros/foxy/include/rclcpp/executor.hpp:33[m[K,
                 from [01m[K/opt/ros/foxy/include/rclcpp/executors/multi_threaded_executor.hpp:25[m[K,
                 from [01m[K/opt/ros/foxy/include/rclcpp/executors.hpp:21[m[K,
                 from [01m[K/opt/ros/foxy/include/rclcpp/rclcpp.hpp:146[m[K,
                 from [01m[K/home/jared/subbot/software-start-here/src/challenge/src/solution.cpp:8[m[K:
[01m[K/opt/ros/foxy/include/rclcpp/publisher.hpp:73:3:[m[K [01;36m[Knote: [m[Kcandidate: ‘[01m[Krclcpp::Publisher<MessageT, AllocatorT>::Publisher(rclcpp::node_interfaces::NodeBaseInterface*, const string&, const rclcpp::QoS&, const rclcpp::PublisherOptionsWithAllocator<AllocatorT>&) [with MessageT = geometry_msgs::msg::Twist_<std::allocator<void> >; AllocatorT = std::allocator<void>; std::string = std::__cxx11::basic_string<char>][m[K’
   73 |   [01;36m[KPublisher[m[K(
      |   [01;36m[K^~~~~~~~~[m[K
[01m[K/opt/ros/foxy/include/rclcpp/publisher.hpp:73:3:[m[K [01;36m[Knote: [m[K  candidate expects 4 arguments, 0 provided
[01m[K/opt/ros/foxy/include/rclcpp/publisher.hpp:51:7:[m[K [01;36m[Knote: [m[Kcandidate: ‘[01m[Krclcpp::Publisher<geometry_msgs::msg::Twist_<std::allocator<void> > >::Publisher(const rclcpp::Publisher<geometry_msgs::msg::Twist_<std::allocator<void> > >&)[m[K’
   51 | class [01;36m[KPublisher[m[K : public PublisherBase
      |       [01;36m[K^~~~~~~~~[m[K
[01m[K/opt/ros/foxy/include/rclcpp/publisher.hpp:51:7:[m[K [01;36m[Knote: [m[K  candidate expects 1 argument, 0 provided
[01m[K/home/jared/subbot/software-start-here/src/challenge/src/solution.cpp:21:79:[m[K [01;31m[Kerror: [m[Kno matching function for call to ‘[01m[Ksolution::create_publisher<geometry_msgs::msg::Twist>(const char [8])[m[K’
   21 |       publisher_ = this->create_publisher<geometry_msgs::msg::Twist>("cmd_vel"[01;31m[K)[m[K;//, 10);
      |                                                                               [01;31m[K^[m[K
In file included from [01m[K/opt/ros/foxy/include/rclcpp/executors/single_threaded_executor.hpp:28[m[K,
                 from [01m[K/opt/ros/foxy/include/rclcpp/executors.hpp:22[m[K,
                 from [01m[K/opt/ros/foxy/include/rclcpp/rclcpp.hpp:146[m[K,
                 from [01m[K/home/jared/subbot/software-start-here/src/challenge/src/solution.cpp:8[m[K:
[01m[K/opt/ros/foxy/include/rclcpp/node.hpp:184:3:[m[K [01;36m[Knote: [m[Kcandidate: ‘[01m[Ktemplate<class MessageT, class AllocatorT, class PublisherT> std::shared_ptr<PublisherT> rclcpp::Node::create_publisher(const string&, const rclcpp::QoS&, const rclcpp::PublisherOptionsWithAllocator<AllocatorT>&)[m[K’
  184 |   [01;36m[Kcreate_publisher[m[K(
      |   [01;36m[K^~~~~~~~~~~~~~~~[m[K
[01m[K/opt/ros/foxy/include/rclcpp/node.hpp:184:3:[m[K [01;36m[Knote: [m[K  template argument deduction/substitution failed:
[01m[K/home/jared/subbot/software-start-here/src/challenge/src/solution.cpp:21:79:[m[K [01;36m[Knote: [m[K  candidate expects 3 arguments, 1 provided
   21 |       publisher_ = this->create_publisher<geometry_msgs::msg::Twist>("cmd_vel"[01;36m[K)[m[K;//, 10);
      |                                                                               [01;36m[K^[m[K
[01m[K/home/jared/subbot/software-start-here/src/challenge/src/solution.cpp:23:9:[m[K [01;31m[Kerror: [m[Kunable to find numeric literal operator ‘[01m[Koperator""ms[m[K’
   23 |         [01;31m[K10ms[m[K, std::bind(&solution::sine_motion, this)
      |         [01;31m[K^~~~[m[K
make[2]: *** [CMakeFiles/solution.dir/build.make:63: CMakeFiles/solution.dir/src/solution.cpp.o] Error 1
make[1]: *** [CMakeFiles/Makefile2:78: CMakeFiles/solution.dir/all] Error 2
make: *** [Makefile:141: all] Error 2
