[0.032s] Invoking command in '/home/andrewubuntu/software-start-here/build/turtle_package': CMAKE_PREFIX_PATH=${CMAKE_PREFIX_PATH}:/opt/ros/foxy /usr/bin/cmake --build /home/andrewubuntu/software-start-here/build/turtle_package -- -j2 -l2
[0.134s] [ 50%] Built target turtle_node
[0.145s] [100%] Built target turtle_sine
[0.161s] Invoked command in '/home/andrewubuntu/software-start-here/build/turtle_package' returned '0': CMAKE_PREFIX_PATH=${CMAKE_PREFIX_PATH}:/opt/ros/foxy /usr/bin/cmake --build /home/andrewubuntu/software-start-here/build/turtle_package -- -j2 -l2
[0.227s] Invoking command in '/home/andrewubuntu/software-start-here/build/turtle_package': CMAKE_PREFIX_PATH=${CMAKE_PREFIX_PATH}:/opt/ros/foxy /usr/bin/cmake --install /home/andrewubuntu/software-start-here/build/turtle_package
[0.241s] -- Install configuration: ""
[0.241s] -- Up-to-date: /home/andrewubuntu/software-start-here/install/turtle_package/lib/turtle_package/turtle_node
[0.242s] -- Up-to-date: /home/andrewubuntu/software-start-here/install/turtle_package/lib/turtle_package/turtle_sine
[0.243s] -- Up-to-date: /home/andrewubuntu/software-start-here/install/turtle_package/share/turtle_package//launch
[0.243s] -- Installing: /home/andrewubuntu/software-start-here/install/turtle_package/share/turtle_package//launch/turtle_sine_launch.py
[0.243s] -- Up-to-date: /home/andrewubuntu/software-start-here/install/turtle_package/share/ament_index/resource_index/package_run_dependencies/turtle_package
[0.244s] -- Up-to-date: /home/andrewubuntu/software-start-here/install/turtle_package/share/ament_index/resource_index/parent_prefix_path/turtle_package
[0.244s] -- Up-to-date: /home/andrewubuntu/software-start-here/install/turtle_package/share/turtle_package/environment/ament_prefix_path.sh
[0.244s] -- Up-to-date: /home/andrewubuntu/software-start-here/install/turtle_package/share/turtle_package/environment/ament_prefix_path.dsv
[0.245s] -- Up-to-date: /home/andrewubuntu/software-start-here/install/turtle_package/share/turtle_package/environment/path.sh
[0.245s] -- Up-to-date: /home/andrewubuntu/software-start-here/install/turtle_package/share/turtle_package/environment/path.dsv
[0.245s] -- Up-to-date: /home/andrewubuntu/software-start-here/install/turtle_package/share/turtle_package/local_setup.bash
[0.246s] -- Up-to-date: /home/andrewubuntu/software-start-here/install/turtle_package/share/turtle_package/local_setup.sh
[0.246s] -- Up-to-date: /home/andrewubuntu/software-start-here/install/turtle_package/share/turtle_package/local_setup.zsh
[0.247s] -- Up-to-date: /home/andrewubuntu/software-start-here/install/turtle_package/share/turtle_package/local_setup.dsv
[0.247s] -- Installing: /home/andrewubuntu/software-start-here/install/turtle_package/share/turtle_package/package.dsv
[0.247s] -- Up-to-date: /home/andrewubuntu/software-start-here/install/turtle_package/share/ament_index/resource_index/packages/turtle_package
[0.248s] -- Up-to-date: /home/andrewubuntu/software-start-here/install/turtle_package/share/turtle_package/cmake/turtle_packageConfig.cmake
[0.248s] -- Up-to-date: /home/andrewubuntu/software-start-here/install/turtle_package/share/turtle_package/cmake/turtle_packageConfig-version.cmake
[0.248s] -- Up-to-date: /home/andrewubuntu/software-start-here/install/turtle_package/share/turtle_package/package.xml
[0.253s] Invoked command in '/home/andrewubuntu/software-start-here/build/turtle_package' returned '0': CMAKE_PREFIX_PATH=${CMAKE_PREFIX_PATH}:/opt/ros/foxy /usr/bin/cmake --install /home/andrewubuntu/software-start-here/build/turtle_package
