[0.038s] Invoking command in '/home/andrewubuntu/software-start-here/build/turtle_package': CMAKE_PREFIX_PATH=${CMAKE_PREFIX_PATH}:/opt/ros/foxy /usr/bin/cmake --build /home/andrewubuntu/software-start-here/build/turtle_package -- -j2 -l2
[0.101s] [35m[1mScanning dependencies of target turtle_sine[0m
[0.121s] [ 50%] Built target turtle_node
[0.147s] [ 75%] [32mBuilding CXX object CMakeFiles/turtle_sine.dir/src/turtle_publisher.cpp.o[0m
[5.645s] [100%] [32m[1mLinking CXX executable turtle_sine[0m
[5.950s] [100%] Built target turtle_sine
[5.967s] Invoked command in '/home/andrewubuntu/software-start-here/build/turtle_package' returned '0': CMAKE_PREFIX_PATH=${CMAKE_PREFIX_PATH}:/opt/ros/foxy /usr/bin/cmake --build /home/andrewubuntu/software-start-here/build/turtle_package -- -j2 -l2
[6.036s] Invoking command in '/home/andrewubuntu/software-start-here/build/turtle_package': CMAKE_PREFIX_PATH=${CMAKE_PREFIX_PATH}:/opt/ros/foxy /usr/bin/cmake --install /home/andrewubuntu/software-start-here/build/turtle_package
[6.054s] -- Install configuration: ""
[6.055s] -- Up-to-date: /home/andrewubuntu/software-start-here/install/turtle_package/lib/turtle_package/turtle_node
[6.055s] -- Installing: /home/andrewubuntu/software-start-here/install/turtle_package/lib/turtle_package/turtle_sine
[6.057s] -- Set runtime path of "/home/andrewubuntu/software-start-here/install/turtle_package/lib/turtle_package/turtle_sine" to ""
[6.058s] -- Up-to-date: /home/andrewubuntu/software-start-here/install/turtle_package/share/turtle_package//launch
[6.058s] -- Up-to-date: /home/andrewubuntu/software-start-here/install/turtle_package/share/turtle_package//launch/turtle_sine.launch.py
[6.058s] -- Up-to-date: /home/andrewubuntu/software-start-here/install/turtle_package/share/turtle_package//launch/__pycache__
[6.059s] -- Installing: /home/andrewubuntu/software-start-here/install/turtle_package/share/turtle_package//launch/__pycache__/turtle_sine.launch.cpython-38.pyc
[6.059s] -- Up-to-date: /home/andrewubuntu/software-start-here/install/turtle_package/share/ament_index/resource_index/package_run_dependencies/turtle_package
[6.060s] -- Up-to-date: /home/andrewubuntu/software-start-here/install/turtle_package/share/ament_index/resource_index/parent_prefix_path/turtle_package
[6.060s] -- Up-to-date: /home/andrewubuntu/software-start-here/install/turtle_package/share/turtle_package/environment/ament_prefix_path.sh
[6.061s] -- Up-to-date: /home/andrewubuntu/software-start-here/install/turtle_package/share/turtle_package/environment/ament_prefix_path.dsv
[6.061s] -- Up-to-date: /home/andrewubuntu/software-start-here/install/turtle_package/share/turtle_package/environment/path.sh
[6.061s] -- Up-to-date: /home/andrewubuntu/software-start-here/install/turtle_package/share/turtle_package/environment/path.dsv
[6.061s] -- Up-to-date: /home/andrewubuntu/software-start-here/install/turtle_package/share/turtle_package/local_setup.bash
[6.061s] -- Up-to-date: /home/andrewubuntu/software-start-here/install/turtle_package/share/turtle_package/local_setup.sh
[6.061s] -- Up-to-date: /home/andrewubuntu/software-start-here/install/turtle_package/share/turtle_package/local_setup.zsh
[6.062s] -- Up-to-date: /home/andrewubuntu/software-start-here/install/turtle_package/share/turtle_package/local_setup.dsv
[6.074s] -- Installing: /home/andrewubuntu/software-start-here/install/turtle_package/share/turtle_package/package.dsv
[6.075s] -- Up-to-date: /home/andrewubuntu/software-start-here/install/turtle_package/share/ament_index/resource_index/packages/turtle_package
[6.075s] -- Up-to-date: /home/andrewubuntu/software-start-here/install/turtle_package/share/turtle_package/cmake/turtle_packageConfig.cmake
[6.075s] -- Up-to-date: /home/andrewubuntu/software-start-here/install/turtle_package/share/turtle_package/cmake/turtle_packageConfig-version.cmake
[6.076s] -- Up-to-date: /home/andrewubuntu/software-start-here/install/turtle_package/share/turtle_package/package.xml
[6.076s] Invoked command in '/home/andrewubuntu/software-start-here/build/turtle_package' returned '0': CMAKE_PREFIX_PATH=${CMAKE_PREFIX_PATH}:/opt/ros/foxy /usr/bin/cmake --install /home/andrewubuntu/software-start-here/build/turtle_package
