[0.014s] Invoking command in '/home/jared/subbot/software-start-here/build/challenge': CMAKE_PREFIX_PATH=/opt/ros/foxy /usr/bin/cmake --build /home/jared/subbot/software-start-here/build/challenge -- -j8 -l8
[0.062s] [35m[1mScanning dependencies of target solution[0m
[0.093s] [ 50%] [32mBuilding CXX object CMakeFiles/solution.dir/src/solution.cpp.o[0m
[1.348s] [01m[K/home/jared/subbot/software-start-here/src/challenge/src/solution.cpp:[m[K In constructor ‘[01m[Ksolution::solution()[m[K’:
[1.348s] [01m[K/home/jared/subbot/software-start-here/src/challenge/src/solution.cpp:17:35:[m[K [01;31m[Kerror: [m[K‘[01m[Kconst string rclcpp::Node::sub_namespace_[m[K’ is private within this context
[1.348s]    17 |     solution() : Node("solution", [01;31m[Ksub_namespace_[m[K="solution", true)
[1.348s]       |                                   [01;31m[K^~~~~~~~~~~~~~[m[K
[1.348s] In file included from [01m[K/opt/ros/foxy/include/rclcpp/executors/single_threaded_executor.hpp:28[m[K,
[1.349s]                  from [01m[K/opt/ros/foxy/include/rclcpp/executors.hpp:22[m[K,
[1.349s]                  from [01m[K/opt/ros/foxy/include/rclcpp/rclcpp.hpp:146[m[K,
[1.349s]                  from [01m[K/home/jared/subbot/software-start-here/src/challenge/src/solution.cpp:8[m[K:
[1.349s] [01m[K/opt/ros/foxy/include/rclcpp/node.hpp:1213:21:[m[K [01;36m[Knote: [m[Kdeclared private here
[1.349s]  1213 |   const std::string [01;36m[Ksub_namespace_[m[K;
[1.349s]       |                     [01;36m[K^~~~~~~~~~~~~~[m[K
[1.349s] [01m[K/home/jared/subbot/software-start-here/src/challenge/src/solution.cpp:17:50:[m[K [01;31m[Kerror: [m[Kpassing ‘[01m[Kconst string[m[K’ {aka ‘[01m[Kconst std::__cxx11::basic_string<char>[m[K’} as ‘[01m[Kthis[m[K’ argument discards qualifiers [[01;31m[K-fpermissive[m[K]
[1.349s]    17 |     solution() : Node("solution", sub_namespace_=[01;31m[K"solution"[m[K, true)
[1.350s]       |                                                  [01;31m[K^~~~~~~~~~[m[K
[1.350s] In file included from [01m[K/usr/include/c++/9/string:55[m[K,
[1.350s]                  from [01m[K/usr/include/c++/9/stdexcept:39[m[K,
[1.350s]                  from [01m[K/usr/include/c++/9/array:39[m[K,
[1.350s]                  from [01m[K/usr/include/c++/9/tuple:39[m[K,
[1.350s]                  from [01m[K/usr/include/c++/9/functional:54[m[K,
[1.351s]                  from [01m[K/home/jared/subbot/software-start-here/src/challenge/src/solution.cpp:4[m[K:
[1.351s] [01m[K/usr/include/c++/9/bits/basic_string.h:704:7:[m[K [01;36m[Knote: [m[K  in call to ‘[01m[Kstd::__cxx11::basic_string<_CharT, _Traits, _Alloc>& std::__cxx11::basic_string<_CharT, _Traits, _Alloc>::operator=(const _CharT*) [with _CharT = char; _Traits = std::char_traits<char>; _Alloc = std::allocator<char>][m[K’
[1.351s]   704 |       [01;36m[Koperator[m[K=(const _CharT* __s)
[1.351s]       |       [01;36m[K^~~~~~~~[m[K
[1.351s] [01m[K/home/jared/subbot/software-start-here/src/challenge/src/solution.cpp:17:66:[m[K [01;31m[Kerror: [m[Kno matching function for call to ‘[01m[Krclcpp::Node::Node(const char [9], std::__cxx11::basic_string<char>&, bool)[m[K’
[1.351s]    17 |     solution() : Node("solution", sub_namespace_="solution", true[01;31m[K)[m[K
[1.351s]       |                                                                  [01;31m[K^[m[K
[1.351s] In file included from [01m[K/opt/ros/foxy/include/rclcpp/executors/single_threaded_executor.hpp:28[m[K,
[1.352s]                  from [01m[K/opt/ros/foxy/include/rclcpp/executors.hpp:22[m[K,
[1.352s]                  from [01m[K/opt/ros/foxy/include/rclcpp/rclcpp.hpp:146[m[K,
[1.352s]                  from [01m[K/home/jared/subbot/software-start-here/src/challenge/src/solution.cpp:8[m[K:
[1.352s] [01m[K/opt/ros/foxy/include/rclcpp/node.hpp:1190:3:[m[K [01;36m[Knote: [m[Kcandidate: ‘[01m[Krclcpp::Node::Node(const rclcpp::Node&, const string&)[m[K’
[1.352s]  1190 |   [01;36m[KNode[m[K(
[1.352s]       |   [01;36m[K^~~~[m[K
[1.352s] [01m[K/opt/ros/foxy/include/rclcpp/node.hpp:1190:3:[m[K [01;36m[Knote: [m[K  candidate expects 2 arguments, 3 provided
[1.352s] [01m[K/opt/ros/foxy/include/rclcpp/node.hpp:98:12:[m[K [01;36m[Knote: [m[Kcandidate: ‘[01m[Krclcpp::Node::Node(const string&, const string&, const rclcpp::NodeOptions&)[m[K’
[1.353s]    98 |   explicit [01;36m[KNode[m[K(
[1.353s]       |            [01;36m[K^~~~[m[K
[1.353s] [01m[K/opt/ros/foxy/include/rclcpp/node.hpp:101:25:[m[K [01;36m[Knote: [m[K  no known conversion for argument 3 from ‘[01m[Kbool[m[K’ to ‘[01m[Kconst rclcpp::NodeOptions&[m[K’
[1.353s]   101 |     [01;36m[Kconst NodeOptions & options = NodeOptions()[m[K);
[1.353s]       |     [01;36m[K~~~~~~~~~~~~~~~~~~~~^~~~~~~~~~~~~~~~~~~~~~~[m[K
[1.353s] [01m[K/opt/ros/foxy/include/rclcpp/node.hpp:86:12:[m[K [01;36m[Knote: [m[Kcandidate: ‘[01m[Krclcpp::Node::Node(const string&, const rclcpp::NodeOptions&)[m[K’
[1.353s]    86 |   explicit [01;36m[KNode[m[K(
[1.353s]       |            [01;36m[K^~~~[m[K
[1.353s] [01m[K/opt/ros/foxy/include/rclcpp/node.hpp:86:12:[m[K [01;36m[Knote: [m[K  candidate expects 2 arguments, 3 provided
[1.354s] [01m[K/home/jared/subbot/software-start-here/src/challenge/src/solution.cpp:17:66:[m[K [01;31m[Kerror: [m[Kno matching function for call to ‘[01m[Krclcpp::Publisher<geometry_msgs::msg::Twist_<std::allocator<void> > >::Publisher()[m[K’
[1.354s]    17 |     solution() : Node("solution", sub_namespace_="solution", true[01;31m[K)[m[K
[1.354s]       |                                                                  [01;31m[K^[m[K
[1.354s] In file included from [01m[K/opt/ros/foxy/include/rclcpp/topic_statistics/subscription_topic_statistics.hpp:31[m[K,
[1.354s]                  from [01m[K/opt/ros/foxy/include/rclcpp/subscription.hpp:50[m[K,
[1.354s]                  from [01m[K/opt/ros/foxy/include/rclcpp/any_executable.hpp:25[m[K,
[1.354s]                  from [01m[K/opt/ros/foxy/include/rclcpp/memory_strategy.hpp:24[m[K,
[1.355s]                  from [01m[K/opt/ros/foxy/include/rclcpp/memory_strategies.hpp:18[m[K,
[1.355s]                  from [01m[K/opt/ros/foxy/include/rclcpp/executor_options.hpp:20[m[K,
[1.355s]                  from [01m[K/opt/ros/foxy/include/rclcpp/executor.hpp:33[m[K,
[1.355s]                  from [01m[K/opt/ros/foxy/include/rclcpp/executors/multi_threaded_executor.hpp:25[m[K,
[1.355s]                  from [01m[K/opt/ros/foxy/include/rclcpp/executors.hpp:21[m[K,
[1.355s]                  from [01m[K/opt/ros/foxy/include/rclcpp/rclcpp.hpp:146[m[K,
[1.355s]                  from [01m[K/home/jared/subbot/software-start-here/src/challenge/src/solution.cpp:8[m[K:
[1.355s] [01m[K/opt/ros/foxy/include/rclcpp/publisher.hpp:73:3:[m[K [01;36m[Knote: [m[Kcandidate: ‘[01m[Krclcpp::Publisher<MessageT, AllocatorT>::Publisher(rclcpp::node_interfaces::NodeBaseInterface*, const string&, const rclcpp::QoS&, const rclcpp::PublisherOptionsWithAllocator<AllocatorT>&) [with MessageT = geometry_msgs::msg::Twist_<std::allocator<void> >; AllocatorT = std::allocator<void>; std::string = std::__cxx11::basic_string<char>][m[K’
[1.356s]    73 |   [01;36m[KPublisher[m[K(
[1.356s]       |   [01;36m[K^~~~~~~~~[m[K
[1.356s] [01m[K/opt/ros/foxy/include/rclcpp/publisher.hpp:73:3:[m[K [01;36m[Knote: [m[K  candidate expects 4 arguments, 0 provided
[1.356s] [01m[K/opt/ros/foxy/include/rclcpp/publisher.hpp:51:7:[m[K [01;36m[Knote: [m[Kcandidate: ‘[01m[Krclcpp::Publisher<geometry_msgs::msg::Twist_<std::allocator<void> > >::Publisher(const rclcpp::Publisher<geometry_msgs::msg::Twist_<std::allocator<void> > >&)[m[K’
[1.356s]    51 | class [01;36m[KPublisher[m[K : public PublisherBase
[1.356s]       |       [01;36m[K^~~~~~~~~[m[K
[1.356s] [01m[K/opt/ros/foxy/include/rclcpp/publisher.hpp:51:7:[m[K [01;36m[Knote: [m[K  candidate expects 1 argument, 0 provided
[1.358s] [01m[K/home/jared/subbot/software-start-here/src/challenge/src/solution.cpp:20:83:[m[K [01;31m[Kerror: [m[Kno match for ‘[01m[Koperator=[m[K’ (operand types are ‘[01m[Krclcpp::Publisher<geometry_msgs::msg::Twist_<std::allocator<void> > >[m[K’ and ‘[01m[Kstd::shared_ptr<rclcpp::Publisher<geometry_msgs::msg::Twist_<std::allocator<void> > > >[m[K’)
[1.359s]    20 |       publisher_ = this->create_publisher<geometry_msgs::msg::Twist>("cmd_vel", 10[01;31m[K)[m[K;
[1.359s]       |                                                                                   [01;31m[K^[m[K
[1.359s] In file included from [01m[K/opt/ros/foxy/include/rclcpp/topic_statistics/subscription_topic_statistics.hpp:31[m[K,
[1.359s]                  from [01m[K/opt/ros/foxy/include/rclcpp/subscription.hpp:50[m[K,
[1.359s]                  from [01m[K/opt/ros/foxy/include/rclcpp/any_executable.hpp:25[m[K,
[1.359s]                  from [01m[K/opt/ros/foxy/include/rclcpp/memory_strategy.hpp:24[m[K,
[1.359s]                  from [01m[K/opt/ros/foxy/include/rclcpp/memory_strategies.hpp:18[m[K,
[1.360s]                  from [01m[K/opt/ros/foxy/include/rclcpp/executor_options.hpp:20[m[K,
[1.360s]                  from [01m[K/opt/ros/foxy/include/rclcpp/executor.hpp:33[m[K,
[1.360s]                  from [01m[K/opt/ros/foxy/include/rclcpp/executors/multi_threaded_executor.hpp:25[m[K,
[1.360s]                  from [01m[K/opt/ros/foxy/include/rclcpp/executors.hpp:21[m[K,
[1.360s]                  from [01m[K/opt/ros/foxy/include/rclcpp/rclcpp.hpp:146[m[K,
[1.360s]                  from [01m[K/home/jared/subbot/software-start-here/src/challenge/src/solution.cpp:8[m[K:
[1.360s] [01m[K/opt/ros/foxy/include/rclcpp/publisher.hpp:51:7:[m[K [01;36m[Knote: [m[Kcandidate: ‘[01m[Krclcpp::Publisher<geometry_msgs::msg::Twist_<std::allocator<void> > >& rclcpp::Publisher<geometry_msgs::msg::Twist_<std::allocator<void> > >::operator=(const rclcpp::Publisher<geometry_msgs::msg::Twist_<std::allocator<void> > >&)[m[K’ <deleted>
[1.360s]    51 | class [01;36m[KPublisher[m[K : public PublisherBase
[1.361s]       |       [01;36m[K^~~~~~~~~[m[K
[1.361s] [01m[K/opt/ros/foxy/include/rclcpp/publisher.hpp:51:7:[m[K [01;36m[Knote: [m[K  no known conversion for argument 1 from ‘[01m[Kstd::shared_ptr<rclcpp::Publisher<geometry_msgs::msg::Twist_<std::allocator<void> > > >[m[K’ to ‘[01m[Kconst rclcpp::Publisher<geometry_msgs::msg::Twist_<std::allocator<void> > >&[m[K’
[1.361s] [01m[K/home/jared/subbot/software-start-here/src/challenge/src/solution.cpp:21:40:[m[K [01;31m[Kerror: [m[Kunable to find numeric literal operator ‘[01m[Koperator""ms[m[K’
[1.361s]    21 |       timer_ = this->create_wall_timer([01;31m[K10ms[m[K, std::bind(&solution::sine_motion, this));
[1.361s]       |                                        [01;31m[K^~~~[m[K
[1.981s] make[2]: *** [CMakeFiles/solution.dir/build.make:63: CMakeFiles/solution.dir/src/solution.cpp.o] Error 1
[1.981s] make[1]: *** [CMakeFiles/Makefile2:78: CMakeFiles/solution.dir/all] Error 2
[1.981s] make: *** [Makefile:141: all] Error 2
[1.983s] Invoked command in '/home/jared/subbot/software-start-here/build/challenge' returned '2': CMAKE_PREFIX_PATH=/opt/ros/foxy /usr/bin/cmake --build /home/jared/subbot/software-start-here/build/challenge -- -j8 -l8
