[0.013s] Invoking command in '/home/jared/subbot/software-start-here/build/challenge': CMAKE_PREFIX_PATH=${CMAKE_PREFIX_PATH}:/opt/ros/foxy /usr/bin/cmake --build /home/jared/subbot/software-start-here/build/challenge -- -j8 -l8
[0.058s] [35m[1mScanning dependencies of target solution[0m
[0.085s] [ 50%] [32mBuilding CXX object CMakeFiles/solution.dir/src/solution.cpp.o[0m
[3.036s] [100%] [32m[1mLinking CXX executable solution[0m
[3.214s] [100%] Built target solution
[3.226s] Invoked command in '/home/jared/subbot/software-start-here/build/challenge' returned '0': CMAKE_PREFIX_PATH=${CMAKE_PREFIX_PATH}:/opt/ros/foxy /usr/bin/cmake --build /home/jared/subbot/software-start-here/build/challenge -- -j8 -l8
[3.262s] Invoking command in '/home/jared/subbot/software-start-here/build/challenge': CMAKE_PREFIX_PATH=${CMAKE_PREFIX_PATH}:/opt/ros/foxy /usr/bin/cmake --install /home/jared/subbot/software-start-here/build/challenge
[3.270s] -- Install configuration: ""
[3.270s] -- Installing: /home/jared/subbot/software-start-here/install/challenge/lib/challenge/solution
[3.271s] -- Set runtime path of "/home/jared/subbot/software-start-here/install/challenge/lib/challenge/solution" to ""
[3.272s] -- Up-to-date: /home/jared/subbot/software-start-here/install/challenge/share/ament_index/resource_index/package_run_dependencies/challenge
[3.272s] -- Up-to-date: /home/jared/subbot/software-start-here/install/challenge/share/ament_index/resource_index/parent_prefix_path/challenge
[3.272s] -- Up-to-date: /home/jared/subbot/software-start-here/install/challenge/share/challenge/environment/ament_prefix_path.sh
[3.272s] -- Up-to-date: /home/jared/subbot/software-start-here/install/challenge/share/challenge/environment/ament_prefix_path.dsv
[3.272s] -- Up-to-date: /home/jared/subbot/software-start-here/install/challenge/share/challenge/environment/path.sh
[3.272s] -- Up-to-date: /home/jared/subbot/software-start-here/install/challenge/share/challenge/environment/path.dsv
[3.273s] -- Up-to-date: /home/jared/subbot/software-start-here/install/challenge/share/challenge/local_setup.bash
[3.273s] -- Up-to-date: /home/jared/subbot/software-start-here/install/challenge/share/challenge/local_setup.sh
[3.273s] -- Up-to-date: /home/jared/subbot/software-start-here/install/challenge/share/challenge/local_setup.zsh
[3.273s] -- Up-to-date: /home/jared/subbot/software-start-here/install/challenge/share/challenge/local_setup.dsv
[3.273s] -- Installing: /home/jared/subbot/software-start-here/install/challenge/share/challenge/package.dsv
[3.273s] -- Up-to-date: /home/jared/subbot/software-start-here/install/challenge/share/ament_index/resource_index/packages/challenge
[3.274s] -- Up-to-date: /home/jared/subbot/software-start-here/install/challenge/share/challenge/cmake/challengeConfig.cmake
[3.275s] -- Up-to-date: /home/jared/subbot/software-start-here/install/challenge/share/challenge/cmake/challengeConfig-version.cmake
[3.275s] -- Up-to-date: /home/jared/subbot/software-start-here/install/challenge/share/challenge/package.xml
[3.276s] Invoked command in '/home/jared/subbot/software-start-here/build/challenge' returned '0': CMAKE_PREFIX_PATH=${CMAKE_PREFIX_PATH}:/opt/ros/foxy /usr/bin/cmake --install /home/jared/subbot/software-start-here/build/challenge
